mode: set
github.com/Ulbora/Six910-ui/csssrv/cssService.go:53.69,57.16 4 1
github.com/Ulbora/Six910-ui/csssrv/cssService.go:87.2,87.18 1 1
github.com/Ulbora/Six910-ui/csssrv/cssService.go:57.16,60.17 3 1
github.com/Ulbora/Six910-ui/csssrv/cssService.go:60.17,62.26 2 1
github.com/Ulbora/Six910-ui/csssrv/cssService.go:65.4,68.21 4 1
github.com/Ulbora/Six910-ui/csssrv/cssService.go:71.4,74.25 3 1
github.com/Ulbora/Six910-ui/csssrv/cssService.go:77.4,84.14 8 1
github.com/Ulbora/Six910-ui/csssrv/cssService.go:62.26,64.5 1 1
github.com/Ulbora/Six910-ui/csssrv/cssService.go:68.21,70.5 1 1
github.com/Ulbora/Six910-ui/csssrv/cssService.go:74.25,76.5 1 1
github.com/Ulbora/Six910-ui/csssrv/cssService.go:91.63,95.16 4 1
github.com/Ulbora/Six910-ui/csssrv/cssService.go:101.2,101.18 1 1
github.com/Ulbora/Six910-ui/csssrv/cssService.go:95.16,97.17 2 1
github.com/Ulbora/Six910-ui/csssrv/cssService.go:97.17,99.4 1 1
github.com/Ulbora/Six910-ui/csssrv/cssService.go:105.56,108.16 3 1
github.com/Ulbora/Six910-ui/csssrv/cssService.go:126.2,126.12 1 1
github.com/Ulbora/Six910-ui/csssrv/cssService.go:108.16,112.17 4 1
github.com/Ulbora/Six910-ui/csssrv/cssService.go:112.17,124.4 11 1
github.com/Ulbora/Six910-ui/csssrv/service.go:43.48,45.2 1 1
