mode: set
github.com/Ulbora/Six910-ui/csssrv/cssService.go:43.69,47.16 4 1
github.com/Ulbora/Six910-ui/csssrv/cssService.go:61.2,61.18 1 1
github.com/Ulbora/Six910-ui/csssrv/cssService.go:47.16,50.17 3 1
github.com/Ulbora/Six910-ui/csssrv/cssService.go:50.17,59.4 8 1
github.com/Ulbora/Six910-ui/csssrv/cssService.go:65.63,69.16 4 1
github.com/Ulbora/Six910-ui/csssrv/cssService.go:75.2,75.18 1 1
github.com/Ulbora/Six910-ui/csssrv/cssService.go:69.16,71.17 2 1
github.com/Ulbora/Six910-ui/csssrv/cssService.go:71.17,73.4 1 1
github.com/Ulbora/Six910-ui/csssrv/cssService.go:79.56,82.16 3 1
github.com/Ulbora/Six910-ui/csssrv/cssService.go:94.2,94.12 1 1
github.com/Ulbora/Six910-ui/csssrv/cssService.go:82.16,86.17 4 1
github.com/Ulbora/Six910-ui/csssrv/cssService.go:86.17,92.4 5 1
github.com/Ulbora/Six910-ui/csssrv/service.go:43.48,45.2 1 1
