mode: set
github.com/Ulbora/Six910-ui/handlers/adminProductHandler.go:37.90,40.9 3 1
github.com/Ulbora/Six910-ui/handlers/adminProductHandler.go:40.9,41.32 1 1
github.com/Ulbora/Six910-ui/handlers/adminProductHandler.go:41.32,46.4 4 1
github.com/Ulbora/Six910-ui/handlers/adminProductHandler.go:46.9,48.4 1 1
github.com/Ulbora/Six910-ui/handlers/adminProductHandler.go:53.86,56.9 3 1
github.com/Ulbora/Six910-ui/handlers/adminProductHandler.go:56.9,57.32 1 1
github.com/Ulbora/Six910-ui/handlers/adminProductHandler.go:57.32,63.21 6 1
github.com/Ulbora/Six910-ui/handlers/adminProductHandler.go:63.21,65.5 1 1
github.com/Ulbora/Six910-ui/handlers/adminProductHandler.go:65.10,67.5 1 1
github.com/Ulbora/Six910-ui/handlers/adminProductHandler.go:68.9,70.4 1 1
github.com/Ulbora/Six910-ui/handlers/adminProductHandler.go:75.91,78.9 3 1
github.com/Ulbora/Six910-ui/handlers/adminProductHandler.go:78.9,79.32 1 1
github.com/Ulbora/Six910-ui/handlers/adminProductHandler.go:79.32,92.4 12 1
github.com/Ulbora/Six910-ui/handlers/adminProductHandler.go:92.9,94.4 1 1
github.com/Ulbora/Six910-ui/handlers/adminProductHandler.go:99.87,102.9 3 1
github.com/Ulbora/Six910-ui/handlers/adminProductHandler.go:102.9,103.32 1 1
github.com/Ulbora/Six910-ui/handlers/adminProductHandler.go:103.32,109.19 6 1
github.com/Ulbora/Six910-ui/handlers/adminProductHandler.go:109.19,111.5 1 1
github.com/Ulbora/Six910-ui/handlers/adminProductHandler.go:111.10,113.5 1 1
github.com/Ulbora/Six910-ui/handlers/adminProductHandler.go:114.9,116.4 1 1
github.com/Ulbora/Six910-ui/handlers/adminProductHandler.go:121.91,124.9 3 1
github.com/Ulbora/Six910-ui/handlers/adminProductHandler.go:124.9,125.32 1 1
github.com/Ulbora/Six910-ui/handlers/adminProductHandler.go:125.32,139.4 13 1
github.com/Ulbora/Six910-ui/handlers/adminProductHandler.go:139.9,141.4 1 1
github.com/Ulbora/Six910-ui/handlers/adminProductHandler.go:146.89,149.9 3 1
github.com/Ulbora/Six910-ui/handlers/adminProductHandler.go:149.9,150.32 1 1
github.com/Ulbora/Six910-ui/handlers/adminProductHandler.go:150.32,157.19 7 1
github.com/Ulbora/Six910-ui/handlers/adminProductHandler.go:157.19,159.5 1 1
github.com/Ulbora/Six910-ui/handlers/adminProductHandler.go:159.10,161.5 1 1
github.com/Ulbora/Six910-ui/handlers/adminProductHandler.go:162.9,164.4 1 1
github.com/Ulbora/Six910-ui/handlers/adminProductHandler.go:168.71,238.2 68 1
github.com/Ulbora/Six910-ui/handlers/adminRegionHandler.go:36.89,39.9 3 1
github.com/Ulbora/Six910-ui/handlers/adminRegionHandler.go:39.9,40.35 1 1
github.com/Ulbora/Six910-ui/handlers/adminRegionHandler.go:40.35,45.4 4 1
github.com/Ulbora/Six910-ui/handlers/adminRegionHandler.go:45.9,47.4 1 1
github.com/Ulbora/Six910-ui/handlers/adminRegionHandler.go:52.85,55.9 3 1
github.com/Ulbora/Six910-ui/handlers/adminRegionHandler.go:55.9,56.36 1 1
github.com/Ulbora/Six910-ui/handlers/adminRegionHandler.go:56.36,62.21 6 1
github.com/Ulbora/Six910-ui/handlers/adminRegionHandler.go:62.21,64.5 1 1
github.com/Ulbora/Six910-ui/handlers/adminRegionHandler.go:64.10,66.5 1 1
github.com/Ulbora/Six910-ui/handlers/adminRegionHandler.go:67.9,69.4 1 1
github.com/Ulbora/Six910-ui/handlers/adminRegionHandler.go:74.90,77.9 3 1
github.com/Ulbora/Six910-ui/handlers/adminRegionHandler.go:77.9,78.35 1 1
github.com/Ulbora/Six910-ui/handlers/adminRegionHandler.go:78.35,89.4 10 1
github.com/Ulbora/Six910-ui/handlers/adminRegionHandler.go:89.9,91.4 1 1
github.com/Ulbora/Six910-ui/handlers/adminRegionHandler.go:96.86,99.9 3 1
github.com/Ulbora/Six910-ui/handlers/adminRegionHandler.go:99.9,100.35 1 1
github.com/Ulbora/Six910-ui/handlers/adminRegionHandler.go:100.35,106.19 6 1
github.com/Ulbora/Six910-ui/handlers/adminRegionHandler.go:106.19,108.5 1 1
github.com/Ulbora/Six910-ui/handlers/adminRegionHandler.go:108.10,110.5 1 1
github.com/Ulbora/Six910-ui/handlers/adminRegionHandler.go:111.9,113.4 1 1
github.com/Ulbora/Six910-ui/handlers/adminRegionHandler.go:118.90,121.9 3 1
github.com/Ulbora/Six910-ui/handlers/adminRegionHandler.go:121.9,122.36 1 1
github.com/Ulbora/Six910-ui/handlers/adminRegionHandler.go:122.36,127.4 4 1
github.com/Ulbora/Six910-ui/handlers/adminRegionHandler.go:127.9,129.4 1 1
github.com/Ulbora/Six910-ui/handlers/adminRegionHandler.go:134.88,137.9 3 1
github.com/Ulbora/Six910-ui/handlers/adminRegionHandler.go:137.9,138.35 1 1
github.com/Ulbora/Six910-ui/handlers/adminRegionHandler.go:138.35,145.19 7 1
github.com/Ulbora/Six910-ui/handlers/adminRegionHandler.go:145.19,147.5 1 1
github.com/Ulbora/Six910-ui/handlers/adminRegionHandler.go:147.10,149.5 1 1
github.com/Ulbora/Six910-ui/handlers/adminRegionHandler.go:150.9,152.4 1 1
github.com/Ulbora/Six910-ui/handlers/adminRegionHandler.go:156.69,166.2 8 1
github.com/Ulbora/Six910-ui/handlers/adminShippingMethodHandler.go:36.97,39.9 3 1
github.com/Ulbora/Six910-ui/handlers/adminShippingMethodHandler.go:39.9,40.35 1 1
github.com/Ulbora/Six910-ui/handlers/adminShippingMethodHandler.go:40.35,45.4 4 1
github.com/Ulbora/Six910-ui/handlers/adminShippingMethodHandler.go:45.9,47.4 1 1
github.com/Ulbora/Six910-ui/handlers/adminShippingMethodHandler.go:52.93,55.9 3 1
github.com/Ulbora/Six910-ui/handlers/adminShippingMethodHandler.go:55.9,56.36 1 1
github.com/Ulbora/Six910-ui/handlers/adminShippingMethodHandler.go:56.36,62.23 6 1
github.com/Ulbora/Six910-ui/handlers/adminShippingMethodHandler.go:62.23,64.5 1 1
github.com/Ulbora/Six910-ui/handlers/adminShippingMethodHandler.go:64.10,66.5 1 1
github.com/Ulbora/Six910-ui/handlers/adminShippingMethodHandler.go:67.9,69.4 1 1
github.com/Ulbora/Six910-ui/handlers/adminShippingMethodHandler.go:74.98,77.9 3 1
github.com/Ulbora/Six910-ui/handlers/adminShippingMethodHandler.go:77.9,78.35 1 1
github.com/Ulbora/Six910-ui/handlers/adminShippingMethodHandler.go:78.35,89.4 10 1
github.com/Ulbora/Six910-ui/handlers/adminShippingMethodHandler.go:89.9,91.4 1 1
github.com/Ulbora/Six910-ui/handlers/adminShippingMethodHandler.go:96.94,99.9 3 1
github.com/Ulbora/Six910-ui/handlers/adminShippingMethodHandler.go:99.9,100.36 1 1
github.com/Ulbora/Six910-ui/handlers/adminShippingMethodHandler.go:100.36,106.19 6 1
github.com/Ulbora/Six910-ui/handlers/adminShippingMethodHandler.go:106.19,108.5 1 1
github.com/Ulbora/Six910-ui/handlers/adminShippingMethodHandler.go:108.10,110.5 1 1
github.com/Ulbora/Six910-ui/handlers/adminShippingMethodHandler.go:111.9,113.4 1 1
github.com/Ulbora/Six910-ui/handlers/adminShippingMethodHandler.go:118.98,121.9 3 1
github.com/Ulbora/Six910-ui/handlers/adminShippingMethodHandler.go:121.9,122.36 1 1
github.com/Ulbora/Six910-ui/handlers/adminShippingMethodHandler.go:122.36,127.4 4 1
github.com/Ulbora/Six910-ui/handlers/adminShippingMethodHandler.go:127.9,129.4 1 1
github.com/Ulbora/Six910-ui/handlers/adminShippingMethodHandler.go:134.96,137.9 3 1
github.com/Ulbora/Six910-ui/handlers/adminShippingMethodHandler.go:137.9,138.35 1 1
github.com/Ulbora/Six910-ui/handlers/adminShippingMethodHandler.go:138.35,145.19 7 1
github.com/Ulbora/Six910-ui/handlers/adminShippingMethodHandler.go:145.19,147.5 1 1
github.com/Ulbora/Six910-ui/handlers/adminShippingMethodHandler.go:147.10,149.5 1 1
github.com/Ulbora/Six910-ui/handlers/adminShippingMethodHandler.go:150.9,152.4 1 1
github.com/Ulbora/Six910-ui/handlers/adminShippingMethodHandler.go:156.85,181.2 23 1
github.com/Ulbora/Six910-ui/handlers/adminZipZoneHandler.go:41.90,44.9 3 1
github.com/Ulbora/Six910-ui/handlers/adminZipZoneHandler.go:44.9,45.38 1 1
github.com/Ulbora/Six910-ui/handlers/adminZipZoneHandler.go:45.38,61.55 14 1
github.com/Ulbora/Six910-ui/handlers/adminZipZoneHandler.go:67.4,68.58 2 1
github.com/Ulbora/Six910-ui/handlers/adminZipZoneHandler.go:74.4,76.69 2 1
github.com/Ulbora/Six910-ui/handlers/adminZipZoneHandler.go:61.55,65.5 3 1
github.com/Ulbora/Six910-ui/handlers/adminZipZoneHandler.go:68.58,72.5 3 1
github.com/Ulbora/Six910-ui/handlers/adminZipZoneHandler.go:77.9,79.4 1 1
github.com/Ulbora/Six910-ui/handlers/adminZipZoneHandler.go:84.86,87.9 3 1
github.com/Ulbora/Six910-ui/handlers/adminZipZoneHandler.go:87.9,88.38 1 1
github.com/Ulbora/Six910-ui/handlers/adminZipZoneHandler.go:88.38,95.23 7 1
github.com/Ulbora/Six910-ui/handlers/adminZipZoneHandler.go:95.23,97.5 1 1
github.com/Ulbora/Six910-ui/handlers/adminZipZoneHandler.go:97.10,99.5 1 1
github.com/Ulbora/Six910-ui/handlers/adminZipZoneHandler.go:100.9,102.4 1 1
github.com/Ulbora/Six910-ui/handlers/adminZipZoneHandler.go:107.91,110.9 3 1
github.com/Ulbora/Six910-ui/handlers/adminZipZoneHandler.go:110.9,111.38 1 1
github.com/Ulbora/Six910-ui/handlers/adminZipZoneHandler.go:111.38,124.18 10 1
github.com/Ulbora/Six910-ui/handlers/adminZipZoneHandler.go:131.4,132.67 2 1
github.com/Ulbora/Six910-ui/handlers/adminZipZoneHandler.go:124.18,127.5 2 1
github.com/Ulbora/Six910-ui/handlers/adminZipZoneHandler.go:127.10,127.25 1 1
github.com/Ulbora/Six910-ui/handlers/adminZipZoneHandler.go:127.25,130.5 2 1
github.com/Ulbora/Six910-ui/handlers/adminZipZoneHandler.go:133.9,135.4 1 1
github.com/Ulbora/Six910-ui/handlers/adminZipZoneHandler.go:140.89,143.9 3 1
github.com/Ulbora/Six910-ui/handlers/adminZipZoneHandler.go:143.9,144.36 1 1
github.com/Ulbora/Six910-ui/handlers/adminZipZoneHandler.go:144.36,165.19 16 1
github.com/Ulbora/Six910-ui/handlers/adminZipZoneHandler.go:165.19,167.5 1 1
github.com/Ulbora/Six910-ui/handlers/adminZipZoneHandler.go:167.10,169.5 1 1
github.com/Ulbora/Six910-ui/handlers/adminZipZoneHandler.go:170.9,172.4 1 1
github.com/Ulbora/Six910-ui/handlers/adminZipZoneHandler.go:176.81,192.2 11 1
github.com/Ulbora/Six910-ui/handlers/adminIndexHandler.go:26.81,29.9 3 1
github.com/Ulbora/Six910-ui/handlers/adminIndexHandler.go:29.9,34.32 1 1
github.com/Ulbora/Six910-ui/handlers/adminIndexHandler.go:34.32,36.4 1 1
github.com/Ulbora/Six910-ui/handlers/adminIndexHandler.go:36.9,38.4 1 1
github.com/Ulbora/Six910-ui/handlers/adminLoginHandler.go:33.81,34.22 1 1
github.com/Ulbora/Six910-ui/handlers/adminLoginHandler.go:34.22,40.3 5 1
github.com/Ulbora/Six910-ui/handlers/adminLoginHandler.go:40.8,42.3 1 1
github.com/Ulbora/Six910-ui/handlers/adminLoginHandler.go:46.93,49.9 3 1
github.com/Ulbora/Six910-ui/handlers/adminLoginHandler.go:49.9,69.80 14 1
github.com/Ulbora/Six910-ui/handlers/adminLoginHandler.go:77.3,78.15 2 1
github.com/Ulbora/Six910-ui/handlers/adminLoginHandler.go:69.80,76.4 5 1
github.com/Ulbora/Six910-ui/handlers/adminLoginHandler.go:78.15,98.4 4 1
github.com/Ulbora/Six910-ui/handlers/adminLoginHandler.go:98.9,100.4 1 1
github.com/Ulbora/Six910-ui/handlers/adminLoginHandler.go:102.8,104.3 1 1
github.com/Ulbora/Six910-ui/handlers/adminLoginHandler.go:108.90,111.9 3 1
github.com/Ulbora/Six910-ui/handlers/adminLoginHandler.go:111.9,116.32 1 1
github.com/Ulbora/Six910-ui/handlers/adminLoginHandler.go:116.32,118.4 1 1
github.com/Ulbora/Six910-ui/handlers/adminLoginHandler.go:118.9,120.4 1 1
github.com/Ulbora/Six910-ui/handlers/adminLoginHandler.go:125.94,127.9 2 1
github.com/Ulbora/Six910-ui/handlers/adminLoginHandler.go:127.9,133.100 5 1
github.com/Ulbora/Six910-ui/handlers/adminLoginHandler.go:133.100,135.4 1 1
github.com/Ulbora/Six910-ui/handlers/adminLoginHandler.go:135.9,154.19 15 1
github.com/Ulbora/Six910-ui/handlers/adminLoginHandler.go:154.19,156.5 1 1
github.com/Ulbora/Six910-ui/handlers/adminLoginHandler.go:156.10,158.5 1 1
github.com/Ulbora/Six910-ui/handlers/adminLoginHandler.go:164.82,182.2 6 1
github.com/Ulbora/Six910-ui/handlers/adminLoginHandler.go:185.87,190.42 4 1
github.com/Ulbora/Six910-ui/handlers/adminLoginHandler.go:190.42,206.44 11 1
github.com/Ulbora/Six910-ui/handlers/adminLoginHandler.go:206.44,209.11 2 1
github.com/Ulbora/Six910-ui/handlers/adminLoginHandler.go:209.11,219.5 7 1
github.com/Ulbora/Six910-ui/handlers/adminLoginHandler.go:224.80,227.22 3 1
github.com/Ulbora/Six910-ui/handlers/adminLoginHandler.go:245.2,245.13 1 1
github.com/Ulbora/Six910-ui/handlers/adminLoginHandler.go:227.22,229.3 1 1
github.com/Ulbora/Six910-ui/handlers/adminLoginHandler.go:229.8,243.3 11 1
github.com/Ulbora/Six910-ui/handlers/adminLoginHandler.go:248.79,251.18 3 1
github.com/Ulbora/Six910-ui/handlers/adminLoginHandler.go:256.2,257.19 2 1
github.com/Ulbora/Six910-ui/handlers/adminLoginHandler.go:251.18,253.3 1 1
github.com/Ulbora/Six910-ui/handlers/adminLoginHandler.go:253.8,255.3 1 1
github.com/Ulbora/Six910-ui/handlers/adminOrderHandler.go:39.89,42.9 3 1
github.com/Ulbora/Six910-ui/handlers/adminOrderHandler.go:42.9,43.32 1 1
github.com/Ulbora/Six910-ui/handlers/adminOrderHandler.go:43.32,60.4 16 1
github.com/Ulbora/Six910-ui/handlers/adminOrderHandler.go:60.9,62.4 1 1
github.com/Ulbora/Six910-ui/handlers/adminOrderHandler.go:67.85,70.9 3 1
github.com/Ulbora/Six910-ui/handlers/adminOrderHandler.go:70.9,71.32 1 1
github.com/Ulbora/Six910-ui/handlers/adminOrderHandler.go:71.32,77.13 6 1
github.com/Ulbora/Six910-ui/handlers/adminOrderHandler.go:81.4,82.19 2 1
github.com/Ulbora/Six910-ui/handlers/adminOrderHandler.go:77.13,80.5 2 1
github.com/Ulbora/Six910-ui/handlers/adminOrderHandler.go:82.19,84.5 1 1
github.com/Ulbora/Six910-ui/handlers/adminOrderHandler.go:84.10,86.5 1 1
github.com/Ulbora/Six910-ui/handlers/adminOrderHandler.go:87.9,89.4 1 1
github.com/Ulbora/Six910-ui/handlers/adminOrderHandler.go:94.89,97.9 3 1
github.com/Ulbora/Six910-ui/handlers/adminOrderHandler.go:97.9,98.32 1 1
github.com/Ulbora/Six910-ui/handlers/adminOrderHandler.go:98.32,103.20 5 1
github.com/Ulbora/Six910-ui/handlers/adminOrderHandler.go:108.4,113.68 6 1
github.com/Ulbora/Six910-ui/handlers/adminOrderHandler.go:103.20,105.5 1 1
github.com/Ulbora/Six910-ui/handlers/adminOrderHandler.go:105.10,107.5 1 1
github.com/Ulbora/Six910-ui/handlers/adminOrderHandler.go:114.9,116.4 1 1
github.com/Ulbora/Six910-ui/handlers/adminOrderHandler.go:120.67,156.2 34 1
github.com/Ulbora/Six910-ui/handlers/adminOrderHandler.go:158.89,162.15 4 1
github.com/Ulbora/Six910-ui/handlers/adminOrderHandler.go:169.2,169.18 1 1
github.com/Ulbora/Six910-ui/handlers/adminOrderHandler.go:162.15,168.3 5 1
github.com/Ulbora/Six910-ui/handlers/adminProductFileUploadHandler.go:36.97,39.9 3 1
github.com/Ulbora/Six910-ui/handlers/adminProductFileUploadHandler.go:39.9,44.32 1 1
github.com/Ulbora/Six910-ui/handlers/adminProductFileUploadHandler.go:44.32,46.4 1 1
github.com/Ulbora/Six910-ui/handlers/adminProductFileUploadHandler.go:46.9,48.4 1 1
github.com/Ulbora/Six910-ui/handlers/adminProductFileUploadHandler.go:53.93,56.9 3 1
github.com/Ulbora/Six910-ui/handlers/adminProductFileUploadHandler.go:56.9,62.32 1 1
github.com/Ulbora/Six910-ui/handlers/adminProductFileUploadHandler.go:62.32,68.19 4 1
github.com/Ulbora/Six910-ui/handlers/adminProductFileUploadHandler.go:71.4,88.11 10 1
github.com/Ulbora/Six910-ui/handlers/adminProductFileUploadHandler.go:68.19,70.5 1 1
github.com/Ulbora/Six910-ui/handlers/adminProductFileUploadHandler.go:88.11,92.5 3 1
github.com/Ulbora/Six910-ui/handlers/adminProductFileUploadHandler.go:92.10,95.5 2 1
github.com/Ulbora/Six910-ui/handlers/adminProductFileUploadHandler.go:96.9,98.4 1 1
github.com/Ulbora/Six910-ui/handlers/adminProductFileUploadHandler.go:102.57,107.18 5 1
github.com/Ulbora/Six910-ui/handlers/adminProductFileUploadHandler.go:114.2,115.12 2 1
github.com/Ulbora/Six910-ui/handlers/adminProductFileUploadHandler.go:107.18,109.3 1 1
github.com/Ulbora/Six910-ui/handlers/adminProductFileUploadHandler.go:109.8,113.3 3 1
github.com/Ulbora/Six910-ui/handlers/customerProductHandler.go:29.81,32.9 3 1
github.com/Ulbora/Six910-ui/handlers/customerProductHandler.go:32.9,40.18 8 1
github.com/Ulbora/Six910-ui/handlers/customerProductHandler.go:43.3,50.12 7 1
github.com/Ulbora/Six910-ui/handlers/customerProductHandler.go:53.3,54.68 2 1
github.com/Ulbora/Six910-ui/handlers/customerProductHandler.go:40.18,42.4 1 1
github.com/Ulbora/Six910-ui/handlers/customerProductHandler.go:50.12,52.4 1 1
github.com/Ulbora/Six910-ui/handlers/customerProductHandler.go:59.83,62.9 3 1
github.com/Ulbora/Six910-ui/handlers/customerProductHandler.go:62.9,70.19 7 1
github.com/Ulbora/Six910-ui/handlers/customerProductHandler.go:73.3,80.12 7 1
github.com/Ulbora/Six910-ui/handlers/customerProductHandler.go:83.3,84.69 2 1
github.com/Ulbora/Six910-ui/handlers/customerProductHandler.go:70.19,72.4 1 1
github.com/Ulbora/Six910-ui/handlers/customerProductHandler.go:80.12,82.4 1 1
github.com/Ulbora/Six910-ui/handlers/customerProductHandler.go:89.77,92.9 3 1
github.com/Ulbora/Six910-ui/handlers/customerProductHandler.go:92.9,104.12 10 1
github.com/Ulbora/Six910-ui/handlers/customerProductHandler.go:107.3,108.64 2 1
github.com/Ulbora/Six910-ui/handlers/customerProductHandler.go:104.12,106.4 1 1
github.com/Ulbora/Six910-ui/handlers/adminCustomerHandler.go:38.92,41.9 3 1
github.com/Ulbora/Six910-ui/handlers/adminCustomerHandler.go:41.9,42.35 1 1
github.com/Ulbora/Six910-ui/handlers/adminCustomerHandler.go:42.35,55.4 12 1
github.com/Ulbora/Six910-ui/handlers/adminCustomerHandler.go:55.9,57.4 1 1
github.com/Ulbora/Six910-ui/handlers/adminCustomerHandler.go:62.88,65.9 3 1
github.com/Ulbora/Six910-ui/handlers/adminCustomerHandler.go:65.9,66.34 1 1
github.com/Ulbora/Six910-ui/handlers/adminCustomerHandler.go:66.34,72.21 6 1
github.com/Ulbora/Six910-ui/handlers/adminCustomerHandler.go:72.21,74.5 1 1
github.com/Ulbora/Six910-ui/handlers/adminCustomerHandler.go:74.10,76.5 1 1
github.com/Ulbora/Six910-ui/handlers/adminCustomerHandler.go:77.9,79.4 1 1
github.com/Ulbora/Six910-ui/handlers/adminCustomerHandler.go:84.96,87.9 3 1
github.com/Ulbora/Six910-ui/handlers/adminCustomerHandler.go:87.9,88.36 1 1
github.com/Ulbora/Six910-ui/handlers/adminCustomerHandler.go:88.36,98.30 10 1
github.com/Ulbora/Six910-ui/handlers/adminCustomerHandler.go:98.30,105.5 6 1
github.com/Ulbora/Six910-ui/handlers/adminCustomerHandler.go:105.10,107.5 1 1
github.com/Ulbora/Six910-ui/handlers/adminCustomerHandler.go:108.9,110.4 1 1
github.com/Ulbora/Six910-ui/handlers/adminCustomerHandler.go:115.92,118.9 3 1
github.com/Ulbora/Six910-ui/handlers/adminCustomerHandler.go:118.9,119.35 1 1
github.com/Ulbora/Six910-ui/handlers/adminCustomerHandler.go:119.35,125.22 6 1
github.com/Ulbora/Six910-ui/handlers/adminCustomerHandler.go:125.22,127.5 1 1
github.com/Ulbora/Six910-ui/handlers/adminCustomerHandler.go:127.10,129.5 1 1
github.com/Ulbora/Six910-ui/handlers/adminCustomerHandler.go:130.9,132.4 1 1
github.com/Ulbora/Six910-ui/handlers/adminCustomerHandler.go:137.92,140.9 3 1
github.com/Ulbora/Six910-ui/handlers/adminCustomerHandler.go:140.9,141.35 1 1
github.com/Ulbora/Six910-ui/handlers/adminCustomerHandler.go:141.35,146.4 4 1
github.com/Ulbora/Six910-ui/handlers/adminCustomerHandler.go:146.9,148.4 1 1
github.com/Ulbora/Six910-ui/handlers/adminCustomerHandler.go:152.73,169.2 16 1
github.com/Ulbora/Six910-ui/handlers/adminCustomerHandler.go:171.72,184.2 12 1
github.com/Ulbora/Six910-ui/handlers/adminStorePluginHandler.go:37.94,40.9 3 1
github.com/Ulbora/Six910-ui/handlers/adminStorePluginHandler.go:40.9,41.36 1 1
github.com/Ulbora/Six910-ui/handlers/adminStorePluginHandler.go:41.36,46.4 4 1
github.com/Ulbora/Six910-ui/handlers/adminStorePluginHandler.go:46.9,48.4 1 1
github.com/Ulbora/Six910-ui/handlers/adminStorePluginHandler.go:53.90,56.9 3 1
github.com/Ulbora/Six910-ui/handlers/adminStorePluginHandler.go:56.9,57.38 1 1
github.com/Ulbora/Six910-ui/handlers/adminStorePluginHandler.go:57.38,63.23 6 1
github.com/Ulbora/Six910-ui/handlers/adminStorePluginHandler.go:63.23,65.5 1 1
github.com/Ulbora/Six910-ui/handlers/adminStorePluginHandler.go:65.10,67.5 1 1
github.com/Ulbora/Six910-ui/handlers/adminStorePluginHandler.go:68.9,70.4 1 1
github.com/Ulbora/Six910-ui/handlers/adminStorePluginHandler.go:75.95,78.9 3 1
github.com/Ulbora/Six910-ui/handlers/adminStorePluginHandler.go:78.9,79.36 1 1
github.com/Ulbora/Six910-ui/handlers/adminStorePluginHandler.go:79.36,90.4 10 1
github.com/Ulbora/Six910-ui/handlers/adminStorePluginHandler.go:90.9,92.4 1 1
github.com/Ulbora/Six910-ui/handlers/adminStorePluginHandler.go:97.91,100.9 3 1
github.com/Ulbora/Six910-ui/handlers/adminStorePluginHandler.go:100.9,101.37 1 1
github.com/Ulbora/Six910-ui/handlers/adminStorePluginHandler.go:101.37,107.19 6 1
github.com/Ulbora/Six910-ui/handlers/adminStorePluginHandler.go:107.19,109.5 1 1
github.com/Ulbora/Six910-ui/handlers/adminStorePluginHandler.go:109.10,111.5 1 1
github.com/Ulbora/Six910-ui/handlers/adminStorePluginHandler.go:112.9,114.4 1 1
github.com/Ulbora/Six910-ui/handlers/adminStorePluginHandler.go:119.95,122.9 3 1
github.com/Ulbora/Six910-ui/handlers/adminStorePluginHandler.go:122.9,123.37 1 1
github.com/Ulbora/Six910-ui/handlers/adminStorePluginHandler.go:123.37,128.4 4 1
github.com/Ulbora/Six910-ui/handlers/adminStorePluginHandler.go:128.9,130.4 1 1
github.com/Ulbora/Six910-ui/handlers/adminStorePluginHandler.go:135.93,138.9 3 1
github.com/Ulbora/Six910-ui/handlers/adminStorePluginHandler.go:138.9,139.36 1 1
github.com/Ulbora/Six910-ui/handlers/adminStorePluginHandler.go:139.36,146.19 7 1
github.com/Ulbora/Six910-ui/handlers/adminStorePluginHandler.go:146.19,148.5 1 1
github.com/Ulbora/Six910-ui/handlers/adminStorePluginHandler.go:148.10,150.5 1 1
github.com/Ulbora/Six910-ui/handlers/adminStorePluginHandler.go:151.9,153.4 1 1
github.com/Ulbora/Six910-ui/handlers/adminStorePluginHandler.go:157.80,186.2 27 1
github.com/Ulbora/Six910-ui/handlers/adminSubRegionHandler.go:39.92,42.9 3 1
github.com/Ulbora/Six910-ui/handlers/adminSubRegionHandler.go:42.9,43.36 1 1
github.com/Ulbora/Six910-ui/handlers/adminSubRegionHandler.go:43.36,54.4 10 1
github.com/Ulbora/Six910-ui/handlers/adminSubRegionHandler.go:54.9,56.4 1 1
github.com/Ulbora/Six910-ui/handlers/adminSubRegionHandler.go:61.88,64.9 3 1
github.com/Ulbora/Six910-ui/handlers/adminSubRegionHandler.go:64.9,65.37 1 1
github.com/Ulbora/Six910-ui/handlers/adminSubRegionHandler.go:65.37,71.21 6 1
github.com/Ulbora/Six910-ui/handlers/adminSubRegionHandler.go:71.21,73.5 1 1
github.com/Ulbora/Six910-ui/handlers/adminSubRegionHandler.go:73.10,75.5 1 1
github.com/Ulbora/Six910-ui/handlers/adminSubRegionHandler.go:76.9,78.4 1 1
github.com/Ulbora/Six910-ui/handlers/adminSubRegionHandler.go:83.93,86.9 3 1
github.com/Ulbora/Six910-ui/handlers/adminSubRegionHandler.go:86.9,87.36 1 1
github.com/Ulbora/Six910-ui/handlers/adminSubRegionHandler.go:87.36,105.55 14 1
github.com/Ulbora/Six910-ui/handlers/adminSubRegionHandler.go:110.4,111.58 2 1
github.com/Ulbora/Six910-ui/handlers/adminSubRegionHandler.go:116.4,118.69 2 1
github.com/Ulbora/Six910-ui/handlers/adminSubRegionHandler.go:105.55,108.5 2 1
github.com/Ulbora/Six910-ui/handlers/adminSubRegionHandler.go:111.58,114.5 2 1
github.com/Ulbora/Six910-ui/handlers/adminSubRegionHandler.go:119.9,121.4 1 1
github.com/Ulbora/Six910-ui/handlers/adminSubRegionHandler.go:126.89,129.9 3 1
github.com/Ulbora/Six910-ui/handlers/adminSubRegionHandler.go:129.9,130.37 1 1
github.com/Ulbora/Six910-ui/handlers/adminSubRegionHandler.go:130.37,136.19 6 1
github.com/Ulbora/Six910-ui/handlers/adminSubRegionHandler.go:136.19,138.5 1 1
github.com/Ulbora/Six910-ui/handlers/adminSubRegionHandler.go:138.10,140.5 1 1
github.com/Ulbora/Six910-ui/handlers/adminSubRegionHandler.go:141.9,143.4 1 1
github.com/Ulbora/Six910-ui/handlers/adminSubRegionHandler.go:148.93,151.9 3 1
github.com/Ulbora/Six910-ui/handlers/adminSubRegionHandler.go:151.9,152.37 1 1
github.com/Ulbora/Six910-ui/handlers/adminSubRegionHandler.go:152.37,161.4 8 1
github.com/Ulbora/Six910-ui/handlers/adminSubRegionHandler.go:161.9,163.4 1 1
github.com/Ulbora/Six910-ui/handlers/adminSubRegionHandler.go:168.91,171.9 3 1
github.com/Ulbora/Six910-ui/handlers/adminSubRegionHandler.go:171.9,172.36 1 1
github.com/Ulbora/Six910-ui/handlers/adminSubRegionHandler.go:172.36,179.19 7 1
github.com/Ulbora/Six910-ui/handlers/adminSubRegionHandler.go:179.19,181.5 1 1
github.com/Ulbora/Six910-ui/handlers/adminSubRegionHandler.go:181.10,183.5 1 1
github.com/Ulbora/Six910-ui/handlers/adminSubRegionHandler.go:184.9,186.4 1 1
github.com/Ulbora/Six910-ui/handlers/adminSubRegionHandler.go:190.75,200.2 8 1
github.com/Ulbora/Six910-ui/handlers/customerIndexHandler.go:38.71,41.9 3 1
github.com/Ulbora/Six910-ui/handlers/customerIndexHandler.go:41.9,47.17 6 1
github.com/Ulbora/Six910-ui/handlers/customerIndexHandler.go:50.3,56.12 6 1
github.com/Ulbora/Six910-ui/handlers/customerIndexHandler.go:59.3,60.61 2 1
github.com/Ulbora/Six910-ui/handlers/customerIndexHandler.go:47.17,49.4 1 1
github.com/Ulbora/Six910-ui/handlers/customerIndexHandler.go:56.12,58.4 1 1
github.com/Ulbora/Six910-ui/handlers/six910Handler.go:78.42,80.2 1 1
github.com/Ulbora/Six910-ui/handlers/six910Handler.go:82.79,86.20 3 1
github.com/Ulbora/Six910-ui/handlers/six910Handler.go:95.2,95.14 1 1
github.com/Ulbora/Six910-ui/handlers/six910Handler.go:123.2,123.18 1 1
github.com/Ulbora/Six910-ui/handlers/six910Handler.go:86.20,94.3 5 1
github.com/Ulbora/Six910-ui/handlers/six910Handler.go:95.14,117.17 5 1
github.com/Ulbora/Six910-ui/handlers/six910Handler.go:117.17,120.4 2 1
github.com/Ulbora/Six910-ui/handlers/six910Handler.go:126.69,129.53 3 1
github.com/Ulbora/Six910-ui/handlers/six910Handler.go:141.2,141.12 1 1
github.com/Ulbora/Six910-ui/handlers/six910Handler.go:129.53,133.41 4 1
github.com/Ulbora/Six910-ui/handlers/six910Handler.go:136.3,137.43 2 1
github.com/Ulbora/Six910-ui/handlers/six910Handler.go:133.41,135.4 1 1
github.com/Ulbora/Six910-ui/handlers/six910Handler.go:138.8,140.3 1 1
github.com/Ulbora/Six910-ui/handlers/six910Handler.go:144.72,149.56 5 1
github.com/Ulbora/Six910-ui/handlers/six910Handler.go:152.2,152.12 1 1
github.com/Ulbora/Six910-ui/handlers/six910Handler.go:149.56,151.3 1 1
github.com/Ulbora/Six910-ui/handlers/six910Handler.go:155.75,160.59 5 1
github.com/Ulbora/Six910-ui/handlers/six910Handler.go:163.2,163.12 1 1
github.com/Ulbora/Six910-ui/handlers/six910Handler.go:160.59,162.3 1 1
github.com/Ulbora/Six910-ui/handlers/six910Handler.go:166.66,169.19 3 1
github.com/Ulbora/Six910-ui/handlers/six910Handler.go:173.2,173.12 1 1
github.com/Ulbora/Six910-ui/handlers/six910Handler.go:169.19,172.3 2 1
github.com/Ulbora/Six910-ui/handlers/six910Handler.go:176.129,181.17 5 1
github.com/Ulbora/Six910-ui/handlers/six910Handler.go:184.2,184.12 1 1
github.com/Ulbora/Six910-ui/handlers/six910Handler.go:181.17,183.3 1 1
github.com/Ulbora/Six910-ui/handlers/six910Handler.go:187.78,190.15 3 1
github.com/Ulbora/Six910-ui/handlers/six910Handler.go:193.2,193.12 1 1
github.com/Ulbora/Six910-ui/handlers/six910Handler.go:190.15,192.3 1 1
github.com/Ulbora/Six910-ui/handlers/adminShippingCarrierHandler.go:36.90,39.9 3 1
github.com/Ulbora/Six910-ui/handlers/adminShippingCarrierHandler.go:39.9,40.35 1 1
github.com/Ulbora/Six910-ui/handlers/adminShippingCarrierHandler.go:40.35,45.4 4 1
github.com/Ulbora/Six910-ui/handlers/adminShippingCarrierHandler.go:45.9,47.4 1 1
github.com/Ulbora/Six910-ui/handlers/adminShippingCarrierHandler.go:52.86,55.9 3 1
github.com/Ulbora/Six910-ui/handlers/adminShippingCarrierHandler.go:55.9,56.36 1 1
github.com/Ulbora/Six910-ui/handlers/adminShippingCarrierHandler.go:56.36,62.21 6 1
github.com/Ulbora/Six910-ui/handlers/adminShippingCarrierHandler.go:62.21,64.5 1 1
github.com/Ulbora/Six910-ui/handlers/adminShippingCarrierHandler.go:64.10,66.5 1 1
github.com/Ulbora/Six910-ui/handlers/adminShippingCarrierHandler.go:67.9,69.4 1 1
github.com/Ulbora/Six910-ui/handlers/adminShippingCarrierHandler.go:74.91,77.9 3 1
github.com/Ulbora/Six910-ui/handlers/adminShippingCarrierHandler.go:77.9,78.35 1 1
github.com/Ulbora/Six910-ui/handlers/adminShippingCarrierHandler.go:78.35,89.4 10 1
github.com/Ulbora/Six910-ui/handlers/adminShippingCarrierHandler.go:89.9,91.4 1 1
github.com/Ulbora/Six910-ui/handlers/adminShippingCarrierHandler.go:96.87,99.9 3 1
github.com/Ulbora/Six910-ui/handlers/adminShippingCarrierHandler.go:99.9,100.35 1 1
github.com/Ulbora/Six910-ui/handlers/adminShippingCarrierHandler.go:100.35,106.19 6 1
github.com/Ulbora/Six910-ui/handlers/adminShippingCarrierHandler.go:106.19,108.5 1 1
github.com/Ulbora/Six910-ui/handlers/adminShippingCarrierHandler.go:108.10,110.5 1 1
github.com/Ulbora/Six910-ui/handlers/adminShippingCarrierHandler.go:111.9,113.4 1 1
github.com/Ulbora/Six910-ui/handlers/adminShippingCarrierHandler.go:118.91,121.9 3 1
github.com/Ulbora/Six910-ui/handlers/adminShippingCarrierHandler.go:121.9,122.36 1 1
github.com/Ulbora/Six910-ui/handlers/adminShippingCarrierHandler.go:122.36,127.4 4 1
github.com/Ulbora/Six910-ui/handlers/adminShippingCarrierHandler.go:127.9,129.4 1 1
github.com/Ulbora/Six910-ui/handlers/adminShippingCarrierHandler.go:134.89,137.9 3 1
github.com/Ulbora/Six910-ui/handlers/adminShippingCarrierHandler.go:137.9,138.35 1 1
github.com/Ulbora/Six910-ui/handlers/adminShippingCarrierHandler.go:138.35,145.19 7 1
github.com/Ulbora/Six910-ui/handlers/adminShippingCarrierHandler.go:145.19,147.5 1 1
github.com/Ulbora/Six910-ui/handlers/adminShippingCarrierHandler.go:147.10,149.5 1 1
github.com/Ulbora/Six910-ui/handlers/adminShippingCarrierHandler.go:150.9,152.4 1 1
github.com/Ulbora/Six910-ui/handlers/adminShippingCarrierHandler.go:156.87,166.2 8 1
github.com/Ulbora/Six910-ui/handlers/adminPaymentGatwayHandler.go:36.97,39.9 3 1
github.com/Ulbora/Six910-ui/handlers/adminPaymentGatwayHandler.go:39.9,40.35 1 1
github.com/Ulbora/Six910-ui/handlers/adminPaymentGatwayHandler.go:40.35,45.4 4 1
github.com/Ulbora/Six910-ui/handlers/adminPaymentGatwayHandler.go:45.9,47.4 1 1
github.com/Ulbora/Six910-ui/handlers/adminPaymentGatwayHandler.go:52.93,55.9 3 1
github.com/Ulbora/Six910-ui/handlers/adminPaymentGatwayHandler.go:55.9,56.35 1 1
github.com/Ulbora/Six910-ui/handlers/adminPaymentGatwayHandler.go:56.35,62.21 6 1
github.com/Ulbora/Six910-ui/handlers/adminPaymentGatwayHandler.go:62.21,64.5 1 1
github.com/Ulbora/Six910-ui/handlers/adminPaymentGatwayHandler.go:64.10,66.5 1 1
github.com/Ulbora/Six910-ui/handlers/adminPaymentGatwayHandler.go:67.9,69.4 1 1
github.com/Ulbora/Six910-ui/handlers/adminPaymentGatwayHandler.go:74.98,77.9 3 1
github.com/Ulbora/Six910-ui/handlers/adminPaymentGatwayHandler.go:77.9,78.35 1 1
github.com/Ulbora/Six910-ui/handlers/adminPaymentGatwayHandler.go:78.35,89.4 10 1
github.com/Ulbora/Six910-ui/handlers/adminPaymentGatwayHandler.go:89.9,91.4 1 1
github.com/Ulbora/Six910-ui/handlers/adminPaymentGatwayHandler.go:96.94,99.9 3 1
github.com/Ulbora/Six910-ui/handlers/adminPaymentGatwayHandler.go:99.9,100.35 1 1
github.com/Ulbora/Six910-ui/handlers/adminPaymentGatwayHandler.go:100.35,106.19 6 1
github.com/Ulbora/Six910-ui/handlers/adminPaymentGatwayHandler.go:106.19,108.5 1 1
github.com/Ulbora/Six910-ui/handlers/adminPaymentGatwayHandler.go:108.10,110.5 1 1
github.com/Ulbora/Six910-ui/handlers/adminPaymentGatwayHandler.go:111.9,113.4 1 1
github.com/Ulbora/Six910-ui/handlers/adminPaymentGatwayHandler.go:118.98,121.9 3 1
github.com/Ulbora/Six910-ui/handlers/adminPaymentGatwayHandler.go:121.9,122.36 1 1
github.com/Ulbora/Six910-ui/handlers/adminPaymentGatwayHandler.go:122.36,127.4 4 1
github.com/Ulbora/Six910-ui/handlers/adminPaymentGatwayHandler.go:127.9,129.4 1 1
github.com/Ulbora/Six910-ui/handlers/adminPaymentGatwayHandler.go:134.96,137.9 3 1
github.com/Ulbora/Six910-ui/handlers/adminPaymentGatwayHandler.go:137.9,138.35 1 1
github.com/Ulbora/Six910-ui/handlers/adminPaymentGatwayHandler.go:138.35,145.19 7 1
github.com/Ulbora/Six910-ui/handlers/adminPaymentGatwayHandler.go:145.19,147.5 1 1
github.com/Ulbora/Six910-ui/handlers/adminPaymentGatwayHandler.go:147.10,149.5 1 1
github.com/Ulbora/Six910-ui/handlers/adminPaymentGatwayHandler.go:150.9,152.4 1 1
github.com/Ulbora/Six910-ui/handlers/adminPaymentGatwayHandler.go:156.74,169.2 11 1
github.com/Ulbora/Six910-ui/handlers/adminInsuranceHandler.go:36.92,39.9 3 1
github.com/Ulbora/Six910-ui/handlers/adminInsuranceHandler.go:39.9,40.34 1 1
github.com/Ulbora/Six910-ui/handlers/adminInsuranceHandler.go:40.34,45.4 4 1
github.com/Ulbora/Six910-ui/handlers/adminInsuranceHandler.go:45.9,47.4 1 1
github.com/Ulbora/Six910-ui/handlers/adminInsuranceHandler.go:52.88,55.9 3 1
github.com/Ulbora/Six910-ui/handlers/adminInsuranceHandler.go:55.9,56.35 1 1
github.com/Ulbora/Six910-ui/handlers/adminInsuranceHandler.go:56.35,62.21 6 1
github.com/Ulbora/Six910-ui/handlers/adminInsuranceHandler.go:62.21,64.5 1 1
github.com/Ulbora/Six910-ui/handlers/adminInsuranceHandler.go:64.10,66.5 1 1
github.com/Ulbora/Six910-ui/handlers/adminInsuranceHandler.go:67.9,69.4 1 1
github.com/Ulbora/Six910-ui/handlers/adminInsuranceHandler.go:74.93,77.9 3 1
github.com/Ulbora/Six910-ui/handlers/adminInsuranceHandler.go:77.9,78.34 1 1
github.com/Ulbora/Six910-ui/handlers/adminInsuranceHandler.go:78.34,89.4 10 1
github.com/Ulbora/Six910-ui/handlers/adminInsuranceHandler.go:89.9,91.4 1 1
github.com/Ulbora/Six910-ui/handlers/adminInsuranceHandler.go:96.89,99.9 3 1
github.com/Ulbora/Six910-ui/handlers/adminInsuranceHandler.go:99.9,100.35 1 1
github.com/Ulbora/Six910-ui/handlers/adminInsuranceHandler.go:100.35,106.19 6 1
github.com/Ulbora/Six910-ui/handlers/adminInsuranceHandler.go:106.19,108.5 1 1
github.com/Ulbora/Six910-ui/handlers/adminInsuranceHandler.go:108.10,110.5 1 1
github.com/Ulbora/Six910-ui/handlers/adminInsuranceHandler.go:111.9,113.4 1 1
github.com/Ulbora/Six910-ui/handlers/adminInsuranceHandler.go:118.93,121.9 3 1
github.com/Ulbora/Six910-ui/handlers/adminInsuranceHandler.go:121.9,122.35 1 1
github.com/Ulbora/Six910-ui/handlers/adminInsuranceHandler.go:122.35,127.4 4 1
github.com/Ulbora/Six910-ui/handlers/adminInsuranceHandler.go:127.9,129.4 1 1
github.com/Ulbora/Six910-ui/handlers/adminInsuranceHandler.go:134.91,137.9 3 1
github.com/Ulbora/Six910-ui/handlers/adminInsuranceHandler.go:137.9,138.34 1 1
github.com/Ulbora/Six910-ui/handlers/adminInsuranceHandler.go:138.34,145.19 7 1
github.com/Ulbora/Six910-ui/handlers/adminInsuranceHandler.go:145.19,147.5 1 1
github.com/Ulbora/Six910-ui/handlers/adminInsuranceHandler.go:147.10,149.5 1 1
github.com/Ulbora/Six910-ui/handlers/adminInsuranceHandler.go:150.9,152.4 1 1
github.com/Ulbora/Six910-ui/handlers/adminInsuranceHandler.go:156.75,170.2 12 1
github.com/Ulbora/Six910-ui/handlers/adminPluginHandler.go:36.89,37.22 1 1
github.com/Ulbora/Six910-ui/handlers/adminPluginHandler.go:37.22,40.10 3 1
github.com/Ulbora/Six910-ui/handlers/adminPluginHandler.go:40.10,41.36 1 1
github.com/Ulbora/Six910-ui/handlers/adminPluginHandler.go:41.36,46.5 4 1
github.com/Ulbora/Six910-ui/handlers/adminPluginHandler.go:46.10,48.5 1 1
github.com/Ulbora/Six910-ui/handlers/adminPluginHandler.go:54.85,55.22 1 1
github.com/Ulbora/Six910-ui/handlers/adminPluginHandler.go:55.22,58.10 3 1
github.com/Ulbora/Six910-ui/handlers/adminPluginHandler.go:58.10,59.37 1 1
github.com/Ulbora/Six910-ui/handlers/adminPluginHandler.go:59.37,65.22 6 1
github.com/Ulbora/Six910-ui/handlers/adminPluginHandler.go:65.22,67.6 1 1
github.com/Ulbora/Six910-ui/handlers/adminPluginHandler.go:67.11,69.6 1 1
github.com/Ulbora/Six910-ui/handlers/adminPluginHandler.go:70.10,72.5 1 1
github.com/Ulbora/Six910-ui/handlers/adminPluginHandler.go:78.90,79.22 1 1
github.com/Ulbora/Six910-ui/handlers/adminPluginHandler.go:79.22,82.10 3 1
github.com/Ulbora/Six910-ui/handlers/adminPluginHandler.go:82.10,83.36 1 1
github.com/Ulbora/Six910-ui/handlers/adminPluginHandler.go:83.36,94.5 10 1
github.com/Ulbora/Six910-ui/handlers/adminPluginHandler.go:94.10,96.5 1 1
github.com/Ulbora/Six910-ui/handlers/adminPluginHandler.go:102.86,103.22 1 1
github.com/Ulbora/Six910-ui/handlers/adminPluginHandler.go:103.22,106.10 3 1
github.com/Ulbora/Six910-ui/handlers/adminPluginHandler.go:106.10,107.37 1 1
github.com/Ulbora/Six910-ui/handlers/adminPluginHandler.go:107.37,113.20 6 1
github.com/Ulbora/Six910-ui/handlers/adminPluginHandler.go:113.20,115.6 1 1
github.com/Ulbora/Six910-ui/handlers/adminPluginHandler.go:115.11,117.6 1 1
github.com/Ulbora/Six910-ui/handlers/adminPluginHandler.go:118.10,120.5 1 1
github.com/Ulbora/Six910-ui/handlers/adminPluginHandler.go:126.90,129.9 3 1
github.com/Ulbora/Six910-ui/handlers/adminPluginHandler.go:129.9,130.36 1 1
github.com/Ulbora/Six910-ui/handlers/adminPluginHandler.go:130.36,140.4 9 1
github.com/Ulbora/Six910-ui/handlers/adminPluginHandler.go:140.9,142.4 1 1
github.com/Ulbora/Six910-ui/handlers/adminPluginHandler.go:147.88,148.22 1 1
github.com/Ulbora/Six910-ui/handlers/adminPluginHandler.go:148.22,151.10 3 1
github.com/Ulbora/Six910-ui/handlers/adminPluginHandler.go:151.10,152.36 1 1
github.com/Ulbora/Six910-ui/handlers/adminPluginHandler.go:152.36,159.20 7 1
github.com/Ulbora/Six910-ui/handlers/adminPluginHandler.go:159.20,161.6 1 1
github.com/Ulbora/Six910-ui/handlers/adminPluginHandler.go:161.11,163.6 1 1
github.com/Ulbora/Six910-ui/handlers/adminPluginHandler.go:164.10,166.5 1 1
github.com/Ulbora/Six910-ui/handlers/adminPluginHandler.go:171.70,190.2 17 1
github.com/Ulbora/Six910-ui/handlers/customerCartHandler.go:47.82,50.9 3 1
github.com/Ulbora/Six910-ui/handlers/customerCartHandler.go:50.9,59.38 9 1
github.com/Ulbora/Six910-ui/handlers/customerCartHandler.go:62.3,71.66 7 1
github.com/Ulbora/Six910-ui/handlers/customerCartHandler.go:59.38,61.4 1 1
github.com/Ulbora/Six910-ui/handlers/customerCartHandler.go:76.74,79.9 3 1
github.com/Ulbora/Six910-ui/handlers/customerCartHandler.go:79.9,83.16 4 1
github.com/Ulbora/Six910-ui/handlers/customerCartHandler.go:94.3,95.64 2 1
github.com/Ulbora/Six910-ui/handlers/customerCartHandler.go:83.16,88.4 4 1
github.com/Ulbora/Six910-ui/handlers/customerCartHandler.go:88.9,93.4 4 1
github.com/Ulbora/Six910-ui/handlers/customerCartHandler.go:100.85,103.9 3 1
github.com/Ulbora/Six910-ui/handlers/customerCartHandler.go:103.9,111.39 7 1
github.com/Ulbora/Six910-ui/handlers/customerCartHandler.go:114.3,117.31 3 1
github.com/Ulbora/Six910-ui/handlers/customerCartHandler.go:126.3,137.66 8 1
github.com/Ulbora/Six910-ui/handlers/customerCartHandler.go:111.39,113.4 1 1
github.com/Ulbora/Six910-ui/handlers/customerCartHandler.go:117.31,119.45 2 1
github.com/Ulbora/Six910-ui/handlers/customerCartHandler.go:119.45,122.10 3 1
github.com/Ulbora/Six910-ui/handlers/customerCartHandler.go:142.78,145.9 3 1
github.com/Ulbora/Six910-ui/handlers/customerCartHandler.go:145.9,146.39 1 1
github.com/Ulbora/Six910-ui/handlers/customerCartHandler.go:146.39,153.39 7 1
github.com/Ulbora/Six910-ui/handlers/customerCartHandler.go:168.4,169.39 2 1
github.com/Ulbora/Six910-ui/handlers/customerCartHandler.go:174.4,175.39 2 1
github.com/Ulbora/Six910-ui/handlers/customerCartHandler.go:180.4,183.66 3 1
github.com/Ulbora/Six910-ui/handlers/customerCartHandler.go:153.39,157.25 4 1
github.com/Ulbora/Six910-ui/handlers/customerCartHandler.go:165.5,165.36 1 1
github.com/Ulbora/Six910-ui/handlers/customerCartHandler.go:157.25,164.6 6 1
github.com/Ulbora/Six910-ui/handlers/customerCartHandler.go:169.39,172.5 2 1
github.com/Ulbora/Six910-ui/handlers/customerCartHandler.go:175.39,178.5 2 1
github.com/Ulbora/Six910-ui/handlers/customerCartHandler.go:184.9,186.4 1 1
github.com/Ulbora/Six910-ui/handlers/customerCartHandler.go:191.82,204.9 3 1
github.com/Ulbora/Six910-ui/handlers/customerCartHandler.go:204.9,205.40 1 1
github.com/Ulbora/Six910-ui/handlers/customerCartHandler.go:205.40,236.4 23 1
github.com/Ulbora/Six910-ui/handlers/customerCartHandler.go:236.9,238.4 1 1
github.com/Ulbora/Six910-ui/handlers/customerUserHandler.go:28.83,31.9 3 1
github.com/Ulbora/Six910-ui/handlers/customerUserHandler.go:31.9,33.3 1 1
github.com/Ulbora/Six910-ui/handlers/customerUserHandler.go:37.79,40.9 3 1
github.com/Ulbora/Six910-ui/handlers/customerUserHandler.go:40.9,59.15 12 1
github.com/Ulbora/Six910-ui/handlers/customerUserHandler.go:59.15,71.4 7 1
github.com/Ulbora/Six910-ui/handlers/customerUserHandler.go:71.9,73.4 1 1
github.com/Ulbora/Six910-ui/handlers/customerUserHandler.go:78.92,81.9 3 1
github.com/Ulbora/Six910-ui/handlers/customerUserHandler.go:81.9,82.43 1 1
github.com/Ulbora/Six910-ui/handlers/customerUserHandler.go:82.43,85.23 3 1
github.com/Ulbora/Six910-ui/handlers/customerUserHandler.go:88.4,94.59 7 1
github.com/Ulbora/Six910-ui/handlers/customerUserHandler.go:85.23,87.5 1 1
github.com/Ulbora/Six910-ui/handlers/customerUserHandler.go:95.9,97.4 1 1
github.com/Ulbora/Six910-ui/handlers/customerUserHandler.go:102.88,105.9 3 1
github.com/Ulbora/Six910-ui/handlers/customerUserHandler.go:105.9,106.42 1 1
github.com/Ulbora/Six910-ui/handlers/customerUserHandler.go:106.42,114.25 6 1
github.com/Ulbora/Six910-ui/handlers/customerUserHandler.go:117.4,126.11 9 1
github.com/Ulbora/Six910-ui/handlers/customerUserHandler.go:114.25,116.5 1 1
github.com/Ulbora/Six910-ui/handlers/customerUserHandler.go:126.11,128.5 1 1
github.com/Ulbora/Six910-ui/handlers/customerUserHandler.go:128.10,130.5 1 1
github.com/Ulbora/Six910-ui/handlers/customerUserHandler.go:131.9,133.4 1 1
github.com/Ulbora/Six910-ui/handlers/customerUserHandler.go:138.80,156.2 6 1
github.com/Ulbora/Six910-ui/handlers/adminExSubRegionHandler.go:40.100,43.9 3 1
github.com/Ulbora/Six910-ui/handlers/adminExSubRegionHandler.go:43.9,44.37 1 1
github.com/Ulbora/Six910-ui/handlers/adminExSubRegionHandler.go:44.37,60.55 14 1
github.com/Ulbora/Six910-ui/handlers/adminExSubRegionHandler.go:65.4,66.58 2 1
github.com/Ulbora/Six910-ui/handlers/adminExSubRegionHandler.go:71.4,73.73 2 1
github.com/Ulbora/Six910-ui/handlers/adminExSubRegionHandler.go:60.55,63.5 2 1
github.com/Ulbora/Six910-ui/handlers/adminExSubRegionHandler.go:66.58,69.5 2 1
github.com/Ulbora/Six910-ui/handlers/adminExSubRegionHandler.go:74.9,76.4 1 1
github.com/Ulbora/Six910-ui/handlers/adminExSubRegionHandler.go:81.96,84.9 3 1
github.com/Ulbora/Six910-ui/handlers/adminExSubRegionHandler.go:84.9,85.38 1 1
github.com/Ulbora/Six910-ui/handlers/adminExSubRegionHandler.go:85.38,91.22 6 1
github.com/Ulbora/Six910-ui/handlers/adminExSubRegionHandler.go:91.22,93.5 1 1
github.com/Ulbora/Six910-ui/handlers/adminExSubRegionHandler.go:93.10,95.5 1 1
github.com/Ulbora/Six910-ui/handlers/adminExSubRegionHandler.go:96.9,98.4 1 1
github.com/Ulbora/Six910-ui/handlers/adminExSubRegionHandler.go:103.101,106.9 3 1
github.com/Ulbora/Six910-ui/handlers/adminExSubRegionHandler.go:106.9,107.38 1 1
github.com/Ulbora/Six910-ui/handlers/adminExSubRegionHandler.go:107.38,116.4 8 1
github.com/Ulbora/Six910-ui/handlers/adminExSubRegionHandler.go:116.9,118.4 1 1
github.com/Ulbora/Six910-ui/handlers/adminExSubRegionHandler.go:123.99,126.9 3 1
github.com/Ulbora/Six910-ui/handlers/adminExSubRegionHandler.go:126.9,127.37 1 1
github.com/Ulbora/Six910-ui/handlers/adminExSubRegionHandler.go:127.37,136.19 9 1
github.com/Ulbora/Six910-ui/handlers/adminExSubRegionHandler.go:136.19,138.5 1 1
github.com/Ulbora/Six910-ui/handlers/adminExSubRegionHandler.go:138.10,140.5 1 1
github.com/Ulbora/Six910-ui/handlers/adminExSubRegionHandler.go:141.9,143.4 1 1
github.com/Ulbora/Six910-ui/handlers/adminExSubRegionHandler.go:147.85,159.2 10 1
github.com/Ulbora/Six910-ui/handlers/adminIncSubRegionHandler.go:40.100,43.9 3 1
github.com/Ulbora/Six910-ui/handlers/adminIncSubRegionHandler.go:43.9,44.38 1 1
github.com/Ulbora/Six910-ui/handlers/adminIncSubRegionHandler.go:44.38,60.55 14 1
github.com/Ulbora/Six910-ui/handlers/adminIncSubRegionHandler.go:65.4,66.58 2 1
github.com/Ulbora/Six910-ui/handlers/adminIncSubRegionHandler.go:71.4,73.76 2 1
github.com/Ulbora/Six910-ui/handlers/adminIncSubRegionHandler.go:60.55,63.5 2 1
github.com/Ulbora/Six910-ui/handlers/adminIncSubRegionHandler.go:66.58,69.5 2 1
github.com/Ulbora/Six910-ui/handlers/adminIncSubRegionHandler.go:74.9,76.4 1 1
github.com/Ulbora/Six910-ui/handlers/adminIncSubRegionHandler.go:81.96,84.9 3 1
github.com/Ulbora/Six910-ui/handlers/adminIncSubRegionHandler.go:84.9,85.39 1 1
github.com/Ulbora/Six910-ui/handlers/adminIncSubRegionHandler.go:85.39,91.23 6 1
github.com/Ulbora/Six910-ui/handlers/adminIncSubRegionHandler.go:91.23,93.5 1 1
github.com/Ulbora/Six910-ui/handlers/adminIncSubRegionHandler.go:93.10,95.5 1 1
github.com/Ulbora/Six910-ui/handlers/adminIncSubRegionHandler.go:96.9,98.4 1 1
github.com/Ulbora/Six910-ui/handlers/adminIncSubRegionHandler.go:103.101,106.9 3 1
github.com/Ulbora/Six910-ui/handlers/adminIncSubRegionHandler.go:106.9,107.39 1 1
github.com/Ulbora/Six910-ui/handlers/adminIncSubRegionHandler.go:107.39,116.4 8 1
github.com/Ulbora/Six910-ui/handlers/adminIncSubRegionHandler.go:116.9,118.4 1 1
github.com/Ulbora/Six910-ui/handlers/adminIncSubRegionHandler.go:123.99,126.9 3 1
github.com/Ulbora/Six910-ui/handlers/adminIncSubRegionHandler.go:126.9,127.38 1 1
github.com/Ulbora/Six910-ui/handlers/adminIncSubRegionHandler.go:127.38,136.19 9 1
github.com/Ulbora/Six910-ui/handlers/adminIncSubRegionHandler.go:136.19,138.5 1 1
github.com/Ulbora/Six910-ui/handlers/adminIncSubRegionHandler.go:138.10,140.5 1 1
github.com/Ulbora/Six910-ui/handlers/adminIncSubRegionHandler.go:141.9,143.4 1 1
github.com/Ulbora/Six910-ui/handlers/adminIncSubRegionHandler.go:147.86,159.2 10 1
github.com/Ulbora/Six910-ui/handlers/adminShipmentHandler.go:45.91,48.9 3 1
github.com/Ulbora/Six910-ui/handlers/adminShipmentHandler.go:48.9,49.34 1 1
github.com/Ulbora/Six910-ui/handlers/adminShipmentHandler.go:49.34,59.50 10 1
github.com/Ulbora/Six910-ui/handlers/adminShipmentHandler.go:64.4,65.50 2 1
github.com/Ulbora/Six910-ui/handlers/adminShipmentHandler.go:70.4,71.50 2 1
github.com/Ulbora/Six910-ui/handlers/adminShipmentHandler.go:76.4,82.68 3 1
github.com/Ulbora/Six910-ui/handlers/adminShipmentHandler.go:59.50,62.5 2 1
github.com/Ulbora/Six910-ui/handlers/adminShipmentHandler.go:65.50,68.5 2 1
github.com/Ulbora/Six910-ui/handlers/adminShipmentHandler.go:71.50,74.5 2 1
github.com/Ulbora/Six910-ui/handlers/adminShipmentHandler.go:83.9,85.4 1 1
github.com/Ulbora/Six910-ui/handlers/adminShipmentHandler.go:90.87,93.9 3 1
github.com/Ulbora/Six910-ui/handlers/adminShipmentHandler.go:93.9,94.33 1 1
github.com/Ulbora/Six910-ui/handlers/adminShipmentHandler.go:94.33,101.21 7 1
github.com/Ulbora/Six910-ui/handlers/adminShipmentHandler.go:129.4,130.15 2 1
github.com/Ulbora/Six910-ui/handlers/adminShipmentHandler.go:101.21,105.25 4 1
github.com/Ulbora/Six910-ui/handlers/adminShipmentHandler.go:119.5,121.29 3 1
github.com/Ulbora/Six910-ui/handlers/adminShipmentHandler.go:105.25,107.86 2 1
github.com/Ulbora/Six910-ui/handlers/adminShipmentHandler.go:107.86,117.7 9 1
github.com/Ulbora/Six910-ui/handlers/adminShipmentHandler.go:121.29,122.22 1 1
github.com/Ulbora/Six910-ui/handlers/adminShipmentHandler.go:122.22,124.7 1 1
github.com/Ulbora/Six910-ui/handlers/adminShipmentHandler.go:126.10,128.5 1 1
github.com/Ulbora/Six910-ui/handlers/adminShipmentHandler.go:130.15,132.5 1 1
github.com/Ulbora/Six910-ui/handlers/adminShipmentHandler.go:132.10,134.5 1 1
github.com/Ulbora/Six910-ui/handlers/adminShipmentHandler.go:135.9,137.4 1 1
github.com/Ulbora/Six910-ui/handlers/adminShipmentHandler.go:142.92,145.9 3 1
github.com/Ulbora/Six910-ui/handlers/adminShipmentHandler.go:145.9,146.34 1 1
github.com/Ulbora/Six910-ui/handlers/adminShipmentHandler.go:146.34,163.50 14 1
github.com/Ulbora/Six910-ui/handlers/adminShipmentHandler.go:168.4,169.50 2 1
github.com/Ulbora/Six910-ui/handlers/adminShipmentHandler.go:174.4,175.50 2 1
github.com/Ulbora/Six910-ui/handlers/adminShipmentHandler.go:180.4,181.50 2 1
github.com/Ulbora/Six910-ui/handlers/adminShipmentHandler.go:186.4,187.51 2 1
github.com/Ulbora/Six910-ui/handlers/adminShipmentHandler.go:192.4,193.51 2 1
github.com/Ulbora/Six910-ui/handlers/adminShipmentHandler.go:198.4,202.71 3 1
github.com/Ulbora/Six910-ui/handlers/adminShipmentHandler.go:163.50,166.5 2 1
github.com/Ulbora/Six910-ui/handlers/adminShipmentHandler.go:169.50,172.5 2 1
github.com/Ulbora/Six910-ui/handlers/adminShipmentHandler.go:175.50,178.5 2 1
github.com/Ulbora/Six910-ui/handlers/adminShipmentHandler.go:181.50,184.5 2 1
github.com/Ulbora/Six910-ui/handlers/adminShipmentHandler.go:187.51,190.5 2 1
github.com/Ulbora/Six910-ui/handlers/adminShipmentHandler.go:193.51,196.5 2 1
github.com/Ulbora/Six910-ui/handlers/adminShipmentHandler.go:203.9,205.4 1 1
github.com/Ulbora/Six910-ui/handlers/adminShipmentHandler.go:210.88,213.9 3 1
github.com/Ulbora/Six910-ui/handlers/adminShipmentHandler.go:213.9,214.35 1 1
github.com/Ulbora/Six910-ui/handlers/adminShipmentHandler.go:214.35,220.19 6 1
github.com/Ulbora/Six910-ui/handlers/adminShipmentHandler.go:220.19,222.5 1 1
github.com/Ulbora/Six910-ui/handlers/adminShipmentHandler.go:222.10,224.5 1 1
github.com/Ulbora/Six910-ui/handlers/adminShipmentHandler.go:225.9,227.4 1 1
github.com/Ulbora/Six910-ui/handlers/adminShipmentHandler.go:232.92,235.9 3 1
github.com/Ulbora/Six910-ui/handlers/adminShipmentHandler.go:235.9,236.34 1 1
github.com/Ulbora/Six910-ui/handlers/adminShipmentHandler.go:236.34,249.50 10 1
github.com/Ulbora/Six910-ui/handlers/adminShipmentHandler.go:254.4,255.50 2 1
github.com/Ulbora/Six910-ui/handlers/adminShipmentHandler.go:260.4,261.50 2 1
github.com/Ulbora/Six910-ui/handlers/adminShipmentHandler.go:266.4,267.50 2 1
github.com/Ulbora/Six910-ui/handlers/adminShipmentHandler.go:272.4,274.71 3 1
github.com/Ulbora/Six910-ui/handlers/adminShipmentHandler.go:249.50,252.5 2 1
github.com/Ulbora/Six910-ui/handlers/adminShipmentHandler.go:255.50,258.5 2 1
github.com/Ulbora/Six910-ui/handlers/adminShipmentHandler.go:261.50,264.5 2 1
github.com/Ulbora/Six910-ui/handlers/adminShipmentHandler.go:267.50,270.5 2 1
github.com/Ulbora/Six910-ui/handlers/adminShipmentHandler.go:275.9,277.4 1 1
github.com/Ulbora/Six910-ui/handlers/adminShipmentHandler.go:282.90,285.9 3 1
github.com/Ulbora/Six910-ui/handlers/adminShipmentHandler.go:285.9,286.34 1 1
github.com/Ulbora/Six910-ui/handlers/adminShipmentHandler.go:286.34,293.19 7 1
github.com/Ulbora/Six910-ui/handlers/adminShipmentHandler.go:293.19,295.5 1 1
github.com/Ulbora/Six910-ui/handlers/adminShipmentHandler.go:295.10,297.5 1 1
github.com/Ulbora/Six910-ui/handlers/adminShipmentHandler.go:298.9,300.4 1 1
github.com/Ulbora/Six910-ui/handlers/adminShipmentHandler.go:304.73,319.2 13 1
github.com/Ulbora/Six910-ui/handlers/adminTaxRateHandler.go:37.90,40.9 3 1
github.com/Ulbora/Six910-ui/handlers/adminTaxRateHandler.go:40.9,41.36 1 1
github.com/Ulbora/Six910-ui/handlers/adminTaxRateHandler.go:41.36,46.4 4 1
github.com/Ulbora/Six910-ui/handlers/adminTaxRateHandler.go:46.9,48.4 1 1
github.com/Ulbora/Six910-ui/handlers/adminTaxRateHandler.go:53.86,56.9 3 1
github.com/Ulbora/Six910-ui/handlers/adminTaxRateHandler.go:56.9,57.37 1 1
github.com/Ulbora/Six910-ui/handlers/adminTaxRateHandler.go:57.37,63.22 6 1
github.com/Ulbora/Six910-ui/handlers/adminTaxRateHandler.go:63.22,65.5 1 1
github.com/Ulbora/Six910-ui/handlers/adminTaxRateHandler.go:65.10,67.5 1 1
github.com/Ulbora/Six910-ui/handlers/adminTaxRateHandler.go:68.9,70.4 1 1
github.com/Ulbora/Six910-ui/handlers/adminTaxRateHandler.go:75.91,78.9 3 1
github.com/Ulbora/Six910-ui/handlers/adminTaxRateHandler.go:78.9,79.35 1 1
github.com/Ulbora/Six910-ui/handlers/adminTaxRateHandler.go:79.35,93.26 13 1
github.com/Ulbora/Six910-ui/handlers/adminTaxRateHandler.go:99.4,100.67 2 1
github.com/Ulbora/Six910-ui/handlers/adminTaxRateHandler.go:93.26,94.32 1 1
github.com/Ulbora/Six910-ui/handlers/adminTaxRateHandler.go:94.32,96.11 2 1
github.com/Ulbora/Six910-ui/handlers/adminTaxRateHandler.go:101.9,103.4 1 1
github.com/Ulbora/Six910-ui/handlers/adminTaxRateHandler.go:108.87,111.9 3 1
github.com/Ulbora/Six910-ui/handlers/adminTaxRateHandler.go:111.9,112.36 1 1
github.com/Ulbora/Six910-ui/handlers/adminTaxRateHandler.go:112.36,118.19 6 1
github.com/Ulbora/Six910-ui/handlers/adminTaxRateHandler.go:118.19,120.5 1 1
github.com/Ulbora/Six910-ui/handlers/adminTaxRateHandler.go:120.10,122.5 1 1
github.com/Ulbora/Six910-ui/handlers/adminTaxRateHandler.go:123.9,125.4 1 1
github.com/Ulbora/Six910-ui/handlers/adminTaxRateHandler.go:130.91,133.9 3 1
github.com/Ulbora/Six910-ui/handlers/adminTaxRateHandler.go:133.9,134.36 1 1
github.com/Ulbora/Six910-ui/handlers/adminTaxRateHandler.go:134.36,139.4 4 1
github.com/Ulbora/Six910-ui/handlers/adminTaxRateHandler.go:139.9,141.4 1 1
github.com/Ulbora/Six910-ui/handlers/adminTaxRateHandler.go:146.89,149.9 3 1
github.com/Ulbora/Six910-ui/handlers/adminTaxRateHandler.go:149.9,150.35 1 1
github.com/Ulbora/Six910-ui/handlers/adminTaxRateHandler.go:150.35,157.19 7 1
github.com/Ulbora/Six910-ui/handlers/adminTaxRateHandler.go:157.19,159.5 1 1
github.com/Ulbora/Six910-ui/handlers/adminTaxRateHandler.go:159.10,161.5 1 1
github.com/Ulbora/Six910-ui/handlers/adminTaxRateHandler.go:162.9,164.4 1 1
github.com/Ulbora/Six910-ui/handlers/adminTaxRateHandler.go:168.71,189.2 19 1
github.com/Ulbora/Six910-ui/handlers/adminCategoryHandler.go:39.91,42.9 3 1
github.com/Ulbora/Six910-ui/handlers/adminCategoryHandler.go:42.9,43.34 1 1
github.com/Ulbora/Six910-ui/handlers/adminCategoryHandler.go:43.34,50.4 6 1
github.com/Ulbora/Six910-ui/handlers/adminCategoryHandler.go:50.9,52.4 1 1
github.com/Ulbora/Six910-ui/handlers/adminCategoryHandler.go:57.87,60.9 3 1
github.com/Ulbora/Six910-ui/handlers/adminCategoryHandler.go:60.9,61.35 1 1
github.com/Ulbora/Six910-ui/handlers/adminCategoryHandler.go:61.35,67.21 6 1
github.com/Ulbora/Six910-ui/handlers/adminCategoryHandler.go:67.21,69.5 1 1
github.com/Ulbora/Six910-ui/handlers/adminCategoryHandler.go:69.10,71.5 1 1
github.com/Ulbora/Six910-ui/handlers/adminCategoryHandler.go:72.9,74.4 1 1
github.com/Ulbora/Six910-ui/handlers/adminCategoryHandler.go:79.92,82.9 3 1
github.com/Ulbora/Six910-ui/handlers/adminCategoryHandler.go:82.9,83.34 1 1
github.com/Ulbora/Six910-ui/handlers/adminCategoryHandler.go:83.34,95.39 11 1
github.com/Ulbora/Six910-ui/handlers/adminCategoryHandler.go:100.4,101.52 2 1
github.com/Ulbora/Six910-ui/handlers/adminCategoryHandler.go:106.4,108.68 2 1
github.com/Ulbora/Six910-ui/handlers/adminCategoryHandler.go:95.39,98.5 2 1
github.com/Ulbora/Six910-ui/handlers/adminCategoryHandler.go:101.52,104.5 2 1
github.com/Ulbora/Six910-ui/handlers/adminCategoryHandler.go:109.9,111.4 1 1
github.com/Ulbora/Six910-ui/handlers/adminCategoryHandler.go:116.88,119.9 3 1
github.com/Ulbora/Six910-ui/handlers/adminCategoryHandler.go:119.9,120.35 1 1
github.com/Ulbora/Six910-ui/handlers/adminCategoryHandler.go:120.35,126.19 6 1
github.com/Ulbora/Six910-ui/handlers/adminCategoryHandler.go:126.19,128.5 1 1
github.com/Ulbora/Six910-ui/handlers/adminCategoryHandler.go:128.10,130.5 1 1
github.com/Ulbora/Six910-ui/handlers/adminCategoryHandler.go:131.9,133.4 1 1
github.com/Ulbora/Six910-ui/handlers/adminCategoryHandler.go:138.92,141.9 3 1
github.com/Ulbora/Six910-ui/handlers/adminCategoryHandler.go:141.9,142.35 1 1
github.com/Ulbora/Six910-ui/handlers/adminCategoryHandler.go:142.35,147.4 4 1
github.com/Ulbora/Six910-ui/handlers/adminCategoryHandler.go:147.9,149.4 1 1
github.com/Ulbora/Six910-ui/handlers/adminCategoryHandler.go:154.90,157.9 3 1
github.com/Ulbora/Six910-ui/handlers/adminCategoryHandler.go:157.9,158.34 1 1
github.com/Ulbora/Six910-ui/handlers/adminCategoryHandler.go:158.34,165.19 7 1
github.com/Ulbora/Six910-ui/handlers/adminCategoryHandler.go:165.19,167.5 1 1
github.com/Ulbora/Six910-ui/handlers/adminCategoryHandler.go:167.10,169.5 1 1
github.com/Ulbora/Six910-ui/handlers/adminCategoryHandler.go:170.9,172.4 1 1
github.com/Ulbora/Six910-ui/handlers/adminCategoryHandler.go:176.73,190.2 12 1
github.com/Ulbora/Six910-ui/handlers/customerAccountHandler.go:31.91,34.9 3 1
github.com/Ulbora/Six910-ui/handlers/customerAccountHandler.go:34.9,36.3 1 1
github.com/Ulbora/Six910-ui/handlers/customerAccountHandler.go:40.87,43.9 3 1
github.com/Ulbora/Six910-ui/handlers/customerAccountHandler.go:43.9,48.34 4 1
github.com/Ulbora/Six910-ui/handlers/customerAccountHandler.go:48.34,50.4 1 1
github.com/Ulbora/Six910-ui/handlers/customerAccountHandler.go:50.9,70.79 18 1
github.com/Ulbora/Six910-ui/handlers/customerAccountHandler.go:81.4,86.79 6 1
github.com/Ulbora/Six910-ui/handlers/customerAccountHandler.go:97.4,119.11 19 1
github.com/Ulbora/Six910-ui/handlers/customerAccountHandler.go:70.79,79.5 8 1
github.com/Ulbora/Six910-ui/handlers/customerAccountHandler.go:86.79,95.5 8 1
github.com/Ulbora/Six910-ui/handlers/customerAccountHandler.go:119.11,131.5 10 1
github.com/Ulbora/Six910-ui/handlers/customerAccountHandler.go:131.10,133.5 1 1
github.com/Ulbora/Six910-ui/handlers/customerAccountHandler.go:139.91,142.9 3 1
github.com/Ulbora/Six910-ui/handlers/customerAccountHandler.go:142.9,143.40 1 1
github.com/Ulbora/Six910-ui/handlers/customerAccountHandler.go:143.40,149.23 4 1
github.com/Ulbora/Six910-ui/handlers/customerAccountHandler.go:152.4,155.60 4 1
github.com/Ulbora/Six910-ui/handlers/customerAccountHandler.go:149.23,151.5 1 1
github.com/Ulbora/Six910-ui/handlers/customerAccountHandler.go:156.9,158.4 1 1
github.com/Ulbora/Six910-ui/handlers/customerAccountHandler.go:163.87,166.9 3 1
github.com/Ulbora/Six910-ui/handlers/customerAccountHandler.go:166.9,167.41 1 1
github.com/Ulbora/Six910-ui/handlers/customerAccountHandler.go:167.41,182.20 14 1
github.com/Ulbora/Six910-ui/handlers/customerAccountHandler.go:193.4,193.15 1 1
github.com/Ulbora/Six910-ui/handlers/customerAccountHandler.go:182.20,192.5 9 1
github.com/Ulbora/Six910-ui/handlers/customerAccountHandler.go:193.15,195.5 1 1
github.com/Ulbora/Six910-ui/handlers/customerAccountHandler.go:195.10,197.5 1 1
github.com/Ulbora/Six910-ui/handlers/customerAccountHandler.go:198.9,200.4 1 1
github.com/Ulbora/Six910-ui/handlers/customerAccountHandler.go:205.88,208.9 3 1
github.com/Ulbora/Six910-ui/handlers/customerAccountHandler.go:208.9,209.40 1 1
github.com/Ulbora/Six910-ui/handlers/customerAccountHandler.go:209.40,212.24 3 1
github.com/Ulbora/Six910-ui/handlers/customerAccountHandler.go:215.4,219.67 5 1
github.com/Ulbora/Six910-ui/handlers/customerAccountHandler.go:212.24,214.5 1 1
github.com/Ulbora/Six910-ui/handlers/customerAccountHandler.go:220.9,222.4 1 1
github.com/Ulbora/Six910-ui/handlers/customerAccountHandler.go:227.84,230.9 3 1
github.com/Ulbora/Six910-ui/handlers/customerAccountHandler.go:230.9,231.40 1 1
github.com/Ulbora/Six910-ui/handlers/customerAccountHandler.go:231.40,241.42 9 1
github.com/Ulbora/Six910-ui/handlers/customerAccountHandler.go:259.4,259.15 1 1
github.com/Ulbora/Six910-ui/handlers/customerAccountHandler.go:241.42,258.5 16 1
github.com/Ulbora/Six910-ui/handlers/customerAccountHandler.go:259.15,261.5 1 1
github.com/Ulbora/Six910-ui/handlers/customerAccountHandler.go:261.10,263.5 1 1
github.com/Ulbora/Six910-ui/handlers/customerAccountHandler.go:264.9,266.4 1 1
github.com/Ulbora/Six910-ui/handlers/customerAccountHandler.go:271.87,274.9 3 1
github.com/Ulbora/Six910-ui/handlers/customerAccountHandler.go:274.9,275.40 1 1
github.com/Ulbora/Six910-ui/handlers/customerAccountHandler.go:275.40,283.21 8 1
github.com/Ulbora/Six910-ui/handlers/customerAccountHandler.go:283.21,285.5 1 1
github.com/Ulbora/Six910-ui/handlers/customerAccountHandler.go:285.10,287.5 1 1
github.com/Ulbora/Six910-ui/handlers/customerAccountHandler.go:288.9,290.4 1 1
github.com/Ulbora/Six910-ui/handlers/adminDistributorHandler.go:36.94,39.9 3 1
github.com/Ulbora/Six910-ui/handlers/adminDistributorHandler.go:39.9,40.34 1 1
github.com/Ulbora/Six910-ui/handlers/adminDistributorHandler.go:40.34,45.4 4 1
github.com/Ulbora/Six910-ui/handlers/adminDistributorHandler.go:45.9,47.4 1 1
github.com/Ulbora/Six910-ui/handlers/adminDistributorHandler.go:52.90,55.9 3 1
github.com/Ulbora/Six910-ui/handlers/adminDistributorHandler.go:55.9,56.35 1 1
github.com/Ulbora/Six910-ui/handlers/adminDistributorHandler.go:56.35,62.21 6 1
github.com/Ulbora/Six910-ui/handlers/adminDistributorHandler.go:62.21,64.5 1 1
github.com/Ulbora/Six910-ui/handlers/adminDistributorHandler.go:64.10,66.5 1 1
github.com/Ulbora/Six910-ui/handlers/adminDistributorHandler.go:67.9,69.4 1 1
github.com/Ulbora/Six910-ui/handlers/adminDistributorHandler.go:74.95,77.9 3 1
github.com/Ulbora/Six910-ui/handlers/adminDistributorHandler.go:77.9,78.34 1 1
github.com/Ulbora/Six910-ui/handlers/adminDistributorHandler.go:78.34,89.4 10 1
github.com/Ulbora/Six910-ui/handlers/adminDistributorHandler.go:89.9,91.4 1 1
github.com/Ulbora/Six910-ui/handlers/adminDistributorHandler.go:96.91,99.9 3 1
github.com/Ulbora/Six910-ui/handlers/adminDistributorHandler.go:99.9,100.35 1 1
github.com/Ulbora/Six910-ui/handlers/adminDistributorHandler.go:100.35,106.19 6 1
github.com/Ulbora/Six910-ui/handlers/adminDistributorHandler.go:106.19,108.5 1 1
github.com/Ulbora/Six910-ui/handlers/adminDistributorHandler.go:108.10,110.5 1 1
github.com/Ulbora/Six910-ui/handlers/adminDistributorHandler.go:111.9,113.4 1 1
github.com/Ulbora/Six910-ui/handlers/adminDistributorHandler.go:118.95,121.9 3 1
github.com/Ulbora/Six910-ui/handlers/adminDistributorHandler.go:121.9,122.35 1 1
github.com/Ulbora/Six910-ui/handlers/adminDistributorHandler.go:122.35,127.4 4 1
github.com/Ulbora/Six910-ui/handlers/adminDistributorHandler.go:127.9,129.4 1 1
github.com/Ulbora/Six910-ui/handlers/adminDistributorHandler.go:134.93,137.9 3 1
github.com/Ulbora/Six910-ui/handlers/adminDistributorHandler.go:137.9,138.34 1 1
github.com/Ulbora/Six910-ui/handlers/adminDistributorHandler.go:138.34,145.19 7 1
github.com/Ulbora/Six910-ui/handlers/adminDistributorHandler.go:145.19,147.5 1 1
github.com/Ulbora/Six910-ui/handlers/adminDistributorHandler.go:147.10,149.5 1 1
github.com/Ulbora/Six910-ui/handlers/adminDistributorHandler.go:150.9,152.4 1 1
github.com/Ulbora/Six910-ui/handlers/adminDistributorHandler.go:156.79,167.2 9 1
