mode: set
github.com/Ulbora/Six910-ui/handlers/adminUserHandler.go:31.90,34.9 3 1
github.com/Ulbora/Six910-ui/handlers/adminUserHandler.go:34.9,35.32 1 1
github.com/Ulbora/Six910-ui/handlers/adminUserHandler.go:35.32,37.4 1 1
github.com/Ulbora/Six910-ui/handlers/adminUserHandler.go:37.9,39.4 1 1
github.com/Ulbora/Six910-ui/handlers/adminUserHandler.go:45.94,47.9 2 1
github.com/Ulbora/Six910-ui/handlers/adminUserHandler.go:47.9,53.100 5 1
github.com/Ulbora/Six910-ui/handlers/adminUserHandler.go:53.100,55.4 1 1
github.com/Ulbora/Six910-ui/handlers/adminUserHandler.go:55.9,74.19 15 1
github.com/Ulbora/Six910-ui/handlers/adminUserHandler.go:74.19,76.5 1 1
github.com/Ulbora/Six910-ui/handlers/adminUserHandler.go:76.10,78.5 1 1
github.com/Ulbora/Six910-ui/handlers/adminUserHandler.go:84.92,87.9 3 1
github.com/Ulbora/Six910-ui/handlers/adminUserHandler.go:87.9,88.35 1 1
github.com/Ulbora/Six910-ui/handlers/adminUserHandler.go:88.35,90.4 1 1
github.com/Ulbora/Six910-ui/handlers/adminUserHandler.go:90.9,92.4 1 1
github.com/Ulbora/Six910-ui/handlers/adminUserHandler.go:97.88,100.9 3 1
github.com/Ulbora/Six910-ui/handlers/adminUserHandler.go:100.9,101.36 1 1
github.com/Ulbora/Six910-ui/handlers/adminUserHandler.go:101.36,104.24 2 1
github.com/Ulbora/Six910-ui/handlers/adminUserHandler.go:127.4,127.11 1 1
github.com/Ulbora/Six910-ui/handlers/adminUserHandler.go:104.24,110.5 5 1
github.com/Ulbora/Six910-ui/handlers/adminUserHandler.go:110.10,126.5 14 1
github.com/Ulbora/Six910-ui/handlers/adminUserHandler.go:127.11,129.5 1 1
github.com/Ulbora/Six910-ui/handlers/adminUserHandler.go:129.10,131.5 1 1
github.com/Ulbora/Six910-ui/handlers/adminUserHandler.go:132.9,134.4 1 1
github.com/Ulbora/Six910-ui/handlers/adminUserHandler.go:139.89,142.9 3 1
github.com/Ulbora/Six910-ui/handlers/adminUserHandler.go:142.9,143.36 1 1
github.com/Ulbora/Six910-ui/handlers/adminUserHandler.go:143.36,144.24 1 1
github.com/Ulbora/Six910-ui/handlers/adminUserHandler.go:144.24,149.5 4 1
github.com/Ulbora/Six910-ui/handlers/adminUserHandler.go:149.10,154.5 4 1
github.com/Ulbora/Six910-ui/handlers/adminUserHandler.go:155.9,157.4 1 1
github.com/Ulbora/Six910-ui/handlers/adminUserHandler.go:162.92,165.9 3 1
github.com/Ulbora/Six910-ui/handlers/adminUserHandler.go:165.9,166.36 1 1
github.com/Ulbora/Six910-ui/handlers/adminUserHandler.go:166.36,171.4 4 1
github.com/Ulbora/Six910-ui/handlers/adminUserHandler.go:171.9,173.4 1 1
github.com/Ulbora/Six910-ui/handlers/adminUserHandler.go:178.88,181.9 3 1
github.com/Ulbora/Six910-ui/handlers/adminUserHandler.go:181.9,182.35 1 1
github.com/Ulbora/Six910-ui/handlers/adminUserHandler.go:182.35,187.47 5 1
github.com/Ulbora/Six910-ui/handlers/adminUserHandler.go:190.4,190.17 1 1
github.com/Ulbora/Six910-ui/handlers/adminUserHandler.go:187.47,189.5 1 1
github.com/Ulbora/Six910-ui/handlers/adminUserHandler.go:190.17,196.5 5 1
github.com/Ulbora/Six910-ui/handlers/adminUserHandler.go:196.10,201.5 4 1
github.com/Ulbora/Six910-ui/handlers/adminUserHandler.go:202.9,204.4 1 1
github.com/Ulbora/Six910-ui/handlers/adminUserHandler.go:209.84,212.9 3 1
github.com/Ulbora/Six910-ui/handlers/adminUserHandler.go:212.9,213.35 1 1
github.com/Ulbora/Six910-ui/handlers/adminUserHandler.go:213.35,218.23 5 1
github.com/Ulbora/Six910-ui/handlers/adminUserHandler.go:221.4,222.17 2 1
github.com/Ulbora/Six910-ui/handlers/adminUserHandler.go:249.4,249.11 1 1
github.com/Ulbora/Six910-ui/handlers/adminUserHandler.go:218.23,220.5 1 1
github.com/Ulbora/Six910-ui/handlers/adminUserHandler.go:222.17,232.128 9 1
github.com/Ulbora/Six910-ui/handlers/adminUserHandler.go:232.128,236.6 3 1
github.com/Ulbora/Six910-ui/handlers/adminUserHandler.go:237.10,248.5 9 1
github.com/Ulbora/Six910-ui/handlers/adminUserHandler.go:249.11,250.30 1 1
github.com/Ulbora/Six910-ui/handlers/adminUserHandler.go:250.30,252.6 1 1
github.com/Ulbora/Six910-ui/handlers/adminUserHandler.go:252.11,254.6 1 1
github.com/Ulbora/Six910-ui/handlers/adminUserHandler.go:255.10,257.5 1 1
github.com/Ulbora/Six910-ui/handlers/adminUserHandler.go:258.9,260.4 1 1
github.com/Ulbora/Six910-ui/handlers/adminUserHandler.go:264.64,274.21 8 1
github.com/Ulbora/Six910-ui/handlers/adminUserHandler.go:280.2,280.11 1 1
github.com/Ulbora/Six910-ui/handlers/adminUserHandler.go:274.21,276.3 1 1
github.com/Ulbora/Six910-ui/handlers/adminUserHandler.go:276.8,278.3 1 1
github.com/Ulbora/Six910-ui/handlers/adminMenuHandler.go:30.87,33.9 3 1
github.com/Ulbora/Six910-ui/handlers/adminMenuHandler.go:33.9,34.32 1 1
github.com/Ulbora/Six910-ui/handlers/adminMenuHandler.go:34.32,36.4 1 1
github.com/Ulbora/Six910-ui/handlers/adminMenuHandler.go:36.9,38.4 1 1
github.com/Ulbora/Six910-ui/handlers/adminMenuHandler.go:43.83,46.9 3 1
github.com/Ulbora/Six910-ui/handlers/adminMenuHandler.go:46.9,47.32 1 1
github.com/Ulbora/Six910-ui/handlers/adminMenuHandler.go:47.32,51.11 4 1
github.com/Ulbora/Six910-ui/handlers/adminMenuHandler.go:51.11,53.5 1 1
github.com/Ulbora/Six910-ui/handlers/adminMenuHandler.go:53.10,55.5 1 1
github.com/Ulbora/Six910-ui/handlers/adminMenuHandler.go:56.9,58.4 1 1
github.com/Ulbora/Six910-ui/handlers/adminMenuHandler.go:63.83,66.9 3 1
github.com/Ulbora/Six910-ui/handlers/adminMenuHandler.go:66.9,67.32 1 1
github.com/Ulbora/Six910-ui/handlers/adminMenuHandler.go:67.32,76.4 6 1
github.com/Ulbora/Six910-ui/handlers/adminMenuHandler.go:76.9,78.4 1 1
github.com/Ulbora/Six910-ui/handlers/adminMenuHandler.go:83.86,86.9 3 1
github.com/Ulbora/Six910-ui/handlers/adminMenuHandler.go:86.9,87.32 1 1
github.com/Ulbora/Six910-ui/handlers/adminMenuHandler.go:87.32,91.11 4 1
github.com/Ulbora/Six910-ui/handlers/adminMenuHandler.go:91.11,93.5 1 1
github.com/Ulbora/Six910-ui/handlers/adminMenuHandler.go:93.10,96.5 1 1
github.com/Ulbora/Six910-ui/handlers/adminMenuHandler.go:97.9,99.4 1 1
github.com/Ulbora/Six910-ui/handlers/adminMenuHandler.go:104.84,107.9 3 1
github.com/Ulbora/Six910-ui/handlers/adminMenuHandler.go:107.9,108.35 1 1
github.com/Ulbora/Six910-ui/handlers/adminMenuHandler.go:108.35,110.41 2 1
github.com/Ulbora/Six910-ui/handlers/adminMenuHandler.go:113.4,114.64 2 1
github.com/Ulbora/Six910-ui/handlers/adminMenuHandler.go:110.41,112.5 1 1
github.com/Ulbora/Six910-ui/handlers/adminMenuHandler.go:115.9,117.4 1 1
github.com/Ulbora/Six910-ui/handlers/adminMenuHandler.go:121.66,243.20 82 1
github.com/Ulbora/Six910-ui/handlers/adminMenuHandler.go:249.2,290.12 31 1
github.com/Ulbora/Six910-ui/handlers/adminMenuHandler.go:243.20,245.3 1 1
github.com/Ulbora/Six910-ui/handlers/adminMenuHandler.go:245.8,247.3 1 1
github.com/Ulbora/Six910-ui/handlers/adminStorePluginHandler.go:37.94,40.9 3 1
github.com/Ulbora/Six910-ui/handlers/adminStorePluginHandler.go:40.9,41.36 1 1
github.com/Ulbora/Six910-ui/handlers/adminStorePluginHandler.go:41.36,46.4 4 1
github.com/Ulbora/Six910-ui/handlers/adminStorePluginHandler.go:46.9,48.4 1 1
github.com/Ulbora/Six910-ui/handlers/adminStorePluginHandler.go:53.102,56.9 3 1
github.com/Ulbora/Six910-ui/handlers/adminStorePluginHandler.go:56.9,57.37 1 1
github.com/Ulbora/Six910-ui/handlers/adminStorePluginHandler.go:57.37,70.4 12 1
github.com/Ulbora/Six910-ui/handlers/adminStorePluginHandler.go:70.9,72.4 1 1
github.com/Ulbora/Six910-ui/handlers/adminStorePluginHandler.go:77.99,80.9 3 1
github.com/Ulbora/Six910-ui/handlers/adminStorePluginHandler.go:80.9,81.37 1 1
github.com/Ulbora/Six910-ui/handlers/adminStorePluginHandler.go:81.37,92.4 10 1
github.com/Ulbora/Six910-ui/handlers/adminStorePluginHandler.go:92.9,94.4 1 1
github.com/Ulbora/Six910-ui/handlers/adminStorePluginHandler.go:99.90,102.9 3 1
github.com/Ulbora/Six910-ui/handlers/adminStorePluginHandler.go:102.9,103.38 1 1
github.com/Ulbora/Six910-ui/handlers/adminStorePluginHandler.go:103.38,112.31 9 1
github.com/Ulbora/Six910-ui/handlers/adminStorePluginHandler.go:118.4,120.18 3 1
github.com/Ulbora/Six910-ui/handlers/adminStorePluginHandler.go:140.4,140.14 1 1
github.com/Ulbora/Six910-ui/handlers/adminStorePluginHandler.go:112.31,113.28 1 1
github.com/Ulbora/Six910-ui/handlers/adminStorePluginHandler.go:113.28,115.11 2 1
github.com/Ulbora/Six910-ui/handlers/adminStorePluginHandler.go:120.18,137.5 13 1
github.com/Ulbora/Six910-ui/handlers/adminStorePluginHandler.go:137.10,139.5 1 1
github.com/Ulbora/Six910-ui/handlers/adminStorePluginHandler.go:140.14,142.5 1 1
github.com/Ulbora/Six910-ui/handlers/adminStorePluginHandler.go:142.10,144.5 1 1
github.com/Ulbora/Six910-ui/handlers/adminStorePluginHandler.go:145.9,147.4 1 1
github.com/Ulbora/Six910-ui/handlers/adminStorePluginHandler.go:152.95,155.9 3 1
github.com/Ulbora/Six910-ui/handlers/adminStorePluginHandler.go:155.9,156.36 1 1
github.com/Ulbora/Six910-ui/handlers/adminStorePluginHandler.go:156.36,167.4 10 1
github.com/Ulbora/Six910-ui/handlers/adminStorePluginHandler.go:167.9,169.4 1 1
github.com/Ulbora/Six910-ui/handlers/adminStorePluginHandler.go:174.91,177.9 3 1
github.com/Ulbora/Six910-ui/handlers/adminStorePluginHandler.go:177.9,178.37 1 1
github.com/Ulbora/Six910-ui/handlers/adminStorePluginHandler.go:178.37,184.19 6 1
github.com/Ulbora/Six910-ui/handlers/adminStorePluginHandler.go:184.19,186.5 1 1
github.com/Ulbora/Six910-ui/handlers/adminStorePluginHandler.go:186.10,188.5 1 1
github.com/Ulbora/Six910-ui/handlers/adminStorePluginHandler.go:189.9,191.4 1 1
github.com/Ulbora/Six910-ui/handlers/adminStorePluginHandler.go:196.95,199.9 3 1
github.com/Ulbora/Six910-ui/handlers/adminStorePluginHandler.go:199.9,200.37 1 1
github.com/Ulbora/Six910-ui/handlers/adminStorePluginHandler.go:200.37,205.4 4 1
github.com/Ulbora/Six910-ui/handlers/adminStorePluginHandler.go:205.9,207.4 1 1
github.com/Ulbora/Six910-ui/handlers/adminStorePluginHandler.go:212.93,215.9 3 1
github.com/Ulbora/Six910-ui/handlers/adminStorePluginHandler.go:215.9,216.36 1 1
github.com/Ulbora/Six910-ui/handlers/adminStorePluginHandler.go:216.36,223.19 7 1
github.com/Ulbora/Six910-ui/handlers/adminStorePluginHandler.go:223.19,225.5 1 1
github.com/Ulbora/Six910-ui/handlers/adminStorePluginHandler.go:225.10,227.5 1 1
github.com/Ulbora/Six910-ui/handlers/adminStorePluginHandler.go:228.9,230.4 1 1
github.com/Ulbora/Six910-ui/handlers/adminStorePluginHandler.go:234.80,241.20 7 1
github.com/Ulbora/Six910-ui/handlers/adminStorePluginHandler.go:247.2,273.11 20 1
github.com/Ulbora/Six910-ui/handlers/adminStorePluginHandler.go:241.20,243.3 1 1
github.com/Ulbora/Six910-ui/handlers/adminStorePluginHandler.go:243.8,245.3 1 1
github.com/Ulbora/Six910-ui/handlers/adminTaxRateHandler.go:40.90,43.9 3 1
github.com/Ulbora/Six910-ui/handlers/adminTaxRateHandler.go:43.9,44.36 1 1
github.com/Ulbora/Six910-ui/handlers/adminTaxRateHandler.go:44.36,49.4 4 1
github.com/Ulbora/Six910-ui/handlers/adminTaxRateHandler.go:49.9,51.4 1 1
github.com/Ulbora/Six910-ui/handlers/adminTaxRateHandler.go:56.86,59.9 3 1
github.com/Ulbora/Six910-ui/handlers/adminTaxRateHandler.go:59.9,60.37 1 1
github.com/Ulbora/Six910-ui/handlers/adminTaxRateHandler.go:60.37,66.22 6 1
github.com/Ulbora/Six910-ui/handlers/adminTaxRateHandler.go:66.22,68.5 1 1
github.com/Ulbora/Six910-ui/handlers/adminTaxRateHandler.go:68.10,70.5 1 1
github.com/Ulbora/Six910-ui/handlers/adminTaxRateHandler.go:71.9,73.4 1 1
github.com/Ulbora/Six910-ui/handlers/adminTaxRateHandler.go:78.91,81.9 3 1
github.com/Ulbora/Six910-ui/handlers/adminTaxRateHandler.go:81.9,82.35 1 1
github.com/Ulbora/Six910-ui/handlers/adminTaxRateHandler.go:82.35,98.71 14 1
github.com/Ulbora/Six910-ui/handlers/adminTaxRateHandler.go:110.4,111.39 2 1
github.com/Ulbora/Six910-ui/handlers/adminTaxRateHandler.go:117.4,119.67 2 1
github.com/Ulbora/Six910-ui/handlers/adminTaxRateHandler.go:98.71,101.27 3 1
github.com/Ulbora/Six910-ui/handlers/adminTaxRateHandler.go:107.5,107.49 1 1
github.com/Ulbora/Six910-ui/handlers/adminTaxRateHandler.go:101.27,102.30 1 1
github.com/Ulbora/Six910-ui/handlers/adminTaxRateHandler.go:102.30,104.12 2 1
github.com/Ulbora/Six910-ui/handlers/adminTaxRateHandler.go:111.39,116.5 4 1
github.com/Ulbora/Six910-ui/handlers/adminTaxRateHandler.go:120.9,122.4 1 1
github.com/Ulbora/Six910-ui/handlers/adminTaxRateHandler.go:127.87,130.9 3 1
github.com/Ulbora/Six910-ui/handlers/adminTaxRateHandler.go:130.9,131.36 1 1
github.com/Ulbora/Six910-ui/handlers/adminTaxRateHandler.go:131.36,137.19 6 1
github.com/Ulbora/Six910-ui/handlers/adminTaxRateHandler.go:137.19,139.5 1 1
github.com/Ulbora/Six910-ui/handlers/adminTaxRateHandler.go:139.10,141.5 1 1
github.com/Ulbora/Six910-ui/handlers/adminTaxRateHandler.go:142.9,144.4 1 1
github.com/Ulbora/Six910-ui/handlers/adminTaxRateHandler.go:149.91,152.9 3 1
github.com/Ulbora/Six910-ui/handlers/adminTaxRateHandler.go:152.9,153.36 1 1
github.com/Ulbora/Six910-ui/handlers/adminTaxRateHandler.go:153.36,159.39 5 1
github.com/Ulbora/Six910-ui/handlers/adminTaxRateHandler.go:166.4,167.39 2 1
github.com/Ulbora/Six910-ui/handlers/adminTaxRateHandler.go:173.4,175.67 2 1
github.com/Ulbora/Six910-ui/handlers/adminTaxRateHandler.go:159.39,164.5 4 1
github.com/Ulbora/Six910-ui/handlers/adminTaxRateHandler.go:167.39,172.5 4 1
github.com/Ulbora/Six910-ui/handlers/adminTaxRateHandler.go:176.9,178.4 1 1
github.com/Ulbora/Six910-ui/handlers/adminTaxRateHandler.go:183.89,186.9 3 1
github.com/Ulbora/Six910-ui/handlers/adminTaxRateHandler.go:186.9,187.35 1 1
github.com/Ulbora/Six910-ui/handlers/adminTaxRateHandler.go:187.35,194.19 7 1
github.com/Ulbora/Six910-ui/handlers/adminTaxRateHandler.go:194.19,196.5 1 1
github.com/Ulbora/Six910-ui/handlers/adminTaxRateHandler.go:196.10,198.5 1 1
github.com/Ulbora/Six910-ui/handlers/adminTaxRateHandler.go:199.9,201.4 1 1
github.com/Ulbora/Six910-ui/handlers/adminTaxRateHandler.go:205.71,219.29 14 1
github.com/Ulbora/Six910-ui/handlers/adminTaxRateHandler.go:224.2,226.29 3 1
github.com/Ulbora/Six910-ui/handlers/adminTaxRateHandler.go:231.2,235.11 4 1
github.com/Ulbora/Six910-ui/handlers/adminTaxRateHandler.go:219.29,221.3 1 1
github.com/Ulbora/Six910-ui/handlers/adminTaxRateHandler.go:221.8,223.3 1 1
github.com/Ulbora/Six910-ui/handlers/adminTaxRateHandler.go:226.29,228.3 1 1
github.com/Ulbora/Six910-ui/handlers/adminTaxRateHandler.go:228.8,230.3 1 1
github.com/Ulbora/Six910-ui/handlers/adminNonProductImagesHandler.go:29.88,32.9 3 1
github.com/Ulbora/Six910-ui/handlers/adminNonProductImagesHandler.go:32.9,33.33 1 1
github.com/Ulbora/Six910-ui/handlers/adminNonProductImagesHandler.go:33.33,35.4 1 1
github.com/Ulbora/Six910-ui/handlers/adminNonProductImagesHandler.go:35.9,37.4 1 1
github.com/Ulbora/Six910-ui/handlers/adminNonProductImagesHandler.go:42.87,45.9 3 1
github.com/Ulbora/Six910-ui/handlers/adminNonProductImagesHandler.go:45.9,46.34 1 1
github.com/Ulbora/Six910-ui/handlers/adminNonProductImagesHandler.go:46.34,63.13 10 1
github.com/Ulbora/Six910-ui/handlers/adminNonProductImagesHandler.go:63.13,65.5 1 1
github.com/Ulbora/Six910-ui/handlers/adminNonProductImagesHandler.go:65.10,67.5 1 1
github.com/Ulbora/Six910-ui/handlers/adminNonProductImagesHandler.go:68.9,70.4 1 1
github.com/Ulbora/Six910-ui/handlers/adminNonProductImagesHandler.go:75.85,78.9 3 1
github.com/Ulbora/Six910-ui/handlers/adminNonProductImagesHandler.go:78.9,79.35 1 1
github.com/Ulbora/Six910-ui/handlers/adminNonProductImagesHandler.go:79.35,83.4 2 1
github.com/Ulbora/Six910-ui/handlers/adminNonProductImagesHandler.go:83.9,85.4 1 1
github.com/Ulbora/Six910-ui/handlers/adminNonProductImagesHandler.go:90.87,93.9 3 1
github.com/Ulbora/Six910-ui/handlers/adminNonProductImagesHandler.go:93.9,94.34 1 1
github.com/Ulbora/Six910-ui/handlers/adminNonProductImagesHandler.go:94.34,102.4 5 1
github.com/Ulbora/Six910-ui/handlers/adminNonProductImagesHandler.go:102.9,104.4 1 1
github.com/Ulbora/Six910-ui/handlers/adminPaymentGatwayHandler.go:41.97,44.9 3 1
github.com/Ulbora/Six910-ui/handlers/adminPaymentGatwayHandler.go:44.9,45.35 1 1
github.com/Ulbora/Six910-ui/handlers/adminPaymentGatwayHandler.go:45.35,50.4 4 1
github.com/Ulbora/Six910-ui/handlers/adminPaymentGatwayHandler.go:50.9,52.4 1 1
github.com/Ulbora/Six910-ui/handlers/adminPaymentGatwayHandler.go:57.93,60.9 3 1
github.com/Ulbora/Six910-ui/handlers/adminPaymentGatwayHandler.go:60.9,61.35 1 1
github.com/Ulbora/Six910-ui/handlers/adminPaymentGatwayHandler.go:61.35,67.28 6 1
github.com/Ulbora/Six910-ui/handlers/adminPaymentGatwayHandler.go:73.4,74.14 2 1
github.com/Ulbora/Six910-ui/handlers/adminPaymentGatwayHandler.go:81.4,81.11 1 1
github.com/Ulbora/Six910-ui/handlers/adminPaymentGatwayHandler.go:67.28,68.48 1 1
github.com/Ulbora/Six910-ui/handlers/adminPaymentGatwayHandler.go:68.48,70.11 2 1
github.com/Ulbora/Six910-ui/handlers/adminPaymentGatwayHandler.go:74.14,78.5 3 1
github.com/Ulbora/Six910-ui/handlers/adminPaymentGatwayHandler.go:78.10,80.5 1 1
github.com/Ulbora/Six910-ui/handlers/adminPaymentGatwayHandler.go:81.11,83.5 1 1
github.com/Ulbora/Six910-ui/handlers/adminPaymentGatwayHandler.go:83.10,85.5 1 1
github.com/Ulbora/Six910-ui/handlers/adminPaymentGatwayHandler.go:86.9,88.4 1 1
github.com/Ulbora/Six910-ui/handlers/adminPaymentGatwayHandler.go:93.98,96.9 3 1
github.com/Ulbora/Six910-ui/handlers/adminPaymentGatwayHandler.go:96.9,97.35 1 1
github.com/Ulbora/Six910-ui/handlers/adminPaymentGatwayHandler.go:97.35,109.49 11 1
github.com/Ulbora/Six910-ui/handlers/adminPaymentGatwayHandler.go:115.4,116.39 2 1
github.com/Ulbora/Six910-ui/handlers/adminPaymentGatwayHandler.go:129.4,131.74 2 1
github.com/Ulbora/Six910-ui/handlers/adminPaymentGatwayHandler.go:109.49,113.5 3 1
github.com/Ulbora/Six910-ui/handlers/adminPaymentGatwayHandler.go:116.39,120.28 4 1
github.com/Ulbora/Six910-ui/handlers/adminPaymentGatwayHandler.go:125.5,126.42 2 1
github.com/Ulbora/Six910-ui/handlers/adminPaymentGatwayHandler.go:120.28,121.28 1 1
github.com/Ulbora/Six910-ui/handlers/adminPaymentGatwayHandler.go:121.28,123.7 1 1
github.com/Ulbora/Six910-ui/handlers/adminPaymentGatwayHandler.go:132.9,134.4 1 1
github.com/Ulbora/Six910-ui/handlers/adminPaymentGatwayHandler.go:139.94,142.9 3 1
github.com/Ulbora/Six910-ui/handlers/adminPaymentGatwayHandler.go:142.9,143.35 1 1
github.com/Ulbora/Six910-ui/handlers/adminPaymentGatwayHandler.go:143.35,149.19 6 1
github.com/Ulbora/Six910-ui/handlers/adminPaymentGatwayHandler.go:149.19,151.5 1 1
github.com/Ulbora/Six910-ui/handlers/adminPaymentGatwayHandler.go:151.10,153.5 1 1
github.com/Ulbora/Six910-ui/handlers/adminPaymentGatwayHandler.go:154.9,156.4 1 1
github.com/Ulbora/Six910-ui/handlers/adminPaymentGatwayHandler.go:161.98,164.9 3 1
github.com/Ulbora/Six910-ui/handlers/adminPaymentGatwayHandler.go:164.9,165.36 1 1
github.com/Ulbora/Six910-ui/handlers/adminPaymentGatwayHandler.go:165.36,171.39 5 1
github.com/Ulbora/Six910-ui/handlers/adminPaymentGatwayHandler.go:184.4,185.39 2 1
github.com/Ulbora/Six910-ui/handlers/adminPaymentGatwayHandler.go:191.4,193.78 2 1
github.com/Ulbora/Six910-ui/handlers/adminPaymentGatwayHandler.go:171.39,175.27 4 1
github.com/Ulbora/Six910-ui/handlers/adminPaymentGatwayHandler.go:180.5,181.40 2 1
github.com/Ulbora/Six910-ui/handlers/adminPaymentGatwayHandler.go:175.27,176.27 1 1
github.com/Ulbora/Six910-ui/handlers/adminPaymentGatwayHandler.go:176.27,178.7 1 1
github.com/Ulbora/Six910-ui/handlers/adminPaymentGatwayHandler.go:185.39,190.5 4 1
github.com/Ulbora/Six910-ui/handlers/adminPaymentGatwayHandler.go:194.9,196.4 1 1
github.com/Ulbora/Six910-ui/handlers/adminPaymentGatwayHandler.go:201.96,204.9 3 1
github.com/Ulbora/Six910-ui/handlers/adminPaymentGatwayHandler.go:204.9,205.35 1 1
github.com/Ulbora/Six910-ui/handlers/adminPaymentGatwayHandler.go:205.35,212.19 7 1
github.com/Ulbora/Six910-ui/handlers/adminPaymentGatwayHandler.go:212.19,214.5 1 1
github.com/Ulbora/Six910-ui/handlers/adminPaymentGatwayHandler.go:214.10,216.5 1 1
github.com/Ulbora/Six910-ui/handlers/adminPaymentGatwayHandler.go:217.9,219.4 1 1
github.com/Ulbora/Six910-ui/handlers/adminPaymentGatwayHandler.go:223.74,236.2 11 1
github.com/Ulbora/Six910-ui/handlers/adminShipmentHandler.go:45.91,48.9 3 1
github.com/Ulbora/Six910-ui/handlers/adminShipmentHandler.go:48.9,49.34 1 1
github.com/Ulbora/Six910-ui/handlers/adminShipmentHandler.go:49.34,59.50 10 1
github.com/Ulbora/Six910-ui/handlers/adminShipmentHandler.go:64.4,65.50 2 1
github.com/Ulbora/Six910-ui/handlers/adminShipmentHandler.go:70.4,71.50 2 1
github.com/Ulbora/Six910-ui/handlers/adminShipmentHandler.go:76.4,82.68 3 1
github.com/Ulbora/Six910-ui/handlers/adminShipmentHandler.go:59.50,62.5 2 1
github.com/Ulbora/Six910-ui/handlers/adminShipmentHandler.go:65.50,68.5 2 1
github.com/Ulbora/Six910-ui/handlers/adminShipmentHandler.go:71.50,74.5 2 1
github.com/Ulbora/Six910-ui/handlers/adminShipmentHandler.go:83.9,85.4 1 1
github.com/Ulbora/Six910-ui/handlers/adminShipmentHandler.go:90.87,93.9 3 1
github.com/Ulbora/Six910-ui/handlers/adminShipmentHandler.go:93.9,94.33 1 1
github.com/Ulbora/Six910-ui/handlers/adminShipmentHandler.go:94.33,101.21 7 1
github.com/Ulbora/Six910-ui/handlers/adminShipmentHandler.go:129.4,130.15 2 1
github.com/Ulbora/Six910-ui/handlers/adminShipmentHandler.go:101.21,105.25 4 1
github.com/Ulbora/Six910-ui/handlers/adminShipmentHandler.go:119.5,121.29 3 1
github.com/Ulbora/Six910-ui/handlers/adminShipmentHandler.go:105.25,107.86 2 1
github.com/Ulbora/Six910-ui/handlers/adminShipmentHandler.go:107.86,117.7 9 1
github.com/Ulbora/Six910-ui/handlers/adminShipmentHandler.go:121.29,122.22 1 1
github.com/Ulbora/Six910-ui/handlers/adminShipmentHandler.go:122.22,124.7 1 1
github.com/Ulbora/Six910-ui/handlers/adminShipmentHandler.go:126.10,128.5 1 1
github.com/Ulbora/Six910-ui/handlers/adminShipmentHandler.go:130.15,132.5 1 1
github.com/Ulbora/Six910-ui/handlers/adminShipmentHandler.go:132.10,134.5 1 1
github.com/Ulbora/Six910-ui/handlers/adminShipmentHandler.go:135.9,137.4 1 1
github.com/Ulbora/Six910-ui/handlers/adminShipmentHandler.go:142.92,145.9 3 1
github.com/Ulbora/Six910-ui/handlers/adminShipmentHandler.go:145.9,146.34 1 1
github.com/Ulbora/Six910-ui/handlers/adminShipmentHandler.go:146.34,163.50 14 1
github.com/Ulbora/Six910-ui/handlers/adminShipmentHandler.go:168.4,169.50 2 1
github.com/Ulbora/Six910-ui/handlers/adminShipmentHandler.go:174.4,175.50 2 1
github.com/Ulbora/Six910-ui/handlers/adminShipmentHandler.go:180.4,181.50 2 1
github.com/Ulbora/Six910-ui/handlers/adminShipmentHandler.go:186.4,187.51 2 1
github.com/Ulbora/Six910-ui/handlers/adminShipmentHandler.go:192.4,193.51 2 1
github.com/Ulbora/Six910-ui/handlers/adminShipmentHandler.go:198.4,202.71 3 1
github.com/Ulbora/Six910-ui/handlers/adminShipmentHandler.go:163.50,166.5 2 1
github.com/Ulbora/Six910-ui/handlers/adminShipmentHandler.go:169.50,172.5 2 1
github.com/Ulbora/Six910-ui/handlers/adminShipmentHandler.go:175.50,178.5 2 1
github.com/Ulbora/Six910-ui/handlers/adminShipmentHandler.go:181.50,184.5 2 1
github.com/Ulbora/Six910-ui/handlers/adminShipmentHandler.go:187.51,190.5 2 1
github.com/Ulbora/Six910-ui/handlers/adminShipmentHandler.go:193.51,196.5 2 1
github.com/Ulbora/Six910-ui/handlers/adminShipmentHandler.go:203.9,205.4 1 1
github.com/Ulbora/Six910-ui/handlers/adminShipmentHandler.go:210.88,213.9 3 1
github.com/Ulbora/Six910-ui/handlers/adminShipmentHandler.go:213.9,214.35 1 1
github.com/Ulbora/Six910-ui/handlers/adminShipmentHandler.go:214.35,220.19 6 1
github.com/Ulbora/Six910-ui/handlers/adminShipmentHandler.go:220.19,222.5 1 1
github.com/Ulbora/Six910-ui/handlers/adminShipmentHandler.go:222.10,224.5 1 1
github.com/Ulbora/Six910-ui/handlers/adminShipmentHandler.go:225.9,227.4 1 1
github.com/Ulbora/Six910-ui/handlers/adminShipmentHandler.go:232.92,235.9 3 1
github.com/Ulbora/Six910-ui/handlers/adminShipmentHandler.go:235.9,236.34 1 1
github.com/Ulbora/Six910-ui/handlers/adminShipmentHandler.go:236.34,249.50 10 1
github.com/Ulbora/Six910-ui/handlers/adminShipmentHandler.go:254.4,255.50 2 1
github.com/Ulbora/Six910-ui/handlers/adminShipmentHandler.go:260.4,261.50 2 1
github.com/Ulbora/Six910-ui/handlers/adminShipmentHandler.go:266.4,267.50 2 1
github.com/Ulbora/Six910-ui/handlers/adminShipmentHandler.go:272.4,274.71 3 1
github.com/Ulbora/Six910-ui/handlers/adminShipmentHandler.go:249.50,252.5 2 1
github.com/Ulbora/Six910-ui/handlers/adminShipmentHandler.go:255.50,258.5 2 1
github.com/Ulbora/Six910-ui/handlers/adminShipmentHandler.go:261.50,264.5 2 1
github.com/Ulbora/Six910-ui/handlers/adminShipmentHandler.go:267.50,270.5 2 1
github.com/Ulbora/Six910-ui/handlers/adminShipmentHandler.go:275.9,277.4 1 1
github.com/Ulbora/Six910-ui/handlers/adminShipmentHandler.go:282.90,285.9 3 1
github.com/Ulbora/Six910-ui/handlers/adminShipmentHandler.go:285.9,286.34 1 1
github.com/Ulbora/Six910-ui/handlers/adminShipmentHandler.go:286.34,293.19 7 1
github.com/Ulbora/Six910-ui/handlers/adminShipmentHandler.go:293.19,295.5 1 1
github.com/Ulbora/Six910-ui/handlers/adminShipmentHandler.go:295.10,297.5 1 1
github.com/Ulbora/Six910-ui/handlers/adminShipmentHandler.go:298.9,300.4 1 1
github.com/Ulbora/Six910-ui/handlers/adminShipmentHandler.go:304.73,319.2 13 1
github.com/Ulbora/Six910-ui/handlers/adminSubRegionHandler.go:39.92,42.9 3 1
github.com/Ulbora/Six910-ui/handlers/adminSubRegionHandler.go:42.9,43.36 1 1
github.com/Ulbora/Six910-ui/handlers/adminSubRegionHandler.go:43.36,54.4 10 1
github.com/Ulbora/Six910-ui/handlers/adminSubRegionHandler.go:54.9,56.4 1 1
github.com/Ulbora/Six910-ui/handlers/adminSubRegionHandler.go:61.88,64.9 3 1
github.com/Ulbora/Six910-ui/handlers/adminSubRegionHandler.go:64.9,65.37 1 1
github.com/Ulbora/Six910-ui/handlers/adminSubRegionHandler.go:65.37,71.21 6 1
github.com/Ulbora/Six910-ui/handlers/adminSubRegionHandler.go:71.21,73.5 1 1
github.com/Ulbora/Six910-ui/handlers/adminSubRegionHandler.go:73.10,75.5 1 1
github.com/Ulbora/Six910-ui/handlers/adminSubRegionHandler.go:76.9,78.4 1 1
github.com/Ulbora/Six910-ui/handlers/adminSubRegionHandler.go:83.93,86.9 3 1
github.com/Ulbora/Six910-ui/handlers/adminSubRegionHandler.go:86.9,87.36 1 1
github.com/Ulbora/Six910-ui/handlers/adminSubRegionHandler.go:87.36,105.55 14 1
github.com/Ulbora/Six910-ui/handlers/adminSubRegionHandler.go:110.4,111.58 2 1
github.com/Ulbora/Six910-ui/handlers/adminSubRegionHandler.go:116.4,118.69 2 1
github.com/Ulbora/Six910-ui/handlers/adminSubRegionHandler.go:105.55,108.5 2 1
github.com/Ulbora/Six910-ui/handlers/adminSubRegionHandler.go:111.58,114.5 2 1
github.com/Ulbora/Six910-ui/handlers/adminSubRegionHandler.go:119.9,121.4 1 1
github.com/Ulbora/Six910-ui/handlers/adminSubRegionHandler.go:126.89,129.9 3 1
github.com/Ulbora/Six910-ui/handlers/adminSubRegionHandler.go:129.9,130.37 1 1
github.com/Ulbora/Six910-ui/handlers/adminSubRegionHandler.go:130.37,136.19 6 1
github.com/Ulbora/Six910-ui/handlers/adminSubRegionHandler.go:136.19,138.5 1 1
github.com/Ulbora/Six910-ui/handlers/adminSubRegionHandler.go:138.10,140.5 1 1
github.com/Ulbora/Six910-ui/handlers/adminSubRegionHandler.go:141.9,143.4 1 1
github.com/Ulbora/Six910-ui/handlers/adminSubRegionHandler.go:148.93,151.9 3 1
github.com/Ulbora/Six910-ui/handlers/adminSubRegionHandler.go:151.9,152.37 1 1
github.com/Ulbora/Six910-ui/handlers/adminSubRegionHandler.go:152.37,161.4 8 1
github.com/Ulbora/Six910-ui/handlers/adminSubRegionHandler.go:161.9,163.4 1 1
github.com/Ulbora/Six910-ui/handlers/adminSubRegionHandler.go:168.91,171.9 3 1
github.com/Ulbora/Six910-ui/handlers/adminSubRegionHandler.go:171.9,172.36 1 1
github.com/Ulbora/Six910-ui/handlers/adminSubRegionHandler.go:172.36,179.19 7 1
github.com/Ulbora/Six910-ui/handlers/adminSubRegionHandler.go:179.19,181.5 1 1
github.com/Ulbora/Six910-ui/handlers/adminSubRegionHandler.go:181.10,183.5 1 1
github.com/Ulbora/Six910-ui/handlers/adminSubRegionHandler.go:184.9,186.4 1 1
github.com/Ulbora/Six910-ui/handlers/adminSubRegionHandler.go:190.75,200.2 8 1
github.com/Ulbora/Six910-ui/handlers/customerIndexHandler.go:80.71,83.9 3 1
github.com/Ulbora/Six910-ui/handlers/customerIndexHandler.go:83.9,107.24 16 1
github.com/Ulbora/Six910-ui/handlers/customerIndexHandler.go:115.3,131.26 13 1
github.com/Ulbora/Six910-ui/handlers/customerIndexHandler.go:158.3,168.12 8 1
github.com/Ulbora/Six910-ui/handlers/customerIndexHandler.go:178.3,180.26 3 1
github.com/Ulbora/Six910-ui/handlers/customerIndexHandler.go:191.3,192.61 2 1
github.com/Ulbora/Six910-ui/handlers/customerIndexHandler.go:107.24,110.58 3 1
github.com/Ulbora/Six910-ui/handlers/customerIndexHandler.go:110.58,112.5 1 1
github.com/Ulbora/Six910-ui/handlers/customerIndexHandler.go:131.26,132.15 1 1
github.com/Ulbora/Six910-ui/handlers/customerIndexHandler.go:132.15,137.25 5 1
github.com/Ulbora/Six910-ui/handlers/customerIndexHandler.go:140.5,140.13 1 1
github.com/Ulbora/Six910-ui/handlers/customerIndexHandler.go:137.25,139.6 1 1
github.com/Ulbora/Six910-ui/handlers/customerIndexHandler.go:141.10,141.22 1 1
github.com/Ulbora/Six910-ui/handlers/customerIndexHandler.go:141.22,145.25 4 1
github.com/Ulbora/Six910-ui/handlers/customerIndexHandler.go:148.5,148.13 1 1
github.com/Ulbora/Six910-ui/handlers/customerIndexHandler.go:145.25,147.6 1 1
github.com/Ulbora/Six910-ui/handlers/customerIndexHandler.go:149.10,149.22 1 1
github.com/Ulbora/Six910-ui/handlers/customerIndexHandler.go:149.22,155.5 5 1
github.com/Ulbora/Six910-ui/handlers/customerIndexHandler.go:168.12,170.4 1 1
github.com/Ulbora/Six910-ui/handlers/customerIndexHandler.go:170.9,173.4 2 1
github.com/Ulbora/Six910-ui/handlers/customerIndexHandler.go:180.26,189.4 7 1
github.com/Ulbora/Six910-ui/handlers/customerIndexHandler.go:196.64,207.2 9 1
github.com/Ulbora/Six910-ui/handlers/adminBackupHandler.go:30.85,33.9 3 1
github.com/Ulbora/Six910-ui/handlers/adminBackupHandler.go:33.9,34.35 1 1
github.com/Ulbora/Six910-ui/handlers/adminBackupHandler.go:34.35,37.4 1 1
github.com/Ulbora/Six910-ui/handlers/adminBackupHandler.go:37.9,39.4 1 1
github.com/Ulbora/Six910-ui/handlers/adminBackupHandler.go:44.87,47.9 3 1
github.com/Ulbora/Six910-ui/handlers/adminBackupHandler.go:47.9,48.34 1 1
github.com/Ulbora/Six910-ui/handlers/adminBackupHandler.go:48.34,51.4 1 1
github.com/Ulbora/Six910-ui/handlers/adminBackupHandler.go:51.9,53.4 1 1
github.com/Ulbora/Six910-ui/handlers/adminBackupHandler.go:58.84,61.9 3 1
github.com/Ulbora/Six910-ui/handlers/adminBackupHandler.go:61.9,62.36 1 1
github.com/Ulbora/Six910-ui/handlers/adminBackupHandler.go:62.36,67.19 4 1
github.com/Ulbora/Six910-ui/handlers/adminBackupHandler.go:70.4,79.35 6 1
github.com/Ulbora/Six910-ui/handlers/adminBackupHandler.go:83.4,83.11 1 1
github.com/Ulbora/Six910-ui/handlers/adminBackupHandler.go:67.19,69.5 1 1
github.com/Ulbora/Six910-ui/handlers/adminBackupHandler.go:79.35,81.5 1 1
github.com/Ulbora/Six910-ui/handlers/adminBackupHandler.go:83.11,86.5 2 1
github.com/Ulbora/Six910-ui/handlers/adminBackupHandler.go:86.10,89.5 2 1
github.com/Ulbora/Six910-ui/handlers/adminBackupHandler.go:90.9,92.4 1 1
github.com/Ulbora/Six910-ui/handlers/adminBackupHandler.go:97.86,100.9 3 1
github.com/Ulbora/Six910-ui/handlers/adminBackupHandler.go:100.9,101.36 1 1
github.com/Ulbora/Six910-ui/handlers/adminBackupHandler.go:101.36,104.11 3 1
github.com/Ulbora/Six910-ui/handlers/adminBackupHandler.go:104.11,117.5 3 1
github.com/Ulbora/Six910-ui/handlers/adminBackupHandler.go:118.9,120.4 1 1
github.com/Ulbora/Six910-ui/handlers/adminExSubRegionHandler.go:40.100,43.9 3 1
github.com/Ulbora/Six910-ui/handlers/adminExSubRegionHandler.go:43.9,44.37 1 1
github.com/Ulbora/Six910-ui/handlers/adminExSubRegionHandler.go:44.37,60.55 14 1
github.com/Ulbora/Six910-ui/handlers/adminExSubRegionHandler.go:65.4,66.58 2 1
github.com/Ulbora/Six910-ui/handlers/adminExSubRegionHandler.go:71.4,73.73 2 1
github.com/Ulbora/Six910-ui/handlers/adminExSubRegionHandler.go:60.55,63.5 2 1
github.com/Ulbora/Six910-ui/handlers/adminExSubRegionHandler.go:66.58,69.5 2 1
github.com/Ulbora/Six910-ui/handlers/adminExSubRegionHandler.go:74.9,76.4 1 1
github.com/Ulbora/Six910-ui/handlers/adminExSubRegionHandler.go:81.96,84.9 3 1
github.com/Ulbora/Six910-ui/handlers/adminExSubRegionHandler.go:84.9,85.38 1 1
github.com/Ulbora/Six910-ui/handlers/adminExSubRegionHandler.go:85.38,91.22 6 1
github.com/Ulbora/Six910-ui/handlers/adminExSubRegionHandler.go:91.22,93.5 1 1
github.com/Ulbora/Six910-ui/handlers/adminExSubRegionHandler.go:93.10,95.5 1 1
github.com/Ulbora/Six910-ui/handlers/adminExSubRegionHandler.go:96.9,98.4 1 1
github.com/Ulbora/Six910-ui/handlers/adminExSubRegionHandler.go:103.101,106.9 3 1
github.com/Ulbora/Six910-ui/handlers/adminExSubRegionHandler.go:106.9,107.38 1 1
github.com/Ulbora/Six910-ui/handlers/adminExSubRegionHandler.go:107.38,116.4 8 1
github.com/Ulbora/Six910-ui/handlers/adminExSubRegionHandler.go:116.9,118.4 1 1
github.com/Ulbora/Six910-ui/handlers/adminExSubRegionHandler.go:123.99,126.9 3 1
github.com/Ulbora/Six910-ui/handlers/adminExSubRegionHandler.go:126.9,127.37 1 1
github.com/Ulbora/Six910-ui/handlers/adminExSubRegionHandler.go:127.37,136.19 9 1
github.com/Ulbora/Six910-ui/handlers/adminExSubRegionHandler.go:136.19,138.5 1 1
github.com/Ulbora/Six910-ui/handlers/adminExSubRegionHandler.go:138.10,140.5 1 1
github.com/Ulbora/Six910-ui/handlers/adminExSubRegionHandler.go:141.9,143.4 1 1
github.com/Ulbora/Six910-ui/handlers/adminExSubRegionHandler.go:147.85,159.2 10 1
github.com/Ulbora/Six910-ui/handlers/adminIndexHandler.go:45.81,48.9 3 1
github.com/Ulbora/Six910-ui/handlers/adminIndexHandler.go:48.9,49.32 1 1
github.com/Ulbora/Six910-ui/handlers/adminIndexHandler.go:49.32,62.28 7 1
github.com/Ulbora/Six910-ui/handlers/adminIndexHandler.go:71.4,72.28 2 1
github.com/Ulbora/Six910-ui/handlers/adminIndexHandler.go:81.4,85.61 4 1
github.com/Ulbora/Six910-ui/handlers/adminIndexHandler.go:62.28,69.5 6 1
github.com/Ulbora/Six910-ui/handlers/adminIndexHandler.go:72.28,79.5 6 1
github.com/Ulbora/Six910-ui/handlers/adminIndexHandler.go:86.9,88.4 1 1
github.com/Ulbora/Six910-ui/handlers/pagination.go:41.108,44.17 3 1
github.com/Ulbora/Six910-ui/handlers/pagination.go:47.2,57.23 8 1
github.com/Ulbora/Six910-ui/handlers/pagination.go:66.2,74.32 7 1
github.com/Ulbora/Six910-ui/handlers/pagination.go:101.2,103.20 3 1
github.com/Ulbora/Six910-ui/handlers/pagination.go:44.17,46.3 1 1
github.com/Ulbora/Six910-ui/handlers/pagination.go:57.23,59.16 2 1
github.com/Ulbora/Six910-ui/handlers/pagination.go:59.16,61.4 1 1
github.com/Ulbora/Six910-ui/handlers/pagination.go:62.8,64.3 1 1
github.com/Ulbora/Six910-ui/handlers/pagination.go:74.32,85.18 9 1
github.com/Ulbora/Six910-ui/handlers/pagination.go:88.3,88.13 1 1
github.com/Ulbora/Six910-ui/handlers/pagination.go:94.3,96.39 2 1
github.com/Ulbora/Six910-ui/handlers/pagination.go:85.18,87.4 1 1
github.com/Ulbora/Six910-ui/handlers/pagination.go:88.13,90.4 1 1
github.com/Ulbora/Six910-ui/handlers/pagination.go:90.9,90.27 1 1
github.com/Ulbora/Six910-ui/handlers/pagination.go:90.27,92.4 1 1
github.com/Ulbora/Six910-ui/handlers/pagination.go:96.39,97.9 1 1
github.com/Ulbora/Six910-ui/handlers/six910Handler.go:159.51,161.27 2 1
github.com/Ulbora/Six910-ui/handlers/six910Handler.go:166.2,166.12 1 1
github.com/Ulbora/Six910-ui/handlers/six910Handler.go:161.27,163.3 1 1
github.com/Ulbora/Six910-ui/handlers/six910Handler.go:163.8,165.3 1 1
github.com/Ulbora/Six910-ui/handlers/six910Handler.go:169.97,175.18 4 1
github.com/Ulbora/Six910-ui/handlers/six910Handler.go:180.2,183.27 4 1
github.com/Ulbora/Six910-ui/handlers/six910Handler.go:189.2,189.43 1 1
github.com/Ulbora/Six910-ui/handlers/six910Handler.go:197.2,203.27 4 1
github.com/Ulbora/Six910-ui/handlers/six910Handler.go:209.2,209.26 1 1
github.com/Ulbora/Six910-ui/handlers/six910Handler.go:214.2,216.13 2 1
github.com/Ulbora/Six910-ui/handlers/six910Handler.go:175.18,177.3 1 1
github.com/Ulbora/Six910-ui/handlers/six910Handler.go:177.8,179.3 1 1
github.com/Ulbora/Six910-ui/handlers/six910Handler.go:183.27,185.3 1 1
github.com/Ulbora/Six910-ui/handlers/six910Handler.go:185.8,187.3 1 1
github.com/Ulbora/Six910-ui/handlers/six910Handler.go:189.43,191.3 1 1
github.com/Ulbora/Six910-ui/handlers/six910Handler.go:191.8,191.34 1 1
github.com/Ulbora/Six910-ui/handlers/six910Handler.go:191.34,193.3 1 1
github.com/Ulbora/Six910-ui/handlers/six910Handler.go:193.8,195.3 1 1
github.com/Ulbora/Six910-ui/handlers/six910Handler.go:203.27,205.3 1 1
github.com/Ulbora/Six910-ui/handlers/six910Handler.go:205.8,207.3 1 1
github.com/Ulbora/Six910-ui/handlers/six910Handler.go:209.26,211.3 1 1
github.com/Ulbora/Six910-ui/handlers/six910Handler.go:211.8,213.3 1 1
github.com/Ulbora/Six910-ui/handlers/six910Handler.go:219.95,225.18 4 1
github.com/Ulbora/Six910-ui/handlers/six910Handler.go:230.2,233.27 3 1
github.com/Ulbora/Six910-ui/handlers/six910Handler.go:239.2,242.13 3 1
github.com/Ulbora/Six910-ui/handlers/six910Handler.go:225.18,227.3 1 1
github.com/Ulbora/Six910-ui/handlers/six910Handler.go:227.8,229.3 1 1
github.com/Ulbora/Six910-ui/handlers/six910Handler.go:233.27,235.3 1 1
github.com/Ulbora/Six910-ui/handlers/six910Handler.go:235.8,237.3 1 1
github.com/Ulbora/Six910-ui/handlers/six910Handler.go:250.42,252.2 1 1
github.com/Ulbora/Six910-ui/handlers/six910Handler.go:254.79,258.20 3 1
github.com/Ulbora/Six910-ui/handlers/six910Handler.go:267.2,267.14 1 1
github.com/Ulbora/Six910-ui/handlers/six910Handler.go:295.2,295.18 1 1
github.com/Ulbora/Six910-ui/handlers/six910Handler.go:258.20,266.3 5 1
github.com/Ulbora/Six910-ui/handlers/six910Handler.go:267.14,289.17 5 1
github.com/Ulbora/Six910-ui/handlers/six910Handler.go:289.17,292.4 2 1
github.com/Ulbora/Six910-ui/handlers/six910Handler.go:298.106,302.24 3 1
github.com/Ulbora/Six910-ui/handlers/six910Handler.go:311.2,311.14 1 1
github.com/Ulbora/Six910-ui/handlers/six910Handler.go:342.2,342.18 1 1
github.com/Ulbora/Six910-ui/handlers/six910Handler.go:302.24,310.3 5 1
github.com/Ulbora/Six910-ui/handlers/six910Handler.go:311.14,333.17 5 1
github.com/Ulbora/Six910-ui/handlers/six910Handler.go:333.17,339.4 5 1
github.com/Ulbora/Six910-ui/handlers/six910Handler.go:345.69,349.53 4 1
github.com/Ulbora/Six910-ui/handlers/six910Handler.go:365.2,365.12 1 1
github.com/Ulbora/Six910-ui/handlers/six910Handler.go:349.53,353.41 4 1
github.com/Ulbora/Six910-ui/handlers/six910Handler.go:356.3,358.34 3 1
github.com/Ulbora/Six910-ui/handlers/six910Handler.go:353.41,355.4 1 1
github.com/Ulbora/Six910-ui/handlers/six910Handler.go:358.34,360.4 1 1
github.com/Ulbora/Six910-ui/handlers/six910Handler.go:361.8,364.3 2 1
github.com/Ulbora/Six910-ui/handlers/six910Handler.go:368.72,373.76 5 1
github.com/Ulbora/Six910-ui/handlers/six910Handler.go:378.2,378.12 1 1
github.com/Ulbora/Six910-ui/handlers/six910Handler.go:373.76,375.3 1 1
github.com/Ulbora/Six910-ui/handlers/six910Handler.go:375.8,375.81 1 1
github.com/Ulbora/Six910-ui/handlers/six910Handler.go:375.81,377.3 1 1
github.com/Ulbora/Six910-ui/handlers/six910Handler.go:381.75,386.59 5 1
github.com/Ulbora/Six910-ui/handlers/six910Handler.go:389.2,389.12 1 1
github.com/Ulbora/Six910-ui/handlers/six910Handler.go:386.59,388.3 1 1
github.com/Ulbora/Six910-ui/handlers/six910Handler.go:392.66,396.19 4 1
github.com/Ulbora/Six910-ui/handlers/six910Handler.go:400.2,400.12 1 1
github.com/Ulbora/Six910-ui/handlers/six910Handler.go:396.19,399.3 2 1
github.com/Ulbora/Six910-ui/handlers/six910Handler.go:403.129,409.69 5 1
github.com/Ulbora/Six910-ui/handlers/six910Handler.go:413.2,415.17 3 1
github.com/Ulbora/Six910-ui/handlers/six910Handler.go:418.2,418.12 1 1
github.com/Ulbora/Six910-ui/handlers/six910Handler.go:409.69,411.3 1 1
github.com/Ulbora/Six910-ui/handlers/six910Handler.go:415.17,417.3 1 1
github.com/Ulbora/Six910-ui/handlers/six910Handler.go:421.97,425.2 3 1
github.com/Ulbora/Six910-ui/handlers/six910Handler.go:426.107,430.15 4 1
github.com/Ulbora/Six910-ui/handlers/six910Handler.go:434.2,434.12 1 1
github.com/Ulbora/Six910-ui/handlers/six910Handler.go:430.15,433.3 2 1
github.com/Ulbora/Six910-ui/handlers/six910Handler.go:437.78,440.15 3 1
github.com/Ulbora/Six910-ui/handlers/six910Handler.go:446.2,446.13 1 1
github.com/Ulbora/Six910-ui/handlers/six910Handler.go:440.15,445.3 3 1
github.com/Ulbora/Six910-ui/handlers/six910Handler.go:449.54,457.2 6 1
github.com/Ulbora/Six910-ui/handlers/six910Handler.go:459.56,467.2 6 1
github.com/Ulbora/Six910-ui/handlers/six910Handler.go:469.94,476.56 7 1
github.com/Ulbora/Six910-ui/handlers/six910Handler.go:476.56,478.33 2 1
github.com/Ulbora/Six910-ui/handlers/six910Handler.go:481.3,481.22 1 1
github.com/Ulbora/Six910-ui/handlers/six910Handler.go:478.33,480.4 1 1
github.com/Ulbora/Six910-ui/handlers/six910Handler.go:481.22,482.63 1 1
github.com/Ulbora/Six910-ui/handlers/six910Handler.go:482.63,485.5 2 1
github.com/Ulbora/Six910-ui/handlers/six910Handler.go:487.8,487.22 1 1
github.com/Ulbora/Six910-ui/handlers/six910Handler.go:487.22,488.22 1 1
github.com/Ulbora/Six910-ui/handlers/six910Handler.go:488.22,489.63 1 1
github.com/Ulbora/Six910-ui/handlers/six910Handler.go:489.63,491.5 1 1
github.com/Ulbora/Six910-ui/handlers/six910Handler.go:497.60,500.33 3 1
github.com/Ulbora/Six910-ui/handlers/six910Handler.go:504.2,504.12 1 1
github.com/Ulbora/Six910-ui/handlers/six910Handler.go:500.33,503.3 1 1
github.com/Ulbora/Six910-ui/handlers/six910Handler.go:508.63,510.2 1 1
github.com/Ulbora/Six910-ui/handlers/six910Handler.go:513.85,517.19 3 1
github.com/Ulbora/Six910-ui/handlers/six910Handler.go:532.2,532.17 1 1
github.com/Ulbora/Six910-ui/handlers/six910Handler.go:517.19,522.17 3 1
github.com/Ulbora/Six910-ui/handlers/six910Handler.go:522.17,525.4 1 1
github.com/Ulbora/Six910-ui/handlers/six910Handler.go:525.9,527.4 1 1
github.com/Ulbora/Six910-ui/handlers/six910Handler.go:528.8,530.3 1 1
github.com/Ulbora/Six910-ui/handlers/adminLoginHandler.go:31.81,32.22 1 1
github.com/Ulbora/Six910-ui/handlers/adminLoginHandler.go:32.22,38.3 5 1
github.com/Ulbora/Six910-ui/handlers/adminLoginHandler.go:38.8,41.3 2 1
github.com/Ulbora/Six910-ui/handlers/adminLoginHandler.go:45.93,48.9 3 1
github.com/Ulbora/Six910-ui/handlers/adminLoginHandler.go:48.9,69.80 15 1
github.com/Ulbora/Six910-ui/handlers/adminLoginHandler.go:77.3,78.15 2 1
github.com/Ulbora/Six910-ui/handlers/adminLoginHandler.go:69.80,76.4 5 1
github.com/Ulbora/Six910-ui/handlers/adminLoginHandler.go:78.15,98.4 4 1
github.com/Ulbora/Six910-ui/handlers/adminLoginHandler.go:98.9,100.4 1 1
github.com/Ulbora/Six910-ui/handlers/adminLoginHandler.go:102.8,104.3 1 1
github.com/Ulbora/Six910-ui/handlers/adminLoginHandler.go:108.82,111.9 3 1
github.com/Ulbora/Six910-ui/handlers/adminLoginHandler.go:111.9,112.36 1 1
github.com/Ulbora/Six910-ui/handlers/adminLoginHandler.go:112.36,118.4 5 1
github.com/Ulbora/Six910-ui/handlers/adminLoginHandler.go:140.87,145.42 4 1
github.com/Ulbora/Six910-ui/handlers/adminLoginHandler.go:145.42,162.44 12 1
github.com/Ulbora/Six910-ui/handlers/adminLoginHandler.go:162.44,165.11 2 1
github.com/Ulbora/Six910-ui/handlers/adminLoginHandler.go:165.11,175.5 7 1
github.com/Ulbora/Six910-ui/handlers/adminLoginHandler.go:180.80,183.22 3 1
github.com/Ulbora/Six910-ui/handlers/adminLoginHandler.go:201.2,201.13 1 1
github.com/Ulbora/Six910-ui/handlers/adminLoginHandler.go:183.22,185.3 1 1
github.com/Ulbora/Six910-ui/handlers/adminLoginHandler.go:185.8,199.3 11 1
github.com/Ulbora/Six910-ui/handlers/adminLoginHandler.go:204.79,207.18 3 1
github.com/Ulbora/Six910-ui/handlers/adminLoginHandler.go:212.2,213.19 2 1
github.com/Ulbora/Six910-ui/handlers/adminLoginHandler.go:207.18,209.3 1 1
github.com/Ulbora/Six910-ui/handlers/adminLoginHandler.go:209.8,211.3 1 1
github.com/Ulbora/Six910-ui/handlers/customerProductHandler.go:33.81,36.9 3 1
github.com/Ulbora/Six910-ui/handlers/customerProductHandler.go:36.9,44.18 8 1
github.com/Ulbora/Six910-ui/handlers/customerProductHandler.go:47.3,54.12 7 1
github.com/Ulbora/Six910-ui/handlers/customerProductHandler.go:60.3,61.68 2 1
github.com/Ulbora/Six910-ui/handlers/customerProductHandler.go:44.18,46.4 1 1
github.com/Ulbora/Six910-ui/handlers/customerProductHandler.go:54.12,56.4 1 1
github.com/Ulbora/Six910-ui/handlers/customerProductHandler.go:56.9,59.4 2 1
github.com/Ulbora/Six910-ui/handlers/customerProductHandler.go:66.86,69.9 3 1
github.com/Ulbora/Six910-ui/handlers/customerProductHandler.go:69.9,78.18 9 1
github.com/Ulbora/Six910-ui/handlers/customerProductHandler.go:81.3,99.12 14 1
github.com/Ulbora/Six910-ui/handlers/customerProductHandler.go:105.3,117.26 10 1
github.com/Ulbora/Six910-ui/handlers/customerProductHandler.go:144.3,151.69 7 1
github.com/Ulbora/Six910-ui/handlers/customerProductHandler.go:78.18,80.4 1 1
github.com/Ulbora/Six910-ui/handlers/customerProductHandler.go:99.12,101.4 1 1
github.com/Ulbora/Six910-ui/handlers/customerProductHandler.go:101.9,104.4 2 1
github.com/Ulbora/Six910-ui/handlers/customerProductHandler.go:117.26,118.15 1 1
github.com/Ulbora/Six910-ui/handlers/customerProductHandler.go:118.15,123.25 5 1
github.com/Ulbora/Six910-ui/handlers/customerProductHandler.go:126.5,126.13 1 1
github.com/Ulbora/Six910-ui/handlers/customerProductHandler.go:123.25,125.6 1 1
github.com/Ulbora/Six910-ui/handlers/customerProductHandler.go:127.10,127.22 1 1
github.com/Ulbora/Six910-ui/handlers/customerProductHandler.go:127.22,131.25 4 1
github.com/Ulbora/Six910-ui/handlers/customerProductHandler.go:134.5,134.13 1 1
github.com/Ulbora/Six910-ui/handlers/customerProductHandler.go:131.25,133.6 1 1
github.com/Ulbora/Six910-ui/handlers/customerProductHandler.go:135.10,135.22 1 1
github.com/Ulbora/Six910-ui/handlers/customerProductHandler.go:135.22,141.5 5 1
github.com/Ulbora/Six910-ui/handlers/customerProductHandler.go:156.101,159.9 3 1
github.com/Ulbora/Six910-ui/handlers/customerProductHandler.go:159.9,169.19 10 1
github.com/Ulbora/Six910-ui/handlers/customerProductHandler.go:172.3,190.12 14 1
github.com/Ulbora/Six910-ui/handlers/customerProductHandler.go:196.3,209.26 11 1
github.com/Ulbora/Six910-ui/handlers/customerProductHandler.go:236.3,243.70 7 1
github.com/Ulbora/Six910-ui/handlers/customerProductHandler.go:169.19,171.4 1 1
github.com/Ulbora/Six910-ui/handlers/customerProductHandler.go:190.12,192.4 1 1
github.com/Ulbora/Six910-ui/handlers/customerProductHandler.go:192.9,195.4 2 1
github.com/Ulbora/Six910-ui/handlers/customerProductHandler.go:209.26,210.15 1 1
github.com/Ulbora/Six910-ui/handlers/customerProductHandler.go:210.15,215.25 5 1
github.com/Ulbora/Six910-ui/handlers/customerProductHandler.go:218.5,218.13 1 1
github.com/Ulbora/Six910-ui/handlers/customerProductHandler.go:215.25,217.6 1 1
github.com/Ulbora/Six910-ui/handlers/customerProductHandler.go:219.10,219.22 1 1
github.com/Ulbora/Six910-ui/handlers/customerProductHandler.go:219.22,223.25 4 1
github.com/Ulbora/Six910-ui/handlers/customerProductHandler.go:226.5,226.13 1 1
github.com/Ulbora/Six910-ui/handlers/customerProductHandler.go:223.25,225.6 1 1
github.com/Ulbora/Six910-ui/handlers/customerProductHandler.go:227.10,227.22 1 1
github.com/Ulbora/Six910-ui/handlers/customerProductHandler.go:227.22,233.5 5 1
github.com/Ulbora/Six910-ui/handlers/customerProductHandler.go:248.83,251.9 3 1
github.com/Ulbora/Six910-ui/handlers/customerProductHandler.go:251.9,257.23 4 1
github.com/Ulbora/Six910-ui/handlers/customerProductHandler.go:267.3,267.19 1 1
github.com/Ulbora/Six910-ui/handlers/customerProductHandler.go:270.3,290.12 14 1
github.com/Ulbora/Six910-ui/handlers/customerProductHandler.go:296.3,308.26 10 1
github.com/Ulbora/Six910-ui/handlers/customerProductHandler.go:335.3,342.76 7 1
github.com/Ulbora/Six910-ui/handlers/customerProductHandler.go:257.23,265.4 6 1
github.com/Ulbora/Six910-ui/handlers/customerProductHandler.go:267.19,269.4 1 1
github.com/Ulbora/Six910-ui/handlers/customerProductHandler.go:290.12,292.4 1 1
github.com/Ulbora/Six910-ui/handlers/customerProductHandler.go:292.9,295.4 2 1
github.com/Ulbora/Six910-ui/handlers/customerProductHandler.go:308.26,309.15 1 1
github.com/Ulbora/Six910-ui/handlers/customerProductHandler.go:309.15,314.25 5 1
github.com/Ulbora/Six910-ui/handlers/customerProductHandler.go:317.5,317.13 1 1
github.com/Ulbora/Six910-ui/handlers/customerProductHandler.go:314.25,316.6 1 1
github.com/Ulbora/Six910-ui/handlers/customerProductHandler.go:318.10,318.22 1 1
github.com/Ulbora/Six910-ui/handlers/customerProductHandler.go:318.22,322.25 4 1
github.com/Ulbora/Six910-ui/handlers/customerProductHandler.go:325.5,325.13 1 1
github.com/Ulbora/Six910-ui/handlers/customerProductHandler.go:322.25,324.6 1 1
github.com/Ulbora/Six910-ui/handlers/customerProductHandler.go:326.10,326.22 1 1
github.com/Ulbora/Six910-ui/handlers/customerProductHandler.go:326.22,332.5 5 1
github.com/Ulbora/Six910-ui/handlers/customerProductHandler.go:347.97,350.9 3 1
github.com/Ulbora/Six910-ui/handlers/customerProductHandler.go:350.9,357.24 5 1
github.com/Ulbora/Six910-ui/handlers/customerProductHandler.go:368.3,368.19 1 1
github.com/Ulbora/Six910-ui/handlers/customerProductHandler.go:371.3,391.12 14 1
github.com/Ulbora/Six910-ui/handlers/customerProductHandler.go:397.3,409.26 10 1
github.com/Ulbora/Six910-ui/handlers/customerProductHandler.go:436.3,443.77 7 1
github.com/Ulbora/Six910-ui/handlers/customerProductHandler.go:357.24,366.4 7 1
github.com/Ulbora/Six910-ui/handlers/customerProductHandler.go:368.19,370.4 1 1
github.com/Ulbora/Six910-ui/handlers/customerProductHandler.go:391.12,393.4 1 1
github.com/Ulbora/Six910-ui/handlers/customerProductHandler.go:393.9,396.4 2 1
github.com/Ulbora/Six910-ui/handlers/customerProductHandler.go:409.26,410.15 1 1
github.com/Ulbora/Six910-ui/handlers/customerProductHandler.go:410.15,415.25 5 1
github.com/Ulbora/Six910-ui/handlers/customerProductHandler.go:418.5,418.13 1 1
github.com/Ulbora/Six910-ui/handlers/customerProductHandler.go:415.25,417.6 1 1
github.com/Ulbora/Six910-ui/handlers/customerProductHandler.go:419.10,419.22 1 1
github.com/Ulbora/Six910-ui/handlers/customerProductHandler.go:419.22,423.25 4 1
github.com/Ulbora/Six910-ui/handlers/customerProductHandler.go:426.5,426.13 1 1
github.com/Ulbora/Six910-ui/handlers/customerProductHandler.go:423.25,425.6 1 1
github.com/Ulbora/Six910-ui/handlers/customerProductHandler.go:427.10,427.22 1 1
github.com/Ulbora/Six910-ui/handlers/customerProductHandler.go:427.22,433.5 5 1
github.com/Ulbora/Six910-ui/handlers/customerProductHandler.go:448.77,451.9 3 1
github.com/Ulbora/Six910-ui/handlers/customerProductHandler.go:451.9,462.31 9 1
github.com/Ulbora/Six910-ui/handlers/customerProductHandler.go:477.3,478.23 2 1
github.com/Ulbora/Six910-ui/handlers/customerProductHandler.go:482.3,505.12 15 1
github.com/Ulbora/Six910-ui/handlers/customerProductHandler.go:512.3,515.35 4 1
github.com/Ulbora/Six910-ui/handlers/customerProductHandler.go:542.3,545.64 3 1
github.com/Ulbora/Six910-ui/handlers/customerProductHandler.go:462.31,468.47 6 1
github.com/Ulbora/Six910-ui/handlers/customerProductHandler.go:473.4,473.9 1 1
github.com/Ulbora/Six910-ui/handlers/customerProductHandler.go:468.47,472.5 2 1
github.com/Ulbora/Six910-ui/handlers/customerProductHandler.go:478.23,480.4 1 1
github.com/Ulbora/Six910-ui/handlers/customerProductHandler.go:505.12,507.4 1 1
github.com/Ulbora/Six910-ui/handlers/customerProductHandler.go:507.9,510.4 2 1
github.com/Ulbora/Six910-ui/handlers/customerProductHandler.go:515.35,516.15 1 1
github.com/Ulbora/Six910-ui/handlers/customerProductHandler.go:516.15,521.34 5 1
github.com/Ulbora/Six910-ui/handlers/customerProductHandler.go:524.5,524.13 1 1
github.com/Ulbora/Six910-ui/handlers/customerProductHandler.go:521.34,523.6 1 1
github.com/Ulbora/Six910-ui/handlers/customerProductHandler.go:525.10,525.22 1 1
github.com/Ulbora/Six910-ui/handlers/customerProductHandler.go:525.22,529.34 4 1
github.com/Ulbora/Six910-ui/handlers/customerProductHandler.go:532.5,532.13 1 1
github.com/Ulbora/Six910-ui/handlers/customerProductHandler.go:529.34,531.6 1 1
github.com/Ulbora/Six910-ui/handlers/customerProductHandler.go:533.10,533.22 1 1
github.com/Ulbora/Six910-ui/handlers/customerProductHandler.go:533.22,539.5 5 1
github.com/Ulbora/Six910-ui/handlers/customerProductHandler.go:549.91,550.14 1 1
github.com/Ulbora/Six910-ui/handlers/customerProductHandler.go:553.2,556.56 4 1
github.com/Ulbora/Six910-ui/handlers/customerProductHandler.go:550.14,552.3 1 1
github.com/Ulbora/Six910-ui/handlers/customerUserHandler.go:32.83,35.9 3 1
github.com/Ulbora/Six910-ui/handlers/customerUserHandler.go:35.9,40.3 4 1
github.com/Ulbora/Six910-ui/handlers/customerUserHandler.go:44.79,47.9 3 1
github.com/Ulbora/Six910-ui/handlers/customerUserHandler.go:47.9,66.15 12 1
github.com/Ulbora/Six910-ui/handlers/customerUserHandler.go:66.15,80.17 12 1
github.com/Ulbora/Six910-ui/handlers/customerUserHandler.go:116.4,116.60 1 1
github.com/Ulbora/Six910-ui/handlers/customerUserHandler.go:80.17,87.23 7 1
github.com/Ulbora/Six910-ui/handlers/customerUserHandler.go:113.5,113.40 1 1
github.com/Ulbora/Six910-ui/handlers/customerUserHandler.go:87.23,91.25 4 1
github.com/Ulbora/Six910-ui/handlers/customerUserHandler.go:110.6,110.50 1 1
github.com/Ulbora/Six910-ui/handlers/customerUserHandler.go:91.25,93.36 2 1
github.com/Ulbora/Six910-ui/handlers/customerUserHandler.go:104.7,104.30 1 1
github.com/Ulbora/Six910-ui/handlers/customerUserHandler.go:93.36,103.8 9 1
github.com/Ulbora/Six910-ui/handlers/customerUserHandler.go:104.30,106.8 1 1
github.com/Ulbora/Six910-ui/handlers/customerUserHandler.go:107.12,109.7 1 1
github.com/Ulbora/Six910-ui/handlers/customerUserHandler.go:118.9,120.4 1 1
github.com/Ulbora/Six910-ui/handlers/customerUserHandler.go:125.92,128.9 3 1
github.com/Ulbora/Six910-ui/handlers/customerUserHandler.go:128.9,129.43 1 1
github.com/Ulbora/Six910-ui/handlers/customerUserHandler.go:129.43,132.23 3 1
github.com/Ulbora/Six910-ui/handlers/customerUserHandler.go:135.4,141.59 7 1
github.com/Ulbora/Six910-ui/handlers/customerUserHandler.go:132.23,134.5 1 1
github.com/Ulbora/Six910-ui/handlers/customerUserHandler.go:142.9,144.4 1 1
github.com/Ulbora/Six910-ui/handlers/customerUserHandler.go:149.88,152.9 3 1
github.com/Ulbora/Six910-ui/handlers/customerUserHandler.go:152.9,153.42 1 1
github.com/Ulbora/Six910-ui/handlers/customerUserHandler.go:153.42,163.25 8 1
github.com/Ulbora/Six910-ui/handlers/customerUserHandler.go:166.4,176.11 10 1
github.com/Ulbora/Six910-ui/handlers/customerUserHandler.go:163.25,165.5 1 1
github.com/Ulbora/Six910-ui/handlers/customerUserHandler.go:176.11,178.5 1 1
github.com/Ulbora/Six910-ui/handlers/customerUserHandler.go:178.10,180.5 1 1
github.com/Ulbora/Six910-ui/handlers/customerUserHandler.go:181.9,183.4 1 1
github.com/Ulbora/Six910-ui/handlers/customerUserHandler.go:188.80,191.9 3 1
github.com/Ulbora/Six910-ui/handlers/customerUserHandler.go:220.2,220.44 1 1
github.com/Ulbora/Six910-ui/handlers/customerUserHandler.go:191.9,192.41 1 1
github.com/Ulbora/Six910-ui/handlers/customerUserHandler.go:192.41,202.4 8 1
github.com/Ulbora/Six910-ui/handlers/customerUserHandler.go:224.91,227.9 3 1
github.com/Ulbora/Six910-ui/handlers/customerUserHandler.go:227.9,229.3 1 1
github.com/Ulbora/Six910-ui/handlers/customerUserHandler.go:233.87,236.9 3 1
github.com/Ulbora/Six910-ui/handlers/customerUserHandler.go:236.9,250.47 8 1
github.com/Ulbora/Six910-ui/handlers/customerUserHandler.go:263.3,263.59 1 1
github.com/Ulbora/Six910-ui/handlers/customerUserHandler.go:250.47,261.4 8 1
github.com/Ulbora/Six910-ui/handlers/siteMapGenerator.go:52.66,69.38 15 1
github.com/Ulbora/Six910-ui/handlers/siteMapGenerator.go:80.2,85.12 3 1
github.com/Ulbora/Six910-ui/handlers/siteMapGenerator.go:69.38,70.16 1 1
github.com/Ulbora/Six910-ui/handlers/siteMapGenerator.go:70.16,77.4 6 1
github.com/Ulbora/Six910-ui/handlers/adminCarouselHandler.go:29.87,32.9 3 1
github.com/Ulbora/Six910-ui/handlers/adminCarouselHandler.go:32.9,33.35 1 1
github.com/Ulbora/Six910-ui/handlers/adminCarouselHandler.go:33.35,43.4 8 1
github.com/Ulbora/Six910-ui/handlers/adminCarouselHandler.go:43.9,45.4 1 1
github.com/Ulbora/Six910-ui/handlers/adminCarouselHandler.go:50.90,53.9 3 1
github.com/Ulbora/Six910-ui/handlers/adminCarouselHandler.go:53.9,54.32 1 1
github.com/Ulbora/Six910-ui/handlers/adminCarouselHandler.go:54.32,74.23 13 1
github.com/Ulbora/Six910-ui/handlers/adminCarouselHandler.go:79.4,85.11 6 1
github.com/Ulbora/Six910-ui/handlers/adminCarouselHandler.go:74.23,76.5 1 1
github.com/Ulbora/Six910-ui/handlers/adminCarouselHandler.go:76.10,78.5 1 1
github.com/Ulbora/Six910-ui/handlers/adminCarouselHandler.go:85.11,87.5 1 1
github.com/Ulbora/Six910-ui/handlers/adminCarouselHandler.go:87.10,90.5 1 1
github.com/Ulbora/Six910-ui/handlers/adminCarouselHandler.go:91.9,93.4 1 1
github.com/Ulbora/Six910-ui/handlers/adminCustomerHandler.go:46.92,49.9 3 1
github.com/Ulbora/Six910-ui/handlers/adminCustomerHandler.go:49.9,50.35 1 1
github.com/Ulbora/Six910-ui/handlers/adminCustomerHandler.go:50.35,64.49 11 1
github.com/Ulbora/Six910-ui/handlers/adminCustomerHandler.go:71.4,72.49 2 1
github.com/Ulbora/Six910-ui/handlers/adminCustomerHandler.go:79.4,80.50 2 1
github.com/Ulbora/Six910-ui/handlers/adminCustomerHandler.go:87.4,89.71 2 1
github.com/Ulbora/Six910-ui/handlers/adminCustomerHandler.go:64.49,69.5 4 1
github.com/Ulbora/Six910-ui/handlers/adminCustomerHandler.go:72.49,77.5 4 1
github.com/Ulbora/Six910-ui/handlers/adminCustomerHandler.go:80.50,85.5 4 1
github.com/Ulbora/Six910-ui/handlers/adminCustomerHandler.go:90.9,92.4 1 1
github.com/Ulbora/Six910-ui/handlers/adminCustomerHandler.go:97.88,100.9 3 1
github.com/Ulbora/Six910-ui/handlers/adminCustomerHandler.go:100.9,101.34 1 1
github.com/Ulbora/Six910-ui/handlers/adminCustomerHandler.go:101.34,107.21 6 1
github.com/Ulbora/Six910-ui/handlers/adminCustomerHandler.go:107.21,109.5 1 1
github.com/Ulbora/Six910-ui/handlers/adminCustomerHandler.go:109.10,111.5 1 1
github.com/Ulbora/Six910-ui/handlers/adminCustomerHandler.go:112.9,114.4 1 1
github.com/Ulbora/Six910-ui/handlers/adminCustomerHandler.go:119.96,122.9 3 1
github.com/Ulbora/Six910-ui/handlers/adminCustomerHandler.go:122.9,123.36 1 1
github.com/Ulbora/Six910-ui/handlers/adminCustomerHandler.go:123.36,133.30 10 1
github.com/Ulbora/Six910-ui/handlers/adminCustomerHandler.go:133.30,140.5 6 1
github.com/Ulbora/Six910-ui/handlers/adminCustomerHandler.go:140.10,142.5 1 1
github.com/Ulbora/Six910-ui/handlers/adminCustomerHandler.go:143.9,145.4 1 1
github.com/Ulbora/Six910-ui/handlers/adminCustomerHandler.go:150.92,153.9 3 1
github.com/Ulbora/Six910-ui/handlers/adminCustomerHandler.go:153.9,154.35 1 1
github.com/Ulbora/Six910-ui/handlers/adminCustomerHandler.go:154.35,160.22 6 1
github.com/Ulbora/Six910-ui/handlers/adminCustomerHandler.go:160.22,162.5 1 1
github.com/Ulbora/Six910-ui/handlers/adminCustomerHandler.go:162.10,164.5 1 1
github.com/Ulbora/Six910-ui/handlers/adminCustomerHandler.go:165.9,167.4 1 1
github.com/Ulbora/Six910-ui/handlers/adminCustomerHandler.go:172.92,175.9 3 1
github.com/Ulbora/Six910-ui/handlers/adminCustomerHandler.go:175.9,176.35 1 1
github.com/Ulbora/Six910-ui/handlers/adminCustomerHandler.go:176.35,191.4 14 1
github.com/Ulbora/Six910-ui/handlers/adminCustomerHandler.go:191.9,193.4 1 1
github.com/Ulbora/Six910-ui/handlers/adminCustomerHandler.go:198.101,201.9 3 1
github.com/Ulbora/Six910-ui/handlers/adminCustomerHandler.go:201.9,202.32 1 1
github.com/Ulbora/Six910-ui/handlers/adminCustomerHandler.go:202.32,208.19 6 1
github.com/Ulbora/Six910-ui/handlers/adminCustomerHandler.go:222.4,222.78 1 1
github.com/Ulbora/Six910-ui/handlers/adminCustomerHandler.go:208.19,215.36 7 1
github.com/Ulbora/Six910-ui/handlers/adminCustomerHandler.go:215.36,217.6 1 1
github.com/Ulbora/Six910-ui/handlers/adminCustomerHandler.go:218.10,221.5 2 1
github.com/Ulbora/Six910-ui/handlers/adminCustomerHandler.go:223.9,225.4 1 1
github.com/Ulbora/Six910-ui/handlers/adminCustomerHandler.go:229.73,236.21 7 1
github.com/Ulbora/Six910-ui/handlers/adminCustomerHandler.go:240.2,249.11 10 1
github.com/Ulbora/Six910-ui/handlers/adminCustomerHandler.go:236.21,238.3 1 1
github.com/Ulbora/Six910-ui/handlers/adminCustomerHandler.go:252.72,265.2 12 1
github.com/Ulbora/Six910-ui/handlers/adminInsuranceHandler.go:36.92,39.9 3 1
github.com/Ulbora/Six910-ui/handlers/adminInsuranceHandler.go:39.9,40.34 1 1
github.com/Ulbora/Six910-ui/handlers/adminInsuranceHandler.go:40.34,45.4 4 1
github.com/Ulbora/Six910-ui/handlers/adminInsuranceHandler.go:45.9,47.4 1 1
github.com/Ulbora/Six910-ui/handlers/adminInsuranceHandler.go:52.88,55.9 3 1
github.com/Ulbora/Six910-ui/handlers/adminInsuranceHandler.go:55.9,56.35 1 1
github.com/Ulbora/Six910-ui/handlers/adminInsuranceHandler.go:56.35,62.21 6 1
github.com/Ulbora/Six910-ui/handlers/adminInsuranceHandler.go:62.21,64.5 1 1
github.com/Ulbora/Six910-ui/handlers/adminInsuranceHandler.go:64.10,66.5 1 1
github.com/Ulbora/Six910-ui/handlers/adminInsuranceHandler.go:67.9,69.4 1 1
github.com/Ulbora/Six910-ui/handlers/adminInsuranceHandler.go:74.93,77.9 3 1
github.com/Ulbora/Six910-ui/handlers/adminInsuranceHandler.go:77.9,78.34 1 1
github.com/Ulbora/Six910-ui/handlers/adminInsuranceHandler.go:78.34,89.4 10 1
github.com/Ulbora/Six910-ui/handlers/adminInsuranceHandler.go:89.9,91.4 1 1
github.com/Ulbora/Six910-ui/handlers/adminInsuranceHandler.go:96.89,99.9 3 1
github.com/Ulbora/Six910-ui/handlers/adminInsuranceHandler.go:99.9,100.35 1 1
github.com/Ulbora/Six910-ui/handlers/adminInsuranceHandler.go:100.35,106.19 6 1
github.com/Ulbora/Six910-ui/handlers/adminInsuranceHandler.go:106.19,108.5 1 1
github.com/Ulbora/Six910-ui/handlers/adminInsuranceHandler.go:108.10,110.5 1 1
github.com/Ulbora/Six910-ui/handlers/adminInsuranceHandler.go:111.9,113.4 1 1
github.com/Ulbora/Six910-ui/handlers/adminInsuranceHandler.go:118.93,121.9 3 1
github.com/Ulbora/Six910-ui/handlers/adminInsuranceHandler.go:121.9,122.35 1 1
github.com/Ulbora/Six910-ui/handlers/adminInsuranceHandler.go:122.35,127.4 4 1
github.com/Ulbora/Six910-ui/handlers/adminInsuranceHandler.go:127.9,129.4 1 1
github.com/Ulbora/Six910-ui/handlers/adminInsuranceHandler.go:134.91,137.9 3 1
github.com/Ulbora/Six910-ui/handlers/adminInsuranceHandler.go:137.9,138.34 1 1
github.com/Ulbora/Six910-ui/handlers/adminInsuranceHandler.go:138.34,145.19 7 1
github.com/Ulbora/Six910-ui/handlers/adminInsuranceHandler.go:145.19,147.5 1 1
github.com/Ulbora/Six910-ui/handlers/adminInsuranceHandler.go:147.10,149.5 1 1
github.com/Ulbora/Six910-ui/handlers/adminInsuranceHandler.go:150.9,152.4 1 1
github.com/Ulbora/Six910-ui/handlers/adminInsuranceHandler.go:156.75,170.2 12 1
github.com/Ulbora/Six910-ui/handlers/customerOrderHandler.go:66.83,69.9 3 1
github.com/Ulbora/Six910-ui/handlers/customerOrderHandler.go:69.9,70.39 1 1
github.com/Ulbora/Six910-ui/handlers/customerOrderHandler.go:70.39,82.47 9 1
github.com/Ulbora/Six910-ui/handlers/customerOrderHandler.go:87.4,88.47 2 1
github.com/Ulbora/Six910-ui/handlers/customerOrderHandler.go:93.4,94.47 2 1
github.com/Ulbora/Six910-ui/handlers/customerOrderHandler.go:99.4,102.27 3 1
github.com/Ulbora/Six910-ui/handlers/customerOrderHandler.go:106.4,123.13 13 1
github.com/Ulbora/Six910-ui/handlers/customerOrderHandler.go:130.4,131.62 2 1
github.com/Ulbora/Six910-ui/handlers/customerOrderHandler.go:82.47,85.5 2 1
github.com/Ulbora/Six910-ui/handlers/customerOrderHandler.go:88.47,91.5 2 1
github.com/Ulbora/Six910-ui/handlers/customerOrderHandler.go:94.47,97.5 2 1
github.com/Ulbora/Six910-ui/handlers/customerOrderHandler.go:102.27,104.5 1 1
github.com/Ulbora/Six910-ui/handlers/customerOrderHandler.go:123.13,125.5 1 1
github.com/Ulbora/Six910-ui/handlers/customerOrderHandler.go:125.10,128.5 2 1
github.com/Ulbora/Six910-ui/handlers/customerOrderHandler.go:132.9,134.4 1 1
github.com/Ulbora/Six910-ui/handlers/customerOrderHandler.go:139.87,142.9 3 1
github.com/Ulbora/Six910-ui/handlers/customerOrderHandler.go:142.9,143.40 1 1
github.com/Ulbora/Six910-ui/handlers/customerOrderHandler.go:143.40,160.42 8 1
github.com/Ulbora/Six910-ui/handlers/customerOrderHandler.go:163.4,176.13 10 1
github.com/Ulbora/Six910-ui/handlers/customerOrderHandler.go:183.4,184.65 2 1
github.com/Ulbora/Six910-ui/handlers/customerOrderHandler.go:160.42,162.5 1 1
github.com/Ulbora/Six910-ui/handlers/customerOrderHandler.go:176.13,178.5 1 1
github.com/Ulbora/Six910-ui/handlers/customerOrderHandler.go:178.10,181.5 2 1
github.com/Ulbora/Six910-ui/handlers/customerOrderHandler.go:186.9,188.4 1 1
github.com/Ulbora/Six910-ui/handlers/loggingHandler.go:35.77,42.16 4 1
github.com/Ulbora/Six910-ui/handlers/loggingHandler.go:42.16,44.3 1 1
github.com/Ulbora/Six910-ui/handlers/loggingHandler.go:44.8,46.37 2 1
github.com/Ulbora/Six910-ui/handlers/loggingHandler.go:51.3,52.34 2 1
github.com/Ulbora/Six910-ui/handlers/loggingHandler.go:83.3,84.33 2 1
github.com/Ulbora/Six910-ui/handlers/loggingHandler.go:46.37,48.4 1 1
github.com/Ulbora/Six910-ui/handlers/loggingHandler.go:48.9,50.4 1 1
github.com/Ulbora/Six910-ui/handlers/loggingHandler.go:52.34,58.30 3 1
github.com/Ulbora/Six910-ui/handlers/loggingHandler.go:58.30,60.5 1 1
github.com/Ulbora/Six910-ui/handlers/loggingHandler.go:60.10,61.38 1 1
github.com/Ulbora/Six910-ui/handlers/loggingHandler.go:62.21,65.34 3 1
github.com/Ulbora/Six910-ui/handlers/loggingHandler.go:66.20,69.33 3 1
github.com/Ulbora/Six910-ui/handlers/loggingHandler.go:70.19,73.32 3 1
github.com/Ulbora/Six910-ui/handlers/loggingHandler.go:74.19,77.32 3 1
github.com/Ulbora/Six910-ui/handlers/loggingHandler.go:80.9,82.4 1 1
github.com/Ulbora/Six910-ui/handlers/adminPluginHandler.go:38.89,39.22 1 1
github.com/Ulbora/Six910-ui/handlers/adminPluginHandler.go:39.22,42.10 3 1
github.com/Ulbora/Six910-ui/handlers/adminPluginHandler.go:42.10,43.36 1 1
github.com/Ulbora/Six910-ui/handlers/adminPluginHandler.go:43.36,48.5 4 1
github.com/Ulbora/Six910-ui/handlers/adminPluginHandler.go:48.10,50.5 1 1
github.com/Ulbora/Six910-ui/handlers/adminPluginHandler.go:56.85,57.22 1 1
github.com/Ulbora/Six910-ui/handlers/adminPluginHandler.go:57.22,60.10 3 1
github.com/Ulbora/Six910-ui/handlers/adminPluginHandler.go:60.10,61.37 1 1
github.com/Ulbora/Six910-ui/handlers/adminPluginHandler.go:61.37,67.22 6 1
github.com/Ulbora/Six910-ui/handlers/adminPluginHandler.go:67.22,69.6 1 1
github.com/Ulbora/Six910-ui/handlers/adminPluginHandler.go:69.11,71.6 1 1
github.com/Ulbora/Six910-ui/handlers/adminPluginHandler.go:72.10,74.5 1 1
github.com/Ulbora/Six910-ui/handlers/adminPluginHandler.go:80.90,81.22 1 1
github.com/Ulbora/Six910-ui/handlers/adminPluginHandler.go:81.22,84.10 3 1
github.com/Ulbora/Six910-ui/handlers/adminPluginHandler.go:84.10,85.36 1 1
github.com/Ulbora/Six910-ui/handlers/adminPluginHandler.go:85.36,96.5 10 1
github.com/Ulbora/Six910-ui/handlers/adminPluginHandler.go:96.10,98.5 1 1
github.com/Ulbora/Six910-ui/handlers/adminPluginHandler.go:104.86,105.22 1 1
github.com/Ulbora/Six910-ui/handlers/adminPluginHandler.go:105.22,108.10 3 1
github.com/Ulbora/Six910-ui/handlers/adminPluginHandler.go:108.10,109.37 1 1
github.com/Ulbora/Six910-ui/handlers/adminPluginHandler.go:109.37,115.20 6 1
github.com/Ulbora/Six910-ui/handlers/adminPluginHandler.go:115.20,117.6 1 1
github.com/Ulbora/Six910-ui/handlers/adminPluginHandler.go:117.11,119.6 1 1
github.com/Ulbora/Six910-ui/handlers/adminPluginHandler.go:120.10,122.5 1 1
github.com/Ulbora/Six910-ui/handlers/adminPluginHandler.go:128.90,131.9 3 1
github.com/Ulbora/Six910-ui/handlers/adminPluginHandler.go:131.9,132.36 1 1
github.com/Ulbora/Six910-ui/handlers/adminPluginHandler.go:132.36,145.4 12 1
github.com/Ulbora/Six910-ui/handlers/adminPluginHandler.go:145.9,147.4 1 1
github.com/Ulbora/Six910-ui/handlers/adminPluginHandler.go:152.88,153.22 1 1
github.com/Ulbora/Six910-ui/handlers/adminPluginHandler.go:153.22,156.10 3 1
github.com/Ulbora/Six910-ui/handlers/adminPluginHandler.go:156.10,157.36 1 1
github.com/Ulbora/Six910-ui/handlers/adminPluginHandler.go:157.36,164.20 7 1
github.com/Ulbora/Six910-ui/handlers/adminPluginHandler.go:164.20,166.6 1 1
github.com/Ulbora/Six910-ui/handlers/adminPluginHandler.go:166.11,168.6 1 1
github.com/Ulbora/Six910-ui/handlers/adminPluginHandler.go:169.10,171.5 1 1
github.com/Ulbora/Six910-ui/handlers/adminPluginHandler.go:176.70,187.21 11 1
github.com/Ulbora/Six910-ui/handlers/adminPluginHandler.go:192.2,196.19 5 1
github.com/Ulbora/Six910-ui/handlers/adminPluginHandler.go:201.2,201.11 1 1
github.com/Ulbora/Six910-ui/handlers/adminPluginHandler.go:187.21,189.3 1 1
github.com/Ulbora/Six910-ui/handlers/adminPluginHandler.go:189.8,191.3 1 1
github.com/Ulbora/Six910-ui/handlers/adminPluginHandler.go:196.19,198.3 1 1
github.com/Ulbora/Six910-ui/handlers/adminPluginHandler.go:198.8,200.3 1 1
github.com/Ulbora/Six910-ui/handlers/adminRegionHandler.go:36.89,39.9 3 1
github.com/Ulbora/Six910-ui/handlers/adminRegionHandler.go:39.9,40.35 1 1
github.com/Ulbora/Six910-ui/handlers/adminRegionHandler.go:40.35,45.4 4 1
github.com/Ulbora/Six910-ui/handlers/adminRegionHandler.go:45.9,47.4 1 1
github.com/Ulbora/Six910-ui/handlers/adminRegionHandler.go:52.85,55.9 3 1
github.com/Ulbora/Six910-ui/handlers/adminRegionHandler.go:55.9,56.36 1 1
github.com/Ulbora/Six910-ui/handlers/adminRegionHandler.go:56.36,62.21 6 1
github.com/Ulbora/Six910-ui/handlers/adminRegionHandler.go:62.21,64.5 1 1
github.com/Ulbora/Six910-ui/handlers/adminRegionHandler.go:64.10,66.5 1 1
github.com/Ulbora/Six910-ui/handlers/adminRegionHandler.go:67.9,69.4 1 1
github.com/Ulbora/Six910-ui/handlers/adminRegionHandler.go:74.90,77.9 3 1
github.com/Ulbora/Six910-ui/handlers/adminRegionHandler.go:77.9,78.35 1 1
github.com/Ulbora/Six910-ui/handlers/adminRegionHandler.go:78.35,89.4 10 1
github.com/Ulbora/Six910-ui/handlers/adminRegionHandler.go:89.9,91.4 1 1
github.com/Ulbora/Six910-ui/handlers/adminRegionHandler.go:96.86,99.9 3 1
github.com/Ulbora/Six910-ui/handlers/adminRegionHandler.go:99.9,100.35 1 1
github.com/Ulbora/Six910-ui/handlers/adminRegionHandler.go:100.35,106.19 6 1
github.com/Ulbora/Six910-ui/handlers/adminRegionHandler.go:106.19,108.5 1 1
github.com/Ulbora/Six910-ui/handlers/adminRegionHandler.go:108.10,110.5 1 1
github.com/Ulbora/Six910-ui/handlers/adminRegionHandler.go:111.9,113.4 1 1
github.com/Ulbora/Six910-ui/handlers/adminRegionHandler.go:118.90,121.9 3 1
github.com/Ulbora/Six910-ui/handlers/adminRegionHandler.go:121.9,122.36 1 1
github.com/Ulbora/Six910-ui/handlers/adminRegionHandler.go:122.36,127.4 4 1
github.com/Ulbora/Six910-ui/handlers/adminRegionHandler.go:127.9,129.4 1 1
github.com/Ulbora/Six910-ui/handlers/adminRegionHandler.go:134.88,137.9 3 1
github.com/Ulbora/Six910-ui/handlers/adminRegionHandler.go:137.9,138.35 1 1
github.com/Ulbora/Six910-ui/handlers/adminRegionHandler.go:138.35,145.19 7 1
github.com/Ulbora/Six910-ui/handlers/adminRegionHandler.go:145.19,147.5 1 1
github.com/Ulbora/Six910-ui/handlers/adminRegionHandler.go:147.10,149.5 1 1
github.com/Ulbora/Six910-ui/handlers/adminRegionHandler.go:150.9,152.4 1 1
github.com/Ulbora/Six910-ui/handlers/adminRegionHandler.go:156.69,166.2 8 1
github.com/Ulbora/Six910-ui/handlers/adminShippingCarrierHandler.go:36.90,39.9 3 1
github.com/Ulbora/Six910-ui/handlers/adminShippingCarrierHandler.go:39.9,40.35 1 1
github.com/Ulbora/Six910-ui/handlers/adminShippingCarrierHandler.go:40.35,45.4 4 1
github.com/Ulbora/Six910-ui/handlers/adminShippingCarrierHandler.go:45.9,47.4 1 1
github.com/Ulbora/Six910-ui/handlers/adminShippingCarrierHandler.go:52.86,55.9 3 1
github.com/Ulbora/Six910-ui/handlers/adminShippingCarrierHandler.go:55.9,56.36 1 1
github.com/Ulbora/Six910-ui/handlers/adminShippingCarrierHandler.go:56.36,62.21 6 1
github.com/Ulbora/Six910-ui/handlers/adminShippingCarrierHandler.go:62.21,64.5 1 1
github.com/Ulbora/Six910-ui/handlers/adminShippingCarrierHandler.go:64.10,66.5 1 1
github.com/Ulbora/Six910-ui/handlers/adminShippingCarrierHandler.go:67.9,69.4 1 1
github.com/Ulbora/Six910-ui/handlers/adminShippingCarrierHandler.go:74.91,77.9 3 1
github.com/Ulbora/Six910-ui/handlers/adminShippingCarrierHandler.go:77.9,78.35 1 1
github.com/Ulbora/Six910-ui/handlers/adminShippingCarrierHandler.go:78.35,89.4 10 1
github.com/Ulbora/Six910-ui/handlers/adminShippingCarrierHandler.go:89.9,91.4 1 1
github.com/Ulbora/Six910-ui/handlers/adminShippingCarrierHandler.go:96.87,99.9 3 1
github.com/Ulbora/Six910-ui/handlers/adminShippingCarrierHandler.go:99.9,100.35 1 1
github.com/Ulbora/Six910-ui/handlers/adminShippingCarrierHandler.go:100.35,106.19 6 1
github.com/Ulbora/Six910-ui/handlers/adminShippingCarrierHandler.go:106.19,108.5 1 1
github.com/Ulbora/Six910-ui/handlers/adminShippingCarrierHandler.go:108.10,110.5 1 1
github.com/Ulbora/Six910-ui/handlers/adminShippingCarrierHandler.go:111.9,113.4 1 1
github.com/Ulbora/Six910-ui/handlers/adminShippingCarrierHandler.go:118.91,121.9 3 1
github.com/Ulbora/Six910-ui/handlers/adminShippingCarrierHandler.go:121.9,122.36 1 1
github.com/Ulbora/Six910-ui/handlers/adminShippingCarrierHandler.go:122.36,127.4 4 1
github.com/Ulbora/Six910-ui/handlers/adminShippingCarrierHandler.go:127.9,129.4 1 1
github.com/Ulbora/Six910-ui/handlers/adminShippingCarrierHandler.go:134.89,137.9 3 1
github.com/Ulbora/Six910-ui/handlers/adminShippingCarrierHandler.go:137.9,138.35 1 1
github.com/Ulbora/Six910-ui/handlers/adminShippingCarrierHandler.go:138.35,145.19 7 1
github.com/Ulbora/Six910-ui/handlers/adminShippingCarrierHandler.go:145.19,147.5 1 1
github.com/Ulbora/Six910-ui/handlers/adminShippingCarrierHandler.go:147.10,149.5 1 1
github.com/Ulbora/Six910-ui/handlers/adminShippingCarrierHandler.go:150.9,152.4 1 1
github.com/Ulbora/Six910-ui/handlers/adminShippingCarrierHandler.go:156.87,166.2 8 1
github.com/Ulbora/Six910-ui/handlers/customerTemplateHandler.go:29.40,69.2 5 1
github.com/Ulbora/Six910-ui/handlers/adminProductHandler.go:65.90,68.9 3 1
github.com/Ulbora/Six910-ui/handlers/adminProductHandler.go:68.9,69.32 1 1
github.com/Ulbora/Six910-ui/handlers/adminProductHandler.go:69.32,77.39 7 1
github.com/Ulbora/Six910-ui/handlers/adminProductHandler.go:84.4,85.39 2 1
github.com/Ulbora/Six910-ui/handlers/adminProductHandler.go:92.4,94.66 2 1
github.com/Ulbora/Six910-ui/handlers/adminProductHandler.go:77.39,82.5 4 1
github.com/Ulbora/Six910-ui/handlers/adminProductHandler.go:85.39,90.5 4 1
github.com/Ulbora/Six910-ui/handlers/adminProductHandler.go:95.9,97.4 1 1
github.com/Ulbora/Six910-ui/handlers/adminProductHandler.go:102.86,105.9 3 1
github.com/Ulbora/Six910-ui/handlers/adminProductHandler.go:105.9,106.32 1 1
github.com/Ulbora/Six910-ui/handlers/adminProductHandler.go:106.32,115.28 8 1
github.com/Ulbora/Six910-ui/handlers/adminProductHandler.go:121.4,121.32 1 1
github.com/Ulbora/Six910-ui/handlers/adminProductHandler.go:131.4,132.21 2 1
github.com/Ulbora/Six910-ui/handlers/adminProductHandler.go:115.28,118.5 2 1
github.com/Ulbora/Six910-ui/handlers/adminProductHandler.go:121.32,126.66 5 1
github.com/Ulbora/Six910-ui/handlers/adminProductHandler.go:126.66,128.6 1 1
github.com/Ulbora/Six910-ui/handlers/adminProductHandler.go:132.21,134.5 1 1
github.com/Ulbora/Six910-ui/handlers/adminProductHandler.go:134.10,136.5 1 1
github.com/Ulbora/Six910-ui/handlers/adminProductHandler.go:137.9,139.4 1 1
github.com/Ulbora/Six910-ui/handlers/adminProductHandler.go:144.91,147.9 3 1
github.com/Ulbora/Six910-ui/handlers/adminProductHandler.go:147.9,148.32 1 1
github.com/Ulbora/Six910-ui/handlers/adminProductHandler.go:148.32,161.49 11 1
github.com/Ulbora/Six910-ui/handlers/adminProductHandler.go:168.4,169.39 2 1
github.com/Ulbora/Six910-ui/handlers/adminProductHandler.go:176.4,177.39 2 1
github.com/Ulbora/Six910-ui/handlers/adminProductHandler.go:184.4,185.50 2 1
github.com/Ulbora/Six910-ui/handlers/adminProductHandler.go:192.4,194.70 2 1
github.com/Ulbora/Six910-ui/handlers/adminProductHandler.go:161.49,166.5 4 1
github.com/Ulbora/Six910-ui/handlers/adminProductHandler.go:169.39,174.5 4 1
github.com/Ulbora/Six910-ui/handlers/adminProductHandler.go:177.39,182.5 4 1
github.com/Ulbora/Six910-ui/handlers/adminProductHandler.go:185.50,190.5 4 1
github.com/Ulbora/Six910-ui/handlers/adminProductHandler.go:195.9,197.4 1 1
github.com/Ulbora/Six910-ui/handlers/adminProductHandler.go:202.87,205.9 3 1
github.com/Ulbora/Six910-ui/handlers/adminProductHandler.go:205.9,206.32 1 1
github.com/Ulbora/Six910-ui/handlers/adminProductHandler.go:206.32,216.27 9 1
github.com/Ulbora/Six910-ui/handlers/adminProductHandler.go:221.4,224.31 2 1
github.com/Ulbora/Six910-ui/handlers/adminProductHandler.go:245.4,245.31 1 1
github.com/Ulbora/Six910-ui/handlers/adminProductHandler.go:265.4,267.19 3 1
github.com/Ulbora/Six910-ui/handlers/adminProductHandler.go:216.27,219.5 2 1
github.com/Ulbora/Six910-ui/handlers/adminProductHandler.go:224.31,226.33 2 1
github.com/Ulbora/Six910-ui/handlers/adminProductHandler.go:232.5,232.15 1 1
github.com/Ulbora/Six910-ui/handlers/adminProductHandler.go:226.33,227.17 1 1
github.com/Ulbora/Six910-ui/handlers/adminProductHandler.go:227.17,229.12 2 1
github.com/Ulbora/Six910-ui/handlers/adminProductHandler.go:232.15,238.67 5 1
github.com/Ulbora/Six910-ui/handlers/adminProductHandler.go:238.67,240.7 1 1
github.com/Ulbora/Six910-ui/handlers/adminProductHandler.go:245.31,247.33 2 1
github.com/Ulbora/Six910-ui/handlers/adminProductHandler.go:253.5,253.15 1 1
github.com/Ulbora/Six910-ui/handlers/adminProductHandler.go:247.33,248.17 1 1
github.com/Ulbora/Six910-ui/handlers/adminProductHandler.go:248.17,250.12 2 1
github.com/Ulbora/Six910-ui/handlers/adminProductHandler.go:253.15,259.67 5 1
github.com/Ulbora/Six910-ui/handlers/adminProductHandler.go:259.67,261.7 1 1
github.com/Ulbora/Six910-ui/handlers/adminProductHandler.go:267.19,269.5 1 1
github.com/Ulbora/Six910-ui/handlers/adminProductHandler.go:269.10,271.5 1 1
github.com/Ulbora/Six910-ui/handlers/adminProductHandler.go:272.9,274.4 1 1
github.com/Ulbora/Six910-ui/handlers/adminProductHandler.go:279.98,282.9 3 1
github.com/Ulbora/Six910-ui/handlers/adminProductHandler.go:282.9,283.32 1 1
github.com/Ulbora/Six910-ui/handlers/adminProductHandler.go:283.32,289.17 6 1
github.com/Ulbora/Six910-ui/handlers/adminProductHandler.go:301.4,303.75 3 1
github.com/Ulbora/Six910-ui/handlers/adminProductHandler.go:289.17,293.29 4 1
github.com/Ulbora/Six910-ui/handlers/adminProductHandler.go:293.29,295.37 2 1
github.com/Ulbora/Six910-ui/handlers/adminProductHandler.go:295.37,298.7 2 1
github.com/Ulbora/Six910-ui/handlers/adminProductHandler.go:304.9,306.4 1 1
github.com/Ulbora/Six910-ui/handlers/adminProductHandler.go:311.99,314.9 3 1
github.com/Ulbora/Six910-ui/handlers/adminProductHandler.go:314.9,315.32 1 1
github.com/Ulbora/Six910-ui/handlers/adminProductHandler.go:315.32,320.18 5 1
github.com/Ulbora/Six910-ui/handlers/adminProductHandler.go:332.4,333.76 2 1
github.com/Ulbora/Six910-ui/handlers/adminProductHandler.go:320.18,325.24 5 1
github.com/Ulbora/Six910-ui/handlers/adminProductHandler.go:325.24,327.6 1 1
github.com/Ulbora/Six910-ui/handlers/adminProductHandler.go:328.10,331.5 2 1
github.com/Ulbora/Six910-ui/handlers/adminProductHandler.go:334.9,336.4 1 1
github.com/Ulbora/Six910-ui/handlers/adminProductHandler.go:341.103,344.9 3 1
github.com/Ulbora/Six910-ui/handlers/adminProductHandler.go:344.9,345.32 1 1
github.com/Ulbora/Six910-ui/handlers/adminProductHandler.go:345.32,354.20 9 1
github.com/Ulbora/Six910-ui/handlers/adminProductHandler.go:367.4,368.76 2 1
github.com/Ulbora/Six910-ui/handlers/adminProductHandler.go:354.20,360.24 6 1
github.com/Ulbora/Six910-ui/handlers/adminProductHandler.go:360.24,362.6 1 1
github.com/Ulbora/Six910-ui/handlers/adminProductHandler.go:363.10,366.5 2 1
github.com/Ulbora/Six910-ui/handlers/adminProductHandler.go:369.9,371.4 1 1
github.com/Ulbora/Six910-ui/handlers/adminProductHandler.go:376.91,379.9 3 1
github.com/Ulbora/Six910-ui/handlers/adminProductHandler.go:379.9,380.32 1 1
github.com/Ulbora/Six910-ui/handlers/adminProductHandler.go:380.32,397.4 16 1
github.com/Ulbora/Six910-ui/handlers/adminProductHandler.go:397.9,399.4 1 1
github.com/Ulbora/Six910-ui/handlers/adminProductHandler.go:404.89,407.9 3 1
github.com/Ulbora/Six910-ui/handlers/adminProductHandler.go:407.9,408.32 1 1
github.com/Ulbora/Six910-ui/handlers/adminProductHandler.go:408.32,415.19 7 1
github.com/Ulbora/Six910-ui/handlers/adminProductHandler.go:415.19,417.5 1 1
github.com/Ulbora/Six910-ui/handlers/adminProductHandler.go:417.10,419.5 1 1
github.com/Ulbora/Six910-ui/handlers/adminProductHandler.go:420.9,422.4 1 1
github.com/Ulbora/Six910-ui/handlers/adminProductHandler.go:426.71,465.21 38 1
github.com/Ulbora/Six910-ui/handlers/adminProductHandler.go:471.2,472.24 2 1
[...]
github.com/Ulbora/Six910-ui/handlers/adminDistributorHandler.go:45.9,47.4 1 1
github.com/Ulbora/Six910-ui/handlers/adminDistributorHandler.go:52.90,55.9 3 1
github.com/Ulbora/Six910-ui/handlers/adminDistributorHandler.go:55.9,56.35 1 1
github.com/Ulbora/Six910-ui/handlers/adminDistributorHandler.go:56.35,62.21 6 1
github.com/Ulbora/Six910-ui/handlers/adminDistributorHandler.go:62.21,64.5 1 1
github.com/Ulbora/Six910-ui/handlers/adminDistributorHandler.go:64.10,66.5 1 1
github.com/Ulbora/Six910-ui/handlers/adminDistributorHandler.go:67.9,69.4 1 1
github.com/Ulbora/Six910-ui/handlers/adminDistributorHandler.go:74.95,77.9 3 1
github.com/Ulbora/Six910-ui/handlers/adminDistributorHandler.go:77.9,78.34 1 1
github.com/Ulbora/Six910-ui/handlers/adminDistributorHandler.go:78.34,89.4 10 1
github.com/Ulbora/Six910-ui/handlers/adminDistributorHandler.go:89.9,91.4 1 1
github.com/Ulbora/Six910-ui/handlers/adminDistributorHandler.go:96.91,99.9 3 1
github.com/Ulbora/Six910-ui/handlers/adminDistributorHandler.go:99.9,100.35 1 1
github.com/Ulbora/Six910-ui/handlers/adminDistributorHandler.go:100.35,106.19 6 1
github.com/Ulbora/Six910-ui/handlers/adminDistributorHandler.go:106.19,108.5 1 1
github.com/Ulbora/Six910-ui/handlers/adminDistributorHandler.go:108.10,110.5 1 1
github.com/Ulbora/Six910-ui/handlers/adminDistributorHandler.go:111.9,113.4 1 1
github.com/Ulbora/Six910-ui/handlers/adminDistributorHandler.go:118.95,121.9 3 1
github.com/Ulbora/Six910-ui/handlers/adminDistributorHandler.go:121.9,122.35 1 1
github.com/Ulbora/Six910-ui/handlers/adminDistributorHandler.go:122.35,127.4 4 1
github.com/Ulbora/Six910-ui/handlers/adminDistributorHandler.go:127.9,129.4 1 1
github.com/Ulbora/Six910-ui/handlers/adminDistributorHandler.go:134.93,137.9 3 1
github.com/Ulbora/Six910-ui/handlers/adminDistributorHandler.go:137.9,138.34 1 1
github.com/Ulbora/Six910-ui/handlers/adminDistributorHandler.go:138.34,145.19 7 1
github.com/Ulbora/Six910-ui/handlers/adminDistributorHandler.go:145.19,147.5 1 1
github.com/Ulbora/Six910-ui/handlers/adminDistributorHandler.go:147.10,149.5 1 1
github.com/Ulbora/Six910-ui/handlers/adminDistributorHandler.go:150.9,152.4 1 1
github.com/Ulbora/Six910-ui/handlers/adminDistributorHandler.go:156.79,167.2 9 1
github.com/Ulbora/Six910-ui/handlers/adminImageHandler.go:34.96,37.9 3 1
github.com/Ulbora/Six910-ui/handlers/adminImageHandler.go:37.9,38.32 1 1
github.com/Ulbora/Six910-ui/handlers/adminImageHandler.go:38.32,40.4 1 1
github.com/Ulbora/Six910-ui/handlers/adminImageHandler.go:40.9,42.4 1 1
github.com/Ulbora/Six910-ui/handlers/adminImageHandler.go:47.92,50.9 3 1
github.com/Ulbora/Six910-ui/handlers/adminImageHandler.go:50.9,51.32 1 1
github.com/Ulbora/Six910-ui/handlers/adminImageHandler.go:51.32,57.19 4 1
github.com/Ulbora/Six910-ui/handlers/adminImageHandler.go:60.4,74.20 9 1
github.com/Ulbora/Six910-ui/handlers/adminImageHandler.go:99.4,99.11 1 1
github.com/Ulbora/Six910-ui/handlers/adminImageHandler.go:57.19,59.5 1 1
github.com/Ulbora/Six910-ui/handlers/adminImageHandler.go:74.20,76.9 2 1
github.com/Ulbora/Six910-ui/handlers/adminImageHandler.go:76.9,79.23 3 1
github.com/Ulbora/Six910-ui/handlers/adminImageHandler.go:83.6,86.23 4 1
github.com/Ulbora/Six910-ui/handlers/adminImageHandler.go:79.23,80.12 1 1
github.com/Ulbora/Six910-ui/handlers/adminImageHandler.go:86.23,91.21 5 1
github.com/Ulbora/Six910-ui/handlers/adminImageHandler.go:91.21,95.8 3 1
github.com/Ulbora/Six910-ui/handlers/adminImageHandler.go:99.11,101.5 1 1
github.com/Ulbora/Six910-ui/handlers/adminImageHandler.go:101.10,104.5 2 1
github.com/Ulbora/Six910-ui/handlers/adminImageHandler.go:105.9,107.4 1 1
github.com/Ulbora/Six910-ui/handlers/adminImageHandler.go:112.100,115.9 3 1
github.com/Ulbora/Six910-ui/handlers/adminImageHandler.go:115.9,116.32 1 1
github.com/Ulbora/Six910-ui/handlers/adminImageHandler.go:116.32,118.4 1 1
github.com/Ulbora/Six910-ui/handlers/adminImageHandler.go:118.9,120.4 1 1
github.com/Ulbora/Six910-ui/handlers/adminImageHandler.go:125.96,128.9 3 1
github.com/Ulbora/Six910-ui/handlers/adminImageHandler.go:128.9,129.32 1 1
github.com/Ulbora/Six910-ui/handlers/adminImageHandler.go:129.32,135.19 4 1
github.com/Ulbora/Six910-ui/handlers/adminImageHandler.go:138.4,152.20 9 1
github.com/Ulbora/Six910-ui/handlers/adminImageHandler.go:177.4,177.12 1 1
github.com/Ulbora/Six910-ui/handlers/adminImageHandler.go:135.19,137.5 1 1
github.com/Ulbora/Six910-ui/handlers/adminImageHandler.go:152.20,154.9 2 1
github.com/Ulbora/Six910-ui/handlers/adminImageHandler.go:154.9,157.23 3 1
github.com/Ulbora/Six910-ui/handlers/adminImageHandler.go:161.6,164.24 4 1
github.com/Ulbora/Six910-ui/handlers/adminImageHandler.go:157.23,158.12 1 1
github.com/Ulbora/Six910-ui/handlers/adminImageHandler.go:164.24,169.21 5 1
github.com/Ulbora/Six910-ui/handlers/adminImageHandler.go:169.21,173.8 3 1
github.com/Ulbora/Six910-ui/handlers/adminImageHandler.go:177.12,179.5 1 1
github.com/Ulbora/Six910-ui/handlers/adminImageHandler.go:179.10,182.5 2 1
github.com/Ulbora/Six910-ui/handlers/adminImageHandler.go:183.9,185.4 1 1
github.com/Ulbora/Six910-ui/handlers/adminPageCssHandler.go:29.86,32.9 3 1
github.com/Ulbora/Six910-ui/handlers/adminPageCssHandler.go:32.9,33.32 1 1
github.com/Ulbora/Six910-ui/handlers/adminPageCssHandler.go:33.32,43.4 8 1
github.com/Ulbora/Six910-ui/handlers/adminPageCssHandler.go:43.9,45.4 1 1
github.com/Ulbora/Six910-ui/handlers/adminPageCssHandler.go:50.89,53.9 3 1
github.com/Ulbora/Six910-ui/handlers/adminPageCssHandler.go:53.9,54.32 1 1
github.com/Ulbora/Six910-ui/handlers/adminPageCssHandler.go:54.32,96.11 30 1
github.com/Ulbora/Six910-ui/handlers/adminPageCssHandler.go:96.11,98.5 1 1
github.com/Ulbora/Six910-ui/handlers/adminPageCssHandler.go:98.10,101.5 1 1
github.com/Ulbora/Six910-ui/handlers/adminPageCssHandler.go:102.9,104.4 1 1
github.com/Ulbora/Six910-ui/handlers/customerContentHandler.go:28.77,31.9 3 1
github.com/Ulbora/Six910-ui/handlers/customerContentHandler.go:31.9,43.13 10 1
github.com/Ulbora/Six910-ui/handlers/customerContentHandler.go:50.3,53.64 4 1
github.com/Ulbora/Six910-ui/handlers/customerContentHandler.go:43.13,45.4 1 1
github.com/Ulbora/Six910-ui/handlers/customerContentHandler.go:45.9,48.4 2 1
github.com/Ulbora/Six910-ui/handlers/adminContentHandler.go:44.90,47.9 3 1
github.com/Ulbora/Six910-ui/handlers/adminContentHandler.go:47.9,48.32 1 1
github.com/Ulbora/Six910-ui/handlers/adminContentHandler.go:48.32,54.4 5 1
github.com/Ulbora/Six910-ui/handlers/adminContentHandler.go:54.9,56.4 1 1
github.com/Ulbora/Six910-ui/handlers/adminContentHandler.go:61.86,64.9 3 1
github.com/Ulbora/Six910-ui/handlers/adminContentHandler.go:64.9,65.32 1 1
github.com/Ulbora/Six910-ui/handlers/adminContentHandler.go:65.32,70.19 5 1
github.com/Ulbora/Six910-ui/handlers/adminContentHandler.go:70.19,72.5 1 1
github.com/Ulbora/Six910-ui/handlers/adminContentHandler.go:72.10,74.5 1 1
github.com/Ulbora/Six910-ui/handlers/adminContentHandler.go:75.9,77.4 1 1
github.com/Ulbora/Six910-ui/handlers/adminContentHandler.go:82.89,85.9 3 1
github.com/Ulbora/Six910-ui/handlers/adminContentHandler.go:85.9,86.32 1 1
github.com/Ulbora/Six910-ui/handlers/adminContentHandler.go:86.32,91.19 5 1
github.com/Ulbora/Six910-ui/handlers/adminContentHandler.go:91.19,93.5 1 1
github.com/Ulbora/Six910-ui/handlers/adminContentHandler.go:93.10,96.5 1 1
github.com/Ulbora/Six910-ui/handlers/adminContentHandler.go:97.9,99.4 1 1
github.com/Ulbora/Six910-ui/handlers/adminContentHandler.go:104.86,107.9 3 1
github.com/Ulbora/Six910-ui/handlers/adminContentHandler.go:107.9,108.32 1 1
github.com/Ulbora/Six910-ui/handlers/adminContentHandler.go:108.32,122.4 11 1
github.com/Ulbora/Six910-ui/handlers/adminContentHandler.go:122.9,124.4 1 1
github.com/Ulbora/Six910-ui/handlers/adminContentHandler.go:129.87,132.9 3 1
github.com/Ulbora/Six910-ui/handlers/adminContentHandler.go:132.9,133.35 1 1
github.com/Ulbora/Six910-ui/handlers/adminContentHandler.go:133.35,135.41 2 1
github.com/Ulbora/Six910-ui/handlers/adminContentHandler.go:138.4,139.67 2 1
github.com/Ulbora/Six910-ui/handlers/adminContentHandler.go:135.41,137.5 1 1
github.com/Ulbora/Six910-ui/handlers/adminContentHandler.go:140.9,142.4 1 1
github.com/Ulbora/Six910-ui/handlers/adminContentHandler.go:147.89,150.9 3 1
github.com/Ulbora/Six910-ui/handlers/adminContentHandler.go:150.9,151.32 1 1
github.com/Ulbora/Six910-ui/handlers/adminContentHandler.go:151.32,157.17 4 1
github.com/Ulbora/Six910-ui/handlers/adminContentHandler.go:162.4,162.59 1 1
github.com/Ulbora/Six910-ui/handlers/adminContentHandler.go:157.17,160.5 2 1
github.com/Ulbora/Six910-ui/handlers/adminContentHandler.go:163.9,165.4 1 1
github.com/Ulbora/Six910-ui/handlers/adminContentHandler.go:169.69,210.22 30 1
github.com/Ulbora/Six910-ui/handlers/adminContentHandler.go:216.2,216.22 1 1
github.com/Ulbora/Six910-ui/handlers/adminContentHandler.go:221.2,221.21 1 1
github.com/Ulbora/Six910-ui/handlers/adminContentHandler.go:227.2,227.12 1 1
github.com/Ulbora/Six910-ui/handlers/adminContentHandler.go:210.22,212.3 1 1
github.com/Ulbora/Six910-ui/handlers/adminContentHandler.go:212.8,214.3 1 1
github.com/Ulbora/Six910-ui/handlers/adminContentHandler.go:216.22,218.3 1 1
github.com/Ulbora/Six910-ui/handlers/adminContentHandler.go:218.8,220.3 1 1
github.com/Ulbora/Six910-ui/handlers/adminContentHandler.go:221.21,223.3 1 1
github.com/Ulbora/Six910-ui/handlers/adminContentHandler.go:223.8,225.3 1 1
github.com/Ulbora/Six910-ui/handlers/adminContentHandler.go:230.59,233.14 2 1
github.com/Ulbora/Six910-ui/handlers/adminContentHandler.go:254.2,254.12 1 1
github.com/Ulbora/Six910-ui/handlers/adminContentHandler.go:234.20,235.14 1 1
github.com/Ulbora/Six910-ui/handlers/adminContentHandler.go:236.26,237.14 1 1
github.com/Ulbora/Six910-ui/handlers/adminContentHandler.go:238.34,239.14 1 1
github.com/Ulbora/Six910-ui/handlers/adminContentHandler.go:240.22,241.14 1 1
github.com/Ulbora/Six910-ui/handlers/adminContentHandler.go:242.27,243.14 1 1
github.com/Ulbora/Six910-ui/handlers/adminContentHandler.go:244.28,245.14 1 1
github.com/Ulbora/Six910-ui/handlers/adminContentHandler.go:246.28,247.14 1 1
github.com/Ulbora/Six910-ui/handlers/adminContentHandler.go:248.24,249.14 1 1
github.com/Ulbora/Six910-ui/handlers/adminContentHandler.go:250.20,251.14 1 1
github.com/Ulbora/Six910-ui/handlers/adminIncSubRegionHandler.go:40.100,43.9 3 1
github.com/Ulbora/Six910-ui/handlers/adminIncSubRegionHandler.go:43.9,44.38 1 1
github.com/Ulbora/Six910-ui/handlers/adminIncSubRegionHandler.go:44.38,60.55 14 1
github.com/Ulbora/Six910-ui/handlers/adminIncSubRegionHandler.go:65.4,66.58 2 1
github.com/Ulbora/Six910-ui/handlers/adminIncSubRegionHandler.go:71.4,73.76 2 1
github.com/Ulbora/Six910-ui/handlers/adminIncSubRegionHandler.go:60.55,63.5 2 1
github.com/Ulbora/Six910-ui/handlers/adminIncSubRegionHandler.go:66.58,69.5 2 1
github.com/Ulbora/Six910-ui/handlers/adminIncSubRegionHandler.go:74.9,76.4 1 1
github.com/Ulbora/Six910-ui/handlers/adminIncSubRegionHandler.go:81.96,84.9 3 1
github.com/Ulbora/Six910-ui/handlers/adminIncSubRegionHandler.go:84.9,85.39 1 1
github.com/Ulbora/Six910-ui/handlers/adminIncSubRegionHandler.go:85.39,91.23 6 1
github.com/Ulbora/Six910-ui/handlers/adminIncSubRegionHandler.go:91.23,93.5 1 1
github.com/Ulbora/Six910-ui/handlers/adminIncSubRegionHandler.go:93.10,95.5 1 1
github.com/Ulbora/Six910-ui/handlers/adminIncSubRegionHandler.go:96.9,98.4 1 1
github.com/Ulbora/Six910-ui/handlers/adminIncSubRegionHandler.go:103.101,106.9 3 1
github.com/Ulbora/Six910-ui/handlers/adminIncSubRegionHandler.go:106.9,107.39 1 1
github.com/Ulbora/Six910-ui/handlers/adminIncSubRegionHandler.go:107.39,116.4 8 1
github.com/Ulbora/Six910-ui/handlers/adminIncSubRegionHandler.go:116.9,118.4 1 1
github.com/Ulbora/Six910-ui/handlers/adminIncSubRegionHandler.go:123.99,126.9 3 1
github.com/Ulbora/Six910-ui/handlers/adminIncSubRegionHandler.go:126.9,127.38 1 1
github.com/Ulbora/Six910-ui/handlers/adminIncSubRegionHandler.go:127.38,136.19 9 1
github.com/Ulbora/Six910-ui/handlers/adminIncSubRegionHandler.go:136.19,138.5 1 1
github.com/Ulbora/Six910-ui/handlers/adminIncSubRegionHandler.go:138.10,140.5 1 1
github.com/Ulbora/Six910-ui/handlers/adminIncSubRegionHandler.go:141.9,143.4 1 1
github.com/Ulbora/Six910-ui/handlers/adminIncSubRegionHandler.go:147.86,159.2 10 1
github.com/Ulbora/Six910-ui/handlers/adminTemplateHandler.go:30.86,33.9 3 1
github.com/Ulbora/Six910-ui/handlers/adminTemplateHandler.go:33.9,34.34 1 1
github.com/Ulbora/Six910-ui/handlers/adminTemplateHandler.go:34.34,37.4 1 1
github.com/Ulbora/Six910-ui/handlers/adminTemplateHandler.go:37.9,39.4 1 1
github.com/Ulbora/Six910-ui/handlers/adminTemplateHandler.go:44.85,47.9 3 1
github.com/Ulbora/Six910-ui/handlers/adminTemplateHandler.go:47.9,48.35 1 1
github.com/Ulbora/Six910-ui/handlers/adminTemplateHandler.go:48.35,67.11 14 1
github.com/Ulbora/Six910-ui/handlers/adminTemplateHandler.go:72.4,72.13 1 1
github.com/Ulbora/Six910-ui/handlers/adminTemplateHandler.go:67.11,71.5 3 1
github.com/Ulbora/Six910-ui/handlers/adminTemplateHandler.go:72.13,74.5 1 1
github.com/Ulbora/Six910-ui/handlers/adminTemplateHandler.go:74.10,77.5 2 1
github.com/Ulbora/Six910-ui/handlers/adminTemplateHandler.go:78.9,80.4 1 1
github.com/Ulbora/Six910-ui/handlers/adminTemplateHandler.go:85.83,88.9 3 1
github.com/Ulbora/Six910-ui/handlers/adminTemplateHandler.go:88.9,89.35 1 1
github.com/Ulbora/Six910-ui/handlers/adminTemplateHandler.go:89.35,95.4 3 1
github.com/Ulbora/Six910-ui/handlers/adminTemplateHandler.go:95.9,97.4 1 1
github.com/Ulbora/Six910-ui/handlers/adminTemplateHandler.go:102.87,105.9 3 1
github.com/Ulbora/Six910-ui/handlers/adminTemplateHandler.go:105.9,106.35 1 1
github.com/Ulbora/Six910-ui/handlers/adminTemplateHandler.go:106.35,111.11 5 1
github.com/Ulbora/Six910-ui/handlers/adminTemplateHandler.go:114.4,115.57 2 1
github.com/Ulbora/Six910-ui/handlers/adminTemplateHandler.go:111.11,113.5 1 1
github.com/Ulbora/Six910-ui/handlers/adminTemplateHandler.go:116.9,118.4 1 1
github.com/Ulbora/Six910-ui/handlers/adminTemplateHandler.go:123.85,126.9 3 1
github.com/Ulbora/Six910-ui/handlers/adminTemplateHandler.go:126.9,127.35 1 1
github.com/Ulbora/Six910-ui/handlers/adminTemplateHandler.go:127.35,133.11 6 1
github.com/Ulbora/Six910-ui/handlers/adminTemplateHandler.go:137.4,137.57 1 1
github.com/Ulbora/Six910-ui/handlers/adminTemplateHandler.go:133.11,136.5 2 1
github.com/Ulbora/Six910-ui/handlers/adminTemplateHandler.go:138.9,140.4 1 1
github.com/Ulbora/Six910-ui/handlers/adminCategoryHandler.go:40.91,43.9 3 1
github.com/Ulbora/Six910-ui/handlers/adminCategoryHandler.go:43.9,44.34 1 1
github.com/Ulbora/Six910-ui/handlers/adminCategoryHandler.go:44.34,51.4 6 1
github.com/Ulbora/Six910-ui/handlers/adminCategoryHandler.go:51.9,53.4 1 1
github.com/Ulbora/Six910-ui/handlers/adminCategoryHandler.go:58.87,61.9 3 1
github.com/Ulbora/Six910-ui/handlers/adminCategoryHandler.go:61.9,62.35 1 1
github.com/Ulbora/Six910-ui/handlers/adminCategoryHandler.go:62.35,68.21 6 1
github.com/Ulbora/Six910-ui/handlers/adminCategoryHandler.go:68.21,70.5 1 1
github.com/Ulbora/Six910-ui/handlers/adminCategoryHandler.go:70.10,72.5 1 1
github.com/Ulbora/Six910-ui/handlers/adminCategoryHandler.go:73.9,75.4 1 1
github.com/Ulbora/Six910-ui/handlers/adminCategoryHandler.go:80.92,83.9 3 1
github.com/Ulbora/Six910-ui/handlers/adminCategoryHandler.go:83.9,84.34 1 1
github.com/Ulbora/Six910-ui/handlers/adminCategoryHandler.go:84.34,96.39 11 1
github.com/Ulbora/Six910-ui/handlers/adminCategoryHandler.go:103.4,104.52 2 1
github.com/Ulbora/Six910-ui/handlers/adminCategoryHandler.go:109.4,111.68 2 1
github.com/Ulbora/Six910-ui/handlers/adminCategoryHandler.go:96.39,101.5 4 1
github.com/Ulbora/Six910-ui/handlers/adminCategoryHandler.go:104.52,107.5 2 1
github.com/Ulbora/Six910-ui/handlers/adminCategoryHandler.go:112.9,114.4 1 1
github.com/Ulbora/Six910-ui/handlers/adminCategoryHandler.go:119.88,122.9 3 1
github.com/Ulbora/Six910-ui/handlers/adminCategoryHandler.go:122.9,123.35 1 1
github.com/Ulbora/Six910-ui/handlers/adminCategoryHandler.go:123.35,129.19 6 1
github.com/Ulbora/Six910-ui/handlers/adminCategoryHandler.go:129.19,131.5 1 1
github.com/Ulbora/Six910-ui/handlers/adminCategoryHandler.go:131.10,133.5 1 1
github.com/Ulbora/Six910-ui/handlers/adminCategoryHandler.go:134.9,136.4 1 1
github.com/Ulbora/Six910-ui/handlers/adminCategoryHandler.go:141.92,144.9 3 1
github.com/Ulbora/Six910-ui/handlers/adminCategoryHandler.go:144.9,145.35 1 1
github.com/Ulbora/Six910-ui/handlers/adminCategoryHandler.go:145.35,151.39 5 1
github.com/Ulbora/Six910-ui/handlers/adminCategoryHandler.go:158.4,159.39 2 1
github.com/Ulbora/Six910-ui/handlers/adminCategoryHandler.go:166.4,168.68 2 1
github.com/Ulbora/Six910-ui/handlers/adminCategoryHandler.go:151.39,156.5 4 1
github.com/Ulbora/Six910-ui/handlers/adminCategoryHandler.go:159.39,164.5 4 1
github.com/Ulbora/Six910-ui/handlers/adminCategoryHandler.go:169.9,171.4 1 1
github.com/Ulbora/Six910-ui/handlers/adminCategoryHandler.go:176.90,179.9 3 1
github.com/Ulbora/Six910-ui/handlers/adminCategoryHandler.go:179.9,180.34 1 1
github.com/Ulbora/Six910-ui/handlers/adminCategoryHandler.go:180.34,187.19 7 1
github.com/Ulbora/Six910-ui/handlers/adminCategoryHandler.go:187.19,189.5 1 1
github.com/Ulbora/Six910-ui/handlers/adminCategoryHandler.go:189.10,191.5 1 1
github.com/Ulbora/Six910-ui/handlers/adminCategoryHandler.go:192.9,194.4 1 1
github.com/Ulbora/Six910-ui/handlers/adminCategoryHandler.go:198.73,212.2 12 1
github.com/Ulbora/Six910-ui/handlers/adminOrderHandler.go:63.89,66.9 3 1
github.com/Ulbora/Six910-ui/handlers/adminOrderHandler.go:66.9,67.32 1 1
github.com/Ulbora/Six910-ui/handlers/adminOrderHandler.go:67.32,82.50 12 1
github.com/Ulbora/Six910-ui/handlers/adminOrderHandler.go:89.4,91.30 3 1
github.com/Ulbora/Six910-ui/handlers/adminOrderHandler.go:116.4,117.50 2 1
github.com/Ulbora/Six910-ui/handlers/adminOrderHandler.go:124.4,127.28 3 1
github.com/Ulbora/Six910-ui/handlers/adminOrderHandler.go:131.4,135.68 4 1
github.com/Ulbora/Six910-ui/handlers/adminOrderHandler.go:82.50,87.5 4 1
github.com/Ulbora/Six910-ui/handlers/adminOrderHandler.go:91.30,93.78 2 1
github.com/Ulbora/Six910-ui/handlers/adminOrderHandler.go:93.78,113.6 18 1
github.com/Ulbora/Six910-ui/handlers/adminOrderHandler.go:117.50,122.5 4 1
github.com/Ulbora/Six910-ui/handlers/adminOrderHandler.go:127.28,129.5 1 1
github.com/Ulbora/Six910-ui/handlers/adminOrderHandler.go:136.9,138.4 1 1
github.com/Ulbora/Six910-ui/handlers/adminOrderHandler.go:143.85,146.9 3 1
github.com/Ulbora/Six910-ui/handlers/adminOrderHandler.go:146.9,147.32 1 1
github.com/Ulbora/Six910-ui/handlers/adminOrderHandler.go:147.32,153.13 6 1
github.com/Ulbora/Six910-ui/handlers/adminOrderHandler.go:157.4,157.69 1 1
github.com/Ulbora/Six910-ui/handlers/adminOrderHandler.go:171.4,172.19 2 1
github.com/Ulbora/Six910-ui/handlers/adminOrderHandler.go:153.13,156.5 2 1
github.com/Ulbora/Six910-ui/handlers/adminOrderHandler.go:157.69,170.5 9 1
github.com/Ulbora/Six910-ui/handlers/adminOrderHandler.go:172.19,174.5 1 1
github.com/Ulbora/Six910-ui/handlers/adminOrderHandler.go:174.10,176.5 1 1
github.com/Ulbora/Six910-ui/handlers/adminOrderHandler.go:177.9,179.4 1 1
github.com/Ulbora/Six910-ui/handlers/adminOrderHandler.go:184.89,187.9 3 1
github.com/Ulbora/Six910-ui/handlers/adminOrderHandler.go:187.9,188.32 1 1
github.com/Ulbora/Six910-ui/handlers/adminOrderHandler.go:188.32,193.20 5 1
github.com/Ulbora/Six910-ui/handlers/adminOrderHandler.go:198.4,204.68 7 1
github.com/Ulbora/Six910-ui/handlers/adminOrderHandler.go:193.20,195.5 1 1
github.com/Ulbora/Six910-ui/handlers/adminOrderHandler.go:195.10,197.5 1 1
github.com/Ulbora/Six910-ui/handlers/adminOrderHandler.go:205.9,207.4 1 1
github.com/Ulbora/Six910-ui/handlers/adminOrderHandler.go:211.67,249.2 36 1
github.com/Ulbora/Six910-ui/handlers/adminOrderHandler.go:251.89,255.15 4 1
github.com/Ulbora/Six910-ui/handlers/adminOrderHandler.go:262.2,262.18 1 1
github.com/Ulbora/Six910-ui/handlers/adminOrderHandler.go:255.15,261.3 5 1
