mode: set
github.com/Ulbora/Six910-ui/carouselsrv/carouselService.go:35.76,39.16 4 1
github.com/Ulbora/Six910-ui/carouselsrv/carouselService.go:39.16,41.17 2 1
github.com/Ulbora/Six910-ui/carouselsrv/carouselService.go:41.17,43.4 1 1
github.com/Ulbora/Six910-ui/carouselsrv/carouselService.go:45.2,45.18 1 1
github.com/Ulbora/Six910-ui/carouselsrv/carouselService.go:49.68,52.16 3 1
github.com/Ulbora/Six910-ui/carouselsrv/carouselService.go:52.16,56.17 4 1
github.com/Ulbora/Six910-ui/carouselsrv/carouselService.go:56.17,63.4 6 1
github.com/Ulbora/Six910-ui/carouselsrv/carouselService.go:65.2,65.12 1 1
github.com/Ulbora/Six910-ui/carouselsrv/carouselService.go:69.58,71.2 1 1
