mode: set
github.com/Ulbora/Six910-ui/tmptsrv/templateService.go:37.109,52.2 10 1
github.com/Ulbora/Six910-ui/tmptsrv/templateService.go:55.65,58.34 3 1
github.com/Ulbora/Six910-ui/tmptsrv/templateService.go:67.2,67.12 1 1
github.com/Ulbora/Six910-ui/tmptsrv/templateService.go:58.34,62.19 4 1
github.com/Ulbora/Six910-ui/tmptsrv/templateService.go:62.19,65.4 2 1
github.com/Ulbora/Six910-ui/tmptsrv/templateService.go:71.64,75.22 3 1
github.com/Ulbora/Six910-ui/tmptsrv/templateService.go:84.2,84.12 1 1
github.com/Ulbora/Six910-ui/tmptsrv/templateService.go:75.22,79.29 4 1
github.com/Ulbora/Six910-ui/tmptsrv/templateService.go:79.29,81.9 2 1
github.com/Ulbora/Six910-ui/tmptsrv/templateService.go:88.63,92.22 3 1
github.com/Ulbora/Six910-ui/tmptsrv/templateService.go:101.2,101.13 1 1
github.com/Ulbora/Six910-ui/tmptsrv/templateService.go:92.22,96.17 4 1
github.com/Ulbora/Six910-ui/tmptsrv/templateService.go:96.17,99.4 2 1
github.com/Ulbora/Six910-ui/tmptsrv/templateService.go:105.68,109.22 3 1
github.com/Ulbora/Six910-ui/tmptsrv/templateService.go:118.2,119.18 2 1
github.com/Ulbora/Six910-ui/tmptsrv/templateService.go:129.2,129.12 1 1
github.com/Ulbora/Six910-ui/tmptsrv/templateService.go:109.22,113.17 4 1
github.com/Ulbora/Six910-ui/tmptsrv/templateService.go:113.17,116.4 2 1
github.com/Ulbora/Six910-ui/tmptsrv/templateService.go:119.18,123.17 4 1
github.com/Ulbora/Six910-ui/tmptsrv/templateService.go:123.17,127.4 3 1
github.com/Ulbora/Six910-ui/tmptsrv/templateService.go:133.66,136.19 3 1
github.com/Ulbora/Six910-ui/tmptsrv/templateService.go:147.2,147.12 1 1
github.com/Ulbora/Six910-ui/tmptsrv/templateService.go:136.19,140.17 4 1
github.com/Ulbora/Six910-ui/tmptsrv/templateService.go:140.17,141.17 1 1
github.com/Ulbora/Six910-ui/tmptsrv/templateService.go:141.17,144.5 2 1
github.com/Ulbora/Six910-ui/tmptsrv/service.go:56.58,58.2 1 1
github.com/Ulbora/Six910-ui/tmptsrv/service.go:60.100,64.20 4 1
github.com/Ulbora/Six910-ui/tmptsrv/service.go:89.2,89.12 1 1
github.com/Ulbora/Six910-ui/tmptsrv/service.go:65.19,69.12 4 1
github.com/Ulbora/Six910-ui/tmptsrv/service.go:70.19,75.18 5 1
github.com/Ulbora/Six910-ui/tmptsrv/service.go:75.18,80.19 5 1
github.com/Ulbora/Six910-ui/tmptsrv/service.go:80.19,86.5 5 1
github.com/Ulbora/Six910-ui/tmptsrv/templateFileService.go:38.67,41.12 3 1
github.com/Ulbora/Six910-ui/tmptsrv/templateFileService.go:81.2,81.12 1 1
github.com/Ulbora/Six910-ui/tmptsrv/templateFileService.go:41.12,45.18 4 1
github.com/Ulbora/Six910-ui/tmptsrv/templateFileService.go:45.18,48.19 3 1
github.com/Ulbora/Six910-ui/tmptsrv/templateFileService.go:48.19,52.21 4 1
github.com/Ulbora/Six910-ui/tmptsrv/templateFileService.go:52.21,56.22 4 1
github.com/Ulbora/Six910-ui/tmptsrv/templateFileService.go:70.6,74.21 5 1
github.com/Ulbora/Six910-ui/tmptsrv/templateFileService.go:56.22,58.11 2 1
github.com/Ulbora/Six910-ui/tmptsrv/templateFileService.go:58.11,61.25 3 1
github.com/Ulbora/Six910-ui/tmptsrv/templateFileService.go:64.8,67.69 4 1
github.com/Ulbora/Six910-ui/tmptsrv/templateFileService.go:61.25,62.14 1 1
github.com/Ulbora/Six910-ui/tmptsrv/templateFileService.go:74.21,76.7 1 1
github.com/Ulbora/Six910-ui/tmptsrv/templateFileService.go:85.73,90.16 5 1
github.com/Ulbora/Six910-ui/tmptsrv/templateFileService.go:93.2,93.12 1 1
github.com/Ulbora/Six910-ui/tmptsrv/templateFileService.go:90.16,92.3 1 1
