mode: set
github.com/Ulbora/Six910-ui/bkupsrv/backupService.go:57.62,63.16 6 1
github.com/Ulbora/Six910-ui/bkupsrv/backupService.go:132.2,132.12 1 1
github.com/Ulbora/Six910-ui/bkupsrv/backupService.go:63.16,77.46 11 1
github.com/Ulbora/Six910-ui/bkupsrv/backupService.go:84.3,90.47 4 1
github.com/Ulbora/Six910-ui/bkupsrv/backupService.go:97.3,103.39 4 1
github.com/Ulbora/Six910-ui/bkupsrv/backupService.go:111.3,118.7 7 1
github.com/Ulbora/Six910-ui/bkupsrv/backupService.go:130.3,130.13 1 1
github.com/Ulbora/Six910-ui/bkupsrv/backupService.go:77.46,82.4 4 1
github.com/Ulbora/Six910-ui/bkupsrv/backupService.go:90.47,95.4 4 1
github.com/Ulbora/Six910-ui/bkupsrv/backupService.go:103.39,108.4 4 1
github.com/Ulbora/Six910-ui/bkupsrv/backupService.go:118.7,121.21 3 1
github.com/Ulbora/Six910-ui/bkupsrv/backupService.go:124.4,128.21 5 1
github.com/Ulbora/Six910-ui/bkupsrv/backupService.go:121.21,122.10 1 1
github.com/Ulbora/Six910-ui/bkupsrv/backupService.go:136.65,153.16 11 1
github.com/Ulbora/Six910-ui/bkupsrv/backupService.go:163.2,178.16 12 1
github.com/Ulbora/Six910-ui/bkupsrv/backupService.go:183.2,186.29 2 1
github.com/Ulbora/Six910-ui/bkupsrv/backupService.go:153.16,154.30 1 1
github.com/Ulbora/Six910-ui/bkupsrv/backupService.go:161.3,161.13 1 1
github.com/Ulbora/Six910-ui/bkupsrv/backupService.go:154.30,155.20 1 1
github.com/Ulbora/Six910-ui/bkupsrv/backupService.go:155.20,159.5 3 1
github.com/Ulbora/Six910-ui/bkupsrv/backupService.go:178.16,181.3 2 1
github.com/Ulbora/Six910-ui/bkupsrv/backupService.go:189.68,191.72 1 1
github.com/Ulbora/Six910-ui/bkupsrv/backupService.go:191.72,196.18 5 1
github.com/Ulbora/Six910-ui/bkupsrv/backupService.go:211.3,211.14 1 1
github.com/Ulbora/Six910-ui/bkupsrv/backupService.go:196.18,200.20 4 1
github.com/Ulbora/Six910-ui/bkupsrv/backupService.go:200.20,201.20 1 1
github.com/Ulbora/Six910-ui/bkupsrv/backupService.go:201.20,204.21 3 1
github.com/Ulbora/Six910-ui/bkupsrv/backupService.go:204.21,207.7 2 1
github.com/Ulbora/Six910-ui/bkupsrv/backupService.go:215.70,218.16 3 1
github.com/Ulbora/Six910-ui/bkupsrv/backupService.go:218.16,219.34 1 1
github.com/Ulbora/Six910-ui/bkupsrv/backupService.go:234.3,234.43 1 1
github.com/Ulbora/Six910-ui/bkupsrv/backupService.go:219.34,220.22 1 1
github.com/Ulbora/Six910-ui/bkupsrv/backupService.go:220.22,224.20 3 1
github.com/Ulbora/Six910-ui/bkupsrv/backupService.go:224.20,230.6 5 1
github.com/Ulbora/Six910-ui/bkupsrv/backupService.go:238.71,241.16 3 1
github.com/Ulbora/Six910-ui/bkupsrv/backupService.go:241.16,242.35 1 1
github.com/Ulbora/Six910-ui/bkupsrv/backupService.go:256.3,257.48 2 1
github.com/Ulbora/Six910-ui/bkupsrv/backupService.go:242.35,243.22 1 1
github.com/Ulbora/Six910-ui/bkupsrv/backupService.go:243.22,247.20 4 1
github.com/Ulbora/Six910-ui/bkupsrv/backupService.go:247.20,253.6 5 1
github.com/Ulbora/Six910-ui/bkupsrv/backupService.go:261.68,264.16 3 1
github.com/Ulbora/Six910-ui/bkupsrv/backupService.go:264.16,266.34 2 1
github.com/Ulbora/Six910-ui/bkupsrv/backupService.go:279.3,279.32 1 1
github.com/Ulbora/Six910-ui/bkupsrv/backupService.go:266.34,267.22 1 1
github.com/Ulbora/Six910-ui/bkupsrv/backupService.go:267.22,270.20 3 1
github.com/Ulbora/Six910-ui/bkupsrv/backupService.go:270.20,276.6 5 1
github.com/Ulbora/Six910-ui/bkupsrv/service.go:51.54,53.2 1 1
github.com/Ulbora/Six910-ui/bkupsrv/service.go:55.98,59.20 4 1
github.com/Ulbora/Six910-ui/bkupsrv/service.go:84.2,84.12 1 1
github.com/Ulbora/Six910-ui/bkupsrv/service.go:60.19,64.12 4 1
github.com/Ulbora/Six910-ui/bkupsrv/service.go:65.19,70.18 5 1
github.com/Ulbora/Six910-ui/bkupsrv/service.go:70.18,75.19 5 1
github.com/Ulbora/Six910-ui/bkupsrv/service.go:75.19,81.5 5 1
