mode: set
github.com/Ulbora/Six910-ui/bkupsrv/backupService.go:57.62,63.16 6 1
github.com/Ulbora/Six910-ui/bkupsrv/backupService.go:132.2,132.12 1 1
github.com/Ulbora/Six910-ui/bkupsrv/backupService.go:63.16,77.46 11 1
github.com/Ulbora/Six910-ui/bkupsrv/backupService.go:84.3,90.47 4 1
github.com/Ulbora/Six910-ui/bkupsrv/backupService.go:97.3,103.39 4 1
github.com/Ulbora/Six910-ui/bkupsrv/backupService.go:111.3,118.7 7 1
github.com/Ulbora/Six910-ui/bkupsrv/backupService.go:130.3,130.13 1 1
github.com/Ulbora/Six910-ui/bkupsrv/backupService.go:77.46,82.4 4 1
github.com/Ulbora/Six910-ui/bkupsrv/backupService.go:90.47,95.4 4 1
github.com/Ulbora/Six910-ui/bkupsrv/backupService.go:103.39,108.4 4 1
github.com/Ulbora/Six910-ui/bkupsrv/backupService.go:118.7,121.21 3 1
github.com/Ulbora/Six910-ui/bkupsrv/backupService.go:124.4,128.21 5 1
github.com/Ulbora/Six910-ui/bkupsrv/backupService.go:121.21,122.10 1 1
github.com/Ulbora/Six910-ui/bkupsrv/backupService.go:136.65,143.16 5 1
github.com/Ulbora/Six910-ui/bkupsrv/backupService.go:163.2,165.16 3 1
github.com/Ulbora/Six910-ui/bkupsrv/backupService.go:185.2,187.16 3 1
github.com/Ulbora/Six910-ui/bkupsrv/backupService.go:206.2,212.16 6 1
github.com/Ulbora/Six910-ui/bkupsrv/backupService.go:222.2,237.16 12 1
github.com/Ulbora/Six910-ui/bkupsrv/backupService.go:242.2,245.29 2 1
github.com/Ulbora/Six910-ui/bkupsrv/backupService.go:143.16,144.34 1 1
github.com/Ulbora/Six910-ui/bkupsrv/backupService.go:159.3,159.43 1 1
github.com/Ulbora/Six910-ui/bkupsrv/backupService.go:144.34,145.22 1 1
github.com/Ulbora/Six910-ui/bkupsrv/backupService.go:145.22,149.20 3 1
github.com/Ulbora/Six910-ui/bkupsrv/backupService.go:149.20,155.6 5 1
github.com/Ulbora/Six910-ui/bkupsrv/backupService.go:165.16,166.35 1 1
github.com/Ulbora/Six910-ui/bkupsrv/backupService.go:180.3,181.48 2 1
github.com/Ulbora/Six910-ui/bkupsrv/backupService.go:166.35,167.22 1 1
github.com/Ulbora/Six910-ui/bkupsrv/backupService.go:167.22,171.20 4 1
github.com/Ulbora/Six910-ui/bkupsrv/backupService.go:171.20,177.6 5 1
github.com/Ulbora/Six910-ui/bkupsrv/backupService.go:187.16,189.34 2 1
github.com/Ulbora/Six910-ui/bkupsrv/backupService.go:202.3,202.32 1 1
github.com/Ulbora/Six910-ui/bkupsrv/backupService.go:189.34,190.22 1 1
github.com/Ulbora/Six910-ui/bkupsrv/backupService.go:190.22,193.20 3 1
github.com/Ulbora/Six910-ui/bkupsrv/backupService.go:193.20,199.6 5 1
github.com/Ulbora/Six910-ui/bkupsrv/backupService.go:212.16,213.30 1 1
github.com/Ulbora/Six910-ui/bkupsrv/backupService.go:220.3,220.13 1 1
github.com/Ulbora/Six910-ui/bkupsrv/backupService.go:213.30,214.20 1 1
github.com/Ulbora/Six910-ui/bkupsrv/backupService.go:214.20,218.5 3 1
github.com/Ulbora/Six910-ui/bkupsrv/backupService.go:237.16,240.3 2 1
github.com/Ulbora/Six910-ui/bkupsrv/backupService.go:248.68,250.72 1 1
github.com/Ulbora/Six910-ui/bkupsrv/backupService.go:250.72,255.18 5 1
github.com/Ulbora/Six910-ui/bkupsrv/backupService.go:270.3,270.14 1 1
github.com/Ulbora/Six910-ui/bkupsrv/backupService.go:255.18,259.20 4 1
github.com/Ulbora/Six910-ui/bkupsrv/backupService.go:259.20,260.20 1 1
github.com/Ulbora/Six910-ui/bkupsrv/backupService.go:260.20,263.21 3 1
github.com/Ulbora/Six910-ui/bkupsrv/backupService.go:263.21,266.7 2 1
github.com/Ulbora/Six910-ui/bkupsrv/service.go:51.54,53.2 1 1
github.com/Ulbora/Six910-ui/bkupsrv/service.go:55.98,59.20 4 1
github.com/Ulbora/Six910-ui/bkupsrv/service.go:84.2,84.12 1 1
github.com/Ulbora/Six910-ui/bkupsrv/service.go:60.19,64.12 4 1
github.com/Ulbora/Six910-ui/bkupsrv/service.go:65.19,70.18 5 1
github.com/Ulbora/Six910-ui/bkupsrv/service.go:70.18,75.19 5 1
github.com/Ulbora/Six910-ui/bkupsrv/service.go:75.19,81.5 5 1
