mode: set
github.com/Ulbora/Six910-ui/menusrv/menuService.go:63.54,68.16 5 1
github.com/Ulbora/Six910-ui/menusrv/menuService.go:72.2,72.12 1 1
github.com/Ulbora/Six910-ui/menusrv/menuService.go:68.16,71.3 2 1
github.com/Ulbora/Six910-ui/menusrv/menuService.go:76.57,81.16 5 1
github.com/Ulbora/Six910-ui/menusrv/menuService.go:99.2,99.12 1 1
github.com/Ulbora/Six910-ui/menusrv/menuService.go:81.16,85.17 4 1
github.com/Ulbora/Six910-ui/menusrv/menuService.go:85.17,97.4 11 1
github.com/Ulbora/Six910-ui/menusrv/menuService.go:103.64,107.16 4 1
github.com/Ulbora/Six910-ui/menusrv/menuService.go:122.2,122.18 1 1
github.com/Ulbora/Six910-ui/menusrv/menuService.go:107.16,110.17 3 1
github.com/Ulbora/Six910-ui/menusrv/menuService.go:110.17,112.19 2 1
github.com/Ulbora/Six910-ui/menusrv/menuService.go:112.19,119.5 6 1
github.com/Ulbora/Six910-ui/menusrv/menuService.go:126.51,129.22 3 1
github.com/Ulbora/Six910-ui/menusrv/menuService.go:143.2,143.13 1 1
github.com/Ulbora/Six910-ui/menusrv/menuService.go:129.22,133.17 4 1
github.com/Ulbora/Six910-ui/menusrv/menuService.go:133.17,135.19 2 1
github.com/Ulbora/Six910-ui/menusrv/menuService.go:135.19,140.5 4 1
github.com/Ulbora/Six910-ui/menusrv/menuService.go:147.58,150.9 3 1
github.com/Ulbora/Six910-ui/menusrv/menuService.go:153.2,153.12 1 1
github.com/Ulbora/Six910-ui/menusrv/menuService.go:150.9,152.3 1 1
github.com/Ulbora/Six910-ui/menusrv/service.go:45.50,47.2 1 1
