mode: set
github.com/Ulbora/Six910-ui/managers/productImportManager.go:95.82,101.77 5 1
github.com/Ulbora/Six910-ui/managers/productImportManager.go:146.2,157.12 7 1
github.com/Ulbora/Six910-ui/managers/productImportManager.go:101.77,104.22 2 1
github.com/Ulbora/Six910-ui/managers/productImportManager.go:104.22,115.33 4 1
github.com/Ulbora/Six910-ui/managers/productImportManager.go:115.33,121.21 6 1
github.com/Ulbora/Six910-ui/managers/productImportManager.go:121.21,124.6 2 1
github.com/Ulbora/Six910-ui/managers/productImportManager.go:125.10,125.45 1 1
github.com/Ulbora/Six910-ui/managers/productImportManager.go:125.45,130.37 5 1
github.com/Ulbora/Six910-ui/managers/productImportManager.go:139.5,139.21 1 1
github.com/Ulbora/Six910-ui/managers/productImportManager.go:130.37,131.28 1 1
github.com/Ulbora/Six910-ui/managers/productImportManager.go:131.28,137.7 5 1
github.com/Ulbora/Six910-ui/managers/productImportManager.go:139.21,141.6 1 1
github.com/Ulbora/Six910-ui/managers/productImportManager.go:160.64,203.2 42 1
github.com/Ulbora/Six910-ui/managers/productImportManager.go:205.91,208.20 2 1
github.com/Ulbora/Six910-ui/managers/productImportManager.go:211.2,211.18 1 1
github.com/Ulbora/Six910-ui/managers/productImportManager.go:214.2,214.23 1 1
github.com/Ulbora/Six910-ui/managers/productImportManager.go:217.2,217.19 1 1
github.com/Ulbora/Six910-ui/managers/productImportManager.go:220.2,220.19 1 1
github.com/Ulbora/Six910-ui/managers/productImportManager.go:226.2,226.19 1 1
github.com/Ulbora/Six910-ui/managers/productImportManager.go:229.2,229.20 1 1
github.com/Ulbora/Six910-ui/managers/productImportManager.go:232.2,232.21 1 1
github.com/Ulbora/Six910-ui/managers/productImportManager.go:235.2,235.21 1 1
github.com/Ulbora/Six910-ui/managers/productImportManager.go:238.2,238.21 1 1
github.com/Ulbora/Six910-ui/managers/productImportManager.go:241.2,241.21 1 1
github.com/Ulbora/Six910-ui/managers/productImportManager.go:248.2,248.27 1 1
github.com/Ulbora/Six910-ui/managers/productImportManager.go:252.2,252.29 1 1
github.com/Ulbora/Six910-ui/managers/productImportManager.go:255.2,255.17 1 1
github.com/Ulbora/Six910-ui/managers/productImportManager.go:258.2,258.18 1 1
github.com/Ulbora/Six910-ui/managers/productImportManager.go:263.2,263.19 1 1
github.com/Ulbora/Six910-ui/managers/productImportManager.go:268.2,268.19 1 1
github.com/Ulbora/Six910-ui/managers/productImportManager.go:273.2,273.23 1 1
github.com/Ulbora/Six910-ui/managers/productImportManager.go:280.2,280.24 1 1
github.com/Ulbora/Six910-ui/managers/productImportManager.go:283.2,283.19 1 1
github.com/Ulbora/Six910-ui/managers/productImportManager.go:292.2,292.24 1 1
github.com/Ulbora/Six910-ui/managers/productImportManager.go:297.2,297.20 1 1
github.com/Ulbora/Six910-ui/managers/productImportManager.go:300.2,300.19 1 1
github.com/Ulbora/Six910-ui/managers/productImportManager.go:304.2,304.12 1 1
github.com/Ulbora/Six910-ui/managers/productImportManager.go:208.20,210.3 1 1
github.com/Ulbora/Six910-ui/managers/productImportManager.go:211.18,213.3 1 1
github.com/Ulbora/Six910-ui/managers/productImportManager.go:214.23,216.3 1 1
github.com/Ulbora/Six910-ui/managers/productImportManager.go:217.19,219.3 1 1
github.com/Ulbora/Six910-ui/managers/productImportManager.go:220.19,222.3 1 1
github.com/Ulbora/Six910-ui/managers/productImportManager.go:226.19,228.3 1 1
github.com/Ulbora/Six910-ui/managers/productImportManager.go:229.20,231.3 1 1
github.com/Ulbora/Six910-ui/managers/productImportManager.go:232.21,234.3 1 1
github.com/Ulbora/Six910-ui/managers/productImportManager.go:235.21,237.3 1 1
github.com/Ulbora/Six910-ui/managers/productImportManager.go:238.21,240.3 1 1
github.com/Ulbora/Six910-ui/managers/productImportManager.go:241.21,243.3 1 1
github.com/Ulbora/Six910-ui/managers/productImportManager.go:248.27,250.3 1 1
github.com/Ulbora/Six910-ui/managers/productImportManager.go:252.29,254.3 1 1
github.com/Ulbora/Six910-ui/managers/productImportManager.go:255.17,257.3 1 1
github.com/Ulbora/Six910-ui/managers/productImportManager.go:258.18,260.3 1 1
github.com/Ulbora/Six910-ui/managers/productImportManager.go:263.19,265.3 1 1
github.com/Ulbora/Six910-ui/managers/productImportManager.go:268.19,270.3 1 1
github.com/Ulbora/Six910-ui/managers/productImportManager.go:273.23,275.3 1 1
github.com/Ulbora/Six910-ui/managers/productImportManager.go:280.24,282.3 1 1
github.com/Ulbora/Six910-ui/managers/productImportManager.go:283.19,285.3 1 1
github.com/Ulbora/Six910-ui/managers/productImportManager.go:292.24,294.3 1 1
github.com/Ulbora/Six910-ui/managers/productImportManager.go:297.20,299.3 1 1
github.com/Ulbora/Six910-ui/managers/productImportManager.go:300.19,302.3 1 1
github.com/Ulbora/Six910-ui/managers/productUploadManager.go:74.120,81.86 5 1
github.com/Ulbora/Six910-ui/managers/productUploadManager.go:121.2,121.45 1 1
github.com/Ulbora/Six910-ui/managers/productUploadManager.go:81.86,82.62 1 1
github.com/Ulbora/Six910-ui/managers/productUploadManager.go:85.3,92.29 5 1
github.com/Ulbora/Six910-ui/managers/productUploadManager.go:95.3,99.27 4 1
github.com/Ulbora/Six910-ui/managers/productUploadManager.go:105.3,105.17 1 1
github.com/Ulbora/Six910-ui/managers/productUploadManager.go:114.3,118.49 5 1
github.com/Ulbora/Six910-ui/managers/productUploadManager.go:82.62,84.4 1 1
github.com/Ulbora/Six910-ui/managers/productUploadManager.go:92.29,94.4 1 1
github.com/Ulbora/Six910-ui/managers/productUploadManager.go:99.27,100.29 1 1
github.com/Ulbora/Six910-ui/managers/productUploadManager.go:100.29,102.10 2 1
github.com/Ulbora/Six910-ui/managers/productUploadManager.go:105.17,109.36 4 1
github.com/Ulbora/Six910-ui/managers/productUploadManager.go:109.36,111.5 1 1
github.com/Ulbora/Six910-ui/managers/productUploadManager.go:124.150,130.31 4 1
github.com/Ulbora/Six910-ui/managers/productUploadManager.go:171.2,171.33 1 1
github.com/Ulbora/Six910-ui/managers/productUploadManager.go:130.31,131.13 1 1
github.com/Ulbora/Six910-ui/managers/productUploadManager.go:131.13,133.4 1 1
github.com/Ulbora/Six910-ui/managers/productUploadManager.go:133.9,146.26 6 1
github.com/Ulbora/Six910-ui/managers/productUploadManager.go:160.4,161.33 2 1
github.com/Ulbora/Six910-ui/managers/productUploadManager.go:166.4,166.87 1 1
github.com/Ulbora/Six910-ui/managers/productUploadManager.go:146.26,150.57 4 1
github.com/Ulbora/Six910-ui/managers/productUploadManager.go:153.5,154.51 2 1
github.com/Ulbora/Six910-ui/managers/productUploadManager.go:157.5,157.40 1 1
github.com/Ulbora/Six910-ui/managers/productUploadManager.go:150.57,152.6 1 1
github.com/Ulbora/Six910-ui/managers/productUploadManager.go:154.51,156.6 1 1
github.com/Ulbora/Six910-ui/managers/productUploadManager.go:161.33,163.5 1 1
github.com/Ulbora/Six910-ui/managers/productUploadManager.go:163.10,165.5 1 1
github.com/Ulbora/Six910-ui/managers/productUploadManager.go:174.144,176.82 2 1
github.com/Ulbora/Six910-ui/managers/productUploadManager.go:192.2,192.20 1 1
github.com/Ulbora/Six910-ui/managers/productUploadManager.go:176.82,178.42 2 1
github.com/Ulbora/Six910-ui/managers/productUploadManager.go:188.3,188.22 1 1
github.com/Ulbora/Six910-ui/managers/productUploadManager.go:178.42,181.18 3 1
github.com/Ulbora/Six910-ui/managers/productUploadManager.go:181.18,184.5 2 1
github.com/Ulbora/Six910-ui/managers/productUploadManager.go:184.10,186.5 1 1
github.com/Ulbora/Six910-ui/managers/productUploadManager.go:189.8,191.3 1 1
github.com/Ulbora/Six910-ui/managers/productUploadManager.go:195.97,199.14 4 1
github.com/Ulbora/Six910-ui/managers/productUploadManager.go:297.2,299.41 3 1
github.com/Ulbora/Six910-ui/managers/productUploadManager.go:302.2,302.17 1 1
github.com/Ulbora/Six910-ui/managers/productUploadManager.go:200.13,201.14 1 1
github.com/Ulbora/Six910-ui/managers/productUploadManager.go:202.14,203.15 1 1
github.com/Ulbora/Six910-ui/managers/productUploadManager.go:204.14,205.15 1 1
github.com/Ulbora/Six910-ui/managers/productUploadManager.go:206.20,207.20 1 1
github.com/Ulbora/Six910-ui/managers/productUploadManager.go:208.14,209.15 1 1
github.com/Ulbora/Six910-ui/managers/productUploadManager.go:210.14,212.16 2 1
github.com/Ulbora/Six910-ui/managers/productUploadManager.go:213.14,215.16 2 1
github.com/Ulbora/Six910-ui/managers/productUploadManager.go:216.13,218.15 2 1
github.com/Ulbora/Six910-ui/managers/productUploadManager.go:219.15,221.18 2 1
github.com/Ulbora/Six910-ui/managers/productUploadManager.go:222.20,224.26 2 1
github.com/Ulbora/Six910-ui/managers/productUploadManager.go:225.18,226.19 1 1
github.com/Ulbora/Six910-ui/managers/productUploadManager.go:227.25,228.25 1 1
github.com/Ulbora/Six910-ui/managers/productUploadManager.go:229.22,230.23 1 1
github.com/Ulbora/Six910-ui/managers/productUploadManager.go:231.15,233.18 2 1
github.com/Ulbora/Six910-ui/managers/productUploadManager.go:234.21,236.28 2 1
github.com/Ulbora/Six910-ui/managers/productUploadManager.go:237.16,239.20 2 1
github.com/Ulbora/Six910-ui/managers/productUploadManager.go:240.15,242.18 2 1
github.com/Ulbora/Six910-ui/managers/productUploadManager.go:243.16,245.20 2 1
github.com/Ulbora/Six910-ui/managers/productUploadManager.go:246.15,248.18 2 1
github.com/Ulbora/Six910-ui/managers/productUploadManager.go:249.25,251.29 2 1
github.com/Ulbora/Six910-ui/managers/productUploadManager.go:252.17,254.22 2 1
github.com/Ulbora/Six910-ui/managers/productUploadManager.go:255.20,257.28 2 1
github.com/Ulbora/Six910-ui/managers/productUploadManager.go:258.19,260.24 2 1
github.com/Ulbora/Six910-ui/managers/productUploadManager.go:261.25,263.29 2 1
github.com/Ulbora/Six910-ui/managers/productUploadManager.go:264.23,266.25 2 1
github.com/Ulbora/Six910-ui/managers/productUploadManager.go:267.18,269.24 2 1
github.com/Ulbora/Six910-ui/managers/productUploadManager.go:270.18,272.24 2 1
github.com/Ulbora/Six910-ui/managers/productUploadManager.go:273.28,275.30 2 1
github.com/Ulbora/Six910-ui/managers/productUploadManager.go:276.33,277.32 1 1
github.com/Ulbora/Six910-ui/managers/productUploadManager.go:278.14,279.15 1 1
github.com/Ulbora/Six910-ui/managers/productUploadManager.go:280.15,281.16 1 1
github.com/Ulbora/Six910-ui/managers/productUploadManager.go:282.19,283.20 1 1
github.com/Ulbora/Six910-ui/managers/productUploadManager.go:284.16,285.17 1 1
github.com/Ulbora/Six910-ui/managers/productUploadManager.go:286.16,287.17 1 1
github.com/Ulbora/Six910-ui/managers/productUploadManager.go:288.16,289.17 1 1
github.com/Ulbora/Six910-ui/managers/productUploadManager.go:290.16,291.17 1 1
github.com/Ulbora/Six910-ui/managers/productUploadManager.go:292.28,293.58 1 1
github.com/Ulbora/Six910-ui/managers/productUploadManager.go:294.18,295.55 1 1
github.com/Ulbora/Six910-ui/managers/productUploadManager.go:299.41,301.3 1 1
github.com/Ulbora/Six910-ui/managers/productUploadManager.go:305.92,307.15 2 1
github.com/Ulbora/Six910-ui/managers/productUploadManager.go:316.2,316.14 1 1
github.com/Ulbora/Six910-ui/managers/productUploadManager.go:307.15,310.36 3 1
github.com/Ulbora/Six910-ui/managers/productUploadManager.go:310.36,312.4 1 1
github.com/Ulbora/Six910-ui/managers/productUploadManager.go:312.9,314.4 1 1
github.com/Ulbora/Six910-ui/managers/productUploadManager.go:319.94,324.22 5 1
github.com/Ulbora/Six910-ui/managers/productUploadManager.go:330.2,332.14 2 1
github.com/Ulbora/Six910-ui/managers/productUploadManager.go:324.22,326.24 2 1
github.com/Ulbora/Six910-ui/managers/productUploadManager.go:326.24,328.4 1 1
github.com/Ulbora/Six910-ui/managers/productUploadManager.go:335.82,340.29 4 1
github.com/Ulbora/Six910-ui/managers/productUploadManager.go:345.2,348.29 3 1
github.com/Ulbora/Six910-ui/managers/productUploadManager.go:373.2,375.16 3 1
github.com/Ulbora/Six910-ui/managers/productUploadManager.go:378.2,378.14 1 1
github.com/Ulbora/Six910-ui/managers/productUploadManager.go:340.29,341.14 1 1
github.com/Ulbora/Six910-ui/managers/productUploadManager.go:341.14,343.4 1 1
github.com/Ulbora/Six910-ui/managers/productUploadManager.go:348.29,351.27 3 1
github.com/Ulbora/Six910-ui/managers/productUploadManager.go:358.3,358.13 1 1
github.com/Ulbora/Six910-ui/managers/productUploadManager.go:351.27,352.20 1 1
github.com/Ulbora/Six910-ui/managers/productUploadManager.go:352.20,355.10 3 1
github.com/Ulbora/Six910-ui/managers/productUploadManager.go:358.13,362.22 4 1
github.com/Ulbora/Six910-ui/managers/productUploadManager.go:365.4,367.34 3 1
github.com/Ulbora/Six910-ui/managers/productUploadManager.go:362.22,364.5 1 1
github.com/Ulbora/Six910-ui/managers/productUploadManager.go:367.34,370.5 2 1
github.com/Ulbora/Six910-ui/managers/productUploadManager.go:375.16,377.3 1 1
github.com/Ulbora/Six910-ui/managers/storeAdminUser.go:28.89,41.76 8 1
github.com/Ulbora/Six910-ui/managers/storeAdminUser.go:48.2,49.18 2 1
github.com/Ulbora/Six910-ui/managers/storeAdminUser.go:41.76,47.3 5 1
github.com/Ulbora/Six910-ui/managers/storeAdminUser.go:53.98,65.79 8 1
github.com/Ulbora/Six910-ui/managers/storeAdminUser.go:73.2,74.20 2 1
github.com/Ulbora/Six910-ui/managers/storeAdminUser.go:65.79,72.3 6 1
github.com/Ulbora/Six910-ui/managers/customerAccount.go:27.111,32.33 5 1
github.com/Ulbora/Six910-ui/managers/customerAccount.go:37.2,37.17 1 1
github.com/Ulbora/Six910-ui/managers/customerAccount.go:32.33,34.3 1 1
github.com/Ulbora/Six910-ui/managers/customerAccount.go:34.8,36.3 1 1
github.com/Ulbora/Six910-ui/managers/customerAccount.go:40.87,43.23 3 1
github.com/Ulbora/Six910-ui/managers/customerAccount.go:51.2,51.12 1 1
github.com/Ulbora/Six910-ui/managers/customerAccount.go:54.2,54.12 1 1
github.com/Ulbora/Six910-ui/managers/customerAccount.go:43.23,46.77 2 1
github.com/Ulbora/Six910-ui/managers/customerAccount.go:46.77,48.9 2 1
github.com/Ulbora/Six910-ui/managers/customerAccount.go:51.12,53.3 1 1
github.com/Ulbora/Six910-ui/managers/customerAccount.go:57.134,62.32 5 1
github.com/Ulbora/Six910-ui/managers/customerAccount.go:72.2,78.50 6 1
github.com/Ulbora/Six910-ui/managers/customerAccount.go:91.2,91.17 1 1
github.com/Ulbora/Six910-ui/managers/customerAccount.go:62.32,65.37 3 1
github.com/Ulbora/Six910-ui/managers/customerAccount.go:65.37,70.4 4 1
github.com/Ulbora/Six910-ui/managers/customerAccount.go:78.50,81.3 2 1
github.com/Ulbora/Six910-ui/managers/customerAccount.go:81.8,81.43 1 1
github.com/Ulbora/Six910-ui/managers/customerAccount.go:81.43,86.22 5 1
github.com/Ulbora/Six910-ui/managers/customerAccount.go:86.22,89.4 2 1
github.com/Ulbora/Six910-ui/managers/customerAccount.go:94.108,99.34 5 1
github.com/Ulbora/Six910-ui/managers/customerAccount.go:122.2,122.17 1 1
github.com/Ulbora/Six910-ui/managers/customerAccount.go:99.34,101.33 2 1
github.com/Ulbora/Six910-ui/managers/customerAccount.go:110.3,116.19 7 1
github.com/Ulbora/Six910-ui/managers/customerAccount.go:101.33,105.36 4 1
github.com/Ulbora/Six910-ui/managers/customerAccount.go:105.36,108.5 2 1
github.com/Ulbora/Six910-ui/managers/customerAccount.go:116.19,120.4 3 1
github.com/Ulbora/Six910-ui/managers/customerAccount.go:126.91,130.32 4 1
github.com/Ulbora/Six910-ui/managers/customerAccount.go:154.2,154.12 1 1
github.com/Ulbora/Six910-ui/managers/customerAccount.go:130.32,132.19 2 1
github.com/Ulbora/Six910-ui/managers/customerAccount.go:132.19,133.34 1 1
github.com/Ulbora/Six910-ui/managers/customerAccount.go:143.4,145.19 3 1
github.com/Ulbora/Six910-ui/managers/customerAccount.go:133.34,135.20 2 1
github.com/Ulbora/Six910-ui/managers/customerAccount.go:135.20,138.6 2 1
github.com/Ulbora/Six910-ui/managers/customerAccount.go:138.11,141.6 2 1
github.com/Ulbora/Six910-ui/managers/customerAccount.go:145.19,148.21 3 1
github.com/Ulbora/Six910-ui/managers/customerAccount.go:148.21,150.6 1 1
github.com/Ulbora/Six910-ui/managers/customerCart.go:32.94,36.42 4 1
github.com/Ulbora/Six910-ui/managers/customerCart.go:41.2,43.33 2 1
github.com/Ulbora/Six910-ui/managers/customerCart.go:54.2,54.33 1 1
github.com/Ulbora/Six910-ui/managers/customerCart.go:68.2,68.13 1 1
github.com/Ulbora/Six910-ui/managers/customerCart.go:36.42,38.3 1 1
github.com/Ulbora/Six910-ui/managers/customerCart.go:38.8,38.27 1 1
github.com/Ulbora/Six910-ui/managers/customerCart.go:38.27,40.3 1 1
github.com/Ulbora/Six910-ui/managers/customerCart.go:43.33,49.18 6 1
github.com/Ulbora/Six910-ui/managers/customerCart.go:49.18,52.4 2 1
github.com/Ulbora/Six910-ui/managers/customerCart.go:54.33,63.18 9 1
github.com/Ulbora/Six910-ui/managers/customerCart.go:63.18,66.4 2 1
github.com/Ulbora/Six910-ui/managers/customerCart.go:72.79,76.27 4 1
github.com/Ulbora/Six910-ui/managers/customerCart.go:98.2,101.27 4 1
github.com/Ulbora/Six910-ui/managers/customerCart.go:106.2,110.13 4 1
github.com/Ulbora/Six910-ui/managers/customerCart.go:76.27,78.80 2 1
github.com/Ulbora/Six910-ui/managers/customerCart.go:78.80,88.27 9 1
github.com/Ulbora/Six910-ui/managers/customerCart.go:93.4,95.17 3 1
github.com/Ulbora/Six910-ui/managers/customerCart.go:88.27,90.5 1 1
github.com/Ulbora/Six910-ui/managers/customerCart.go:90.10,92.5 1 1
github.com/Ulbora/Six910-ui/managers/customerCart.go:101.27,105.3 3 1
github.com/Ulbora/Six910-ui/managers/customerCart.go:114.103,116.42 2 1
github.com/Ulbora/Six910-ui/managers/customerCart.go:123.2,123.13 1 1
github.com/Ulbora/Six910-ui/managers/customerCart.go:116.42,118.18 2 1
github.com/Ulbora/Six910-ui/managers/customerCart.go:118.18,121.4 2 1
github.com/Ulbora/Six910-ui/managers/customerCart.go:127.86,129.80 2 1
github.com/Ulbora/Six910-ui/managers/customerCart.go:139.2,139.12 1 1
github.com/Ulbora/Six910-ui/managers/customerCart.go:129.80,132.3 1 1
github.com/Ulbora/Six910-ui/managers/customerCart.go:132.8,135.45 2 1
github.com/Ulbora/Six910-ui/managers/customerCart.go:135.45,137.4 1 1
github.com/Ulbora/Six910-ui/managers/customerCart.go:143.96,146.15 2 1
github.com/Ulbora/Six910-ui/managers/customerCart.go:191.2,191.13 1 1
github.com/Ulbora/Six910-ui/managers/customerCart.go:146.15,150.28 4 1
github.com/Ulbora/Six910-ui/managers/customerCart.go:154.3,157.20 4 1
github.com/Ulbora/Six910-ui/managers/customerCart.go:167.3,167.33 1 1
github.com/Ulbora/Six910-ui/managers/customerCart.go:175.3,175.26 1 1
github.com/Ulbora/Six910-ui/managers/customerCart.go:189.3,189.105 1 1
github.com/Ulbora/Six910-ui/managers/customerCart.go:150.28,153.4 2 1
github.com/Ulbora/Six910-ui/managers/customerCart.go:157.20,158.24 1 1
github.com/Ulbora/Six910-ui/managers/customerCart.go:158.24,159.69 1 1
github.com/Ulbora/Six910-ui/managers/customerCart.go:159.69,161.6 1 1
github.com/Ulbora/Six910-ui/managers/customerCart.go:163.9,163.28 1 1
github.com/Ulbora/Six910-ui/managers/customerCart.go:163.28,165.4 1 1
github.com/Ulbora/Six910-ui/managers/customerCart.go:167.33,168.24 1 1
github.com/Ulbora/Six910-ui/managers/customerCart.go:168.24,169.59 1 1
github.com/Ulbora/Six910-ui/managers/customerCart.go:169.59,171.11 2 1
github.com/Ulbora/Six910-ui/managers/customerCart.go:175.26,178.26 3 1
github.com/Ulbora/Six910-ui/managers/customerCart.go:182.4,182.26 1 1
github.com/Ulbora/Six910-ui/managers/customerCart.go:186.4,187.54 2 1
github.com/Ulbora/Six910-ui/managers/customerCart.go:178.26,181.5 2 1
github.com/Ulbora/Six910-ui/managers/customerCart.go:182.26,185.5 2 1
github.com/Ulbora/Six910-ui/managers/customerCart.go:194.91,198.52 4 1
github.com/Ulbora/Six910-ui/managers/customerCart.go:205.2,225.34 20 1
github.com/Ulbora/Six910-ui/managers/customerCart.go:245.2,245.13 1 1
github.com/Ulbora/Six910-ui/managers/customerCart.go:198.52,199.35 1 1
github.com/Ulbora/Six910-ui/managers/customerCart.go:199.35,201.4 1 1
github.com/Ulbora/Six910-ui/managers/customerCart.go:201.9,201.43 1 1
github.com/Ulbora/Six910-ui/managers/customerCart.go:201.43,203.4 1 1
github.com/Ulbora/Six910-ui/managers/customerCart.go:225.34,231.34 6 1
github.com/Ulbora/Six910-ui/managers/customerCart.go:231.34,237.36 6 1
github.com/Ulbora/Six910-ui/managers/customerCart.go:237.36,240.5 2 1
github.com/Ulbora/Six910-ui/managers/customerCart.go:241.9,241.19 1 1
github.com/Ulbora/Six910-ui/managers/customerCart.go:241.19,243.4 1 1
github.com/Ulbora/Six910-ui/managers/customerCart.go:248.123,254.26 6 1
github.com/Ulbora/Six910-ui/managers/customerCart.go:279.2,283.29 5 1
github.com/Ulbora/Six910-ui/managers/customerCart.go:290.2,290.20 1 1
github.com/Ulbora/Six910-ui/managers/customerCart.go:254.26,262.22 7 1
github.com/Ulbora/Six910-ui/managers/customerCart.go:265.3,268.80 4 1
github.com/Ulbora/Six910-ui/managers/customerCart.go:262.22,264.4 1 1
github.com/Ulbora/Six910-ui/managers/customerCart.go:268.80,277.4 8 1
github.com/Ulbora/Six910-ui/managers/customerCart.go:283.29,284.49 1 1
github.com/Ulbora/Six910-ui/managers/customerCart.go:284.49,286.4 1 1
github.com/Ulbora/Six910-ui/managers/customerCart.go:286.9,288.4 1 1
github.com/Ulbora/Six910-ui/managers/customerCart.go:293.54,304.2 7 1
github.com/Ulbora/Six910-ui/managers/customerOrder.go:27.101,38.2 10 1
github.com/Ulbora/Six910-ui/managers/customerOrder.go:41.92,46.21 5 1
github.com/Ulbora/Six910-ui/managers/customerOrder.go:59.2,59.13 1 1
github.com/Ulbora/Six910-ui/managers/customerOrder.go:46.21,58.3 11 1
github.com/Ulbora/Six910-ui/managers/customerUser.go:28.87,38.81 8 1
github.com/Ulbora/Six910-ui/managers/customerUser.go:45.2,46.22 2 1
github.com/Ulbora/Six910-ui/managers/customerUser.go:38.81,44.3 5 1
github.com/Ulbora/Six910-ui/managers/customerUser.go:50.96,60.81 8 1
github.com/Ulbora/Six910-ui/managers/customerUser.go:68.2,69.22 2 1
github.com/Ulbora/Six910-ui/managers/customerUser.go:60.81,67.3 6 1
github.com/Ulbora/Six910-ui/managers/six910Manager.go:38.42,40.2 1 1
