mode: set
github.com/Ulbora/Six910-ui/contsrv/service.go:59.39,64.2 4 1
github.com/Ulbora/Six910-ui/contsrv/contentService.go:70.61,77.16 6 1
github.com/Ulbora/Six910-ui/contsrv/contentService.go:84.2,84.12 1 1
github.com/Ulbora/Six910-ui/contsrv/contentService.go:77.16,81.3 3 1
github.com/Ulbora/Six910-ui/contsrv/contentService.go:81.8,83.3 1 1
github.com/Ulbora/Six910-ui/contsrv/contentService.go:88.64,93.16 5 1
github.com/Ulbora/Six910-ui/contsrv/contentService.go:118.2,118.12 1 1
github.com/Ulbora/Six910-ui/contsrv/contentService.go:93.16,97.17 4 1
github.com/Ulbora/Six910-ui/contsrv/contentService.go:97.17,114.4 16 1
github.com/Ulbora/Six910-ui/contsrv/contentService.go:115.8,117.3 1 1
github.com/Ulbora/Six910-ui/contsrv/contentService.go:122.63,126.16 4 1
github.com/Ulbora/Six910-ui/contsrv/contentService.go:147.2,147.18 1 1
github.com/Ulbora/Six910-ui/contsrv/contentService.go:126.16,129.17 3 1
github.com/Ulbora/Six910-ui/contsrv/contentService.go:129.17,131.19 2 1
github.com/Ulbora/Six910-ui/contsrv/contentService.go:131.19,134.36 3 1
github.com/Ulbora/Six910-ui/contsrv/contentService.go:137.5,143.15 4 1
github.com/Ulbora/Six910-ui/contsrv/contentService.go:134.36,136.6 1 1
github.com/Ulbora/Six910-ui/contsrv/contentService.go:151.64,155.22 3 1
github.com/Ulbora/Six910-ui/contsrv/contentService.go:177.2,177.13 1 1
github.com/Ulbora/Six910-ui/contsrv/contentService.go:155.22,159.17 4 1
github.com/Ulbora/Six910-ui/contsrv/contentService.go:159.17,160.32 1 1
github.com/Ulbora/Six910-ui/contsrv/contentService.go:160.32,161.13 1 1
github.com/Ulbora/Six910-ui/contsrv/contentService.go:162.10,165.20 3 1
github.com/Ulbora/Six910-ui/contsrv/contentService.go:165.20,168.37 3 1
github.com/Ulbora/Six910-ui/contsrv/contentService.go:171.6,172.27 2 1
github.com/Ulbora/Six910-ui/contsrv/contentService.go:168.37,170.7 1 1
github.com/Ulbora/Six910-ui/contsrv/contentService.go:181.59,184.9 3 1
github.com/Ulbora/Six910-ui/contsrv/contentService.go:188.2,188.12 1 1
github.com/Ulbora/Six910-ui/contsrv/contentService.go:184.9,187.3 2 1
github.com/Ulbora/Six910-ui/contsrv/contentService.go:192.33,195.34 3 1
github.com/Ulbora/Six910-ui/contsrv/contentService.go:207.2,207.16 1 1
github.com/Ulbora/Six910-ui/contsrv/contentService.go:195.34,200.10 5 1
github.com/Ulbora/Six910-ui/contsrv/contentService.go:200.10,205.4 4 1
github.com/Ulbora/Six910-ui/contsrv/contentService.go:211.33,214.30 3 1
github.com/Ulbora/Six910-ui/contsrv/contentService.go:214.30,216.3 1 1
github.com/Ulbora/Six910-ui/contsrv/reCaptcha.go:26.68,28.19 2 1
github.com/Ulbora/Six910-ui/contsrv/reCaptcha.go:41.2,42.12 2 1
github.com/Ulbora/Six910-ui/contsrv/reCaptcha.go:28.19,32.3 2 1
github.com/Ulbora/Six910-ui/contsrv/reCaptcha.go:32.8,36.18 3 1
github.com/Ulbora/Six910-ui/contsrv/reCaptcha.go:36.18,39.4 2 1
github.com/Ulbora/Six910-ui/contsrv/reCaptcha.go:45.81,51.17 6 1
github.com/Ulbora/Six910-ui/contsrv/reCaptcha.go:59.2,60.13 2 1
github.com/Ulbora/Six910-ui/contsrv/reCaptcha.go:51.17,56.3 4 1
github.com/Ulbora/Six910-ui/contsrv/reCaptcha.go:56.8,58.3 1 1
github.com/Ulbora/Six910-ui/contsrv/reCaptcha.go:63.81,66.17 3 1
github.com/Ulbora/Six910-ui/contsrv/reCaptcha.go:79.2,80.12 2 1
github.com/Ulbora/Six910-ui/contsrv/reCaptcha.go:66.17,69.17 3 1
github.com/Ulbora/Six910-ui/contsrv/reCaptcha.go:73.3,73.17 1 1
github.com/Ulbora/Six910-ui/contsrv/reCaptcha.go:69.17,72.4 2 1
github.com/Ulbora/Six910-ui/contsrv/reCaptcha.go:73.17,75.4 1 1
github.com/Ulbora/Six910-ui/contsrv/reCaptcha.go:76.8,78.3 1 1
