mode: set
github.com/Ulbora/Six910-ui/usersrv/userService.go:59.35,61.2 1 1
github.com/Ulbora/Six910-ui/usersrv/userService.go:71.36,73.2 1 1
github.com/Ulbora/Six910-ui/usersrv/userService.go:90.37,92.2 1 1
github.com/Ulbora/Six910-ui/usersrv/userService.go:131.62,136.16 5 1
github.com/Ulbora/Six910-ui/usersrv/userService.go:150.2,150.12 1 1
github.com/Ulbora/Six910-ui/usersrv/userService.go:136.16,139.18 3 1
github.com/Ulbora/Six910-ui/usersrv/userService.go:139.18,148.4 7 1
github.com/Ulbora/Six910-ui/usersrv/userService.go:154.71,159.16 5 1
github.com/Ulbora/Six910-ui/usersrv/userService.go:173.2,173.12 1 1
github.com/Ulbora/Six910-ui/usersrv/userService.go:159.16,162.18 3 1
github.com/Ulbora/Six910-ui/usersrv/userService.go:162.18,171.4 7 1
github.com/Ulbora/Six910-ui/usersrv/userService.go:177.84,183.17 6 1
github.com/Ulbora/Six910-ui/usersrv/userService.go:191.2,191.18 1 1
github.com/Ulbora/Six910-ui/usersrv/userService.go:183.17,190.3 5 1
github.com/Ulbora/Six910-ui/usersrv/userService.go:195.78,202.17 7 1
github.com/Ulbora/Six910-ui/usersrv/userService.go:212.2,212.19 1 1
github.com/Ulbora/Six910-ui/usersrv/userService.go:202.17,210.3 6 1
github.com/Ulbora/Six910-ui/usersrv/userService.go:216.52,218.2 1 1
github.com/Ulbora/Six910-ui/usersrv/userService.go:221.50,223.2 1 1
github.com/Ulbora/Six910-ui/usersrv/mockUserService.go:49.66,51.2 1 1
github.com/Ulbora/Six910-ui/usersrv/mockUserService.go:54.75,56.2 1 1
github.com/Ulbora/Six910-ui/usersrv/mockUserService.go:59.88,61.2 1 1
github.com/Ulbora/Six910-ui/usersrv/mockUserService.go:64.82,66.2 1 1
github.com/Ulbora/Six910-ui/usersrv/mockUserService.go:69.56,71.2 1 1
github.com/Ulbora/Six910-ui/usersrv/mockUserService.go:74.54,76.2 1 1
