mode: set
github.com/Ulbora/Six910-ui/templatesrv/templateFileService.go:40.67,43.12 3 1
github.com/Ulbora/Six910-ui/templatesrv/templateFileService.go:83.2,83.12 1 1
github.com/Ulbora/Six910-ui/templatesrv/templateFileService.go:43.12,47.18 4 1
github.com/Ulbora/Six910-ui/templatesrv/templateFileService.go:47.18,50.19 3 1
github.com/Ulbora/Six910-ui/templatesrv/templateFileService.go:50.19,54.21 4 1
github.com/Ulbora/Six910-ui/templatesrv/templateFileService.go:54.21,58.22 4 1
github.com/Ulbora/Six910-ui/templatesrv/templateFileService.go:72.6,76.21 5 1
github.com/Ulbora/Six910-ui/templatesrv/templateFileService.go:58.22,60.11 2 1
github.com/Ulbora/Six910-ui/templatesrv/templateFileService.go:60.11,63.25 3 1
github.com/Ulbora/Six910-ui/templatesrv/templateFileService.go:66.8,69.69 4 1
github.com/Ulbora/Six910-ui/templatesrv/templateFileService.go:63.25,64.14 1 1
github.com/Ulbora/Six910-ui/templatesrv/templateFileService.go:76.21,78.7 1 1
github.com/Ulbora/Six910-ui/templatesrv/templateFileService.go:87.73,93.16 6 1
github.com/Ulbora/Six910-ui/templatesrv/templateFileService.go:96.2,96.12 1 1
github.com/Ulbora/Six910-ui/templatesrv/templateFileService.go:93.16,95.3 1 1
github.com/Ulbora/Six910-ui/templatesrv/templateService.go:39.109,54.2 10 1
github.com/Ulbora/Six910-ui/templatesrv/templateService.go:57.65,60.34 3 1
github.com/Ulbora/Six910-ui/templatesrv/templateService.go:69.2,69.12 1 1
github.com/Ulbora/Six910-ui/templatesrv/templateService.go:60.34,64.19 4 1
github.com/Ulbora/Six910-ui/templatesrv/templateService.go:64.19,67.4 2 1
github.com/Ulbora/Six910-ui/templatesrv/templateService.go:73.64,77.22 3 1
github.com/Ulbora/Six910-ui/templatesrv/templateService.go:86.2,86.12 1 1
github.com/Ulbora/Six910-ui/templatesrv/templateService.go:77.22,81.29 4 1
github.com/Ulbora/Six910-ui/templatesrv/templateService.go:81.29,83.9 2 1
github.com/Ulbora/Six910-ui/templatesrv/templateService.go:90.63,94.22 3 1
github.com/Ulbora/Six910-ui/templatesrv/templateService.go:103.2,103.13 1 1
github.com/Ulbora/Six910-ui/templatesrv/templateService.go:94.22,98.17 4 1
github.com/Ulbora/Six910-ui/templatesrv/templateService.go:98.17,101.4 2 1
github.com/Ulbora/Six910-ui/templatesrv/templateService.go:107.68,111.22 3 1
github.com/Ulbora/Six910-ui/templatesrv/templateService.go:120.2,121.18 2 1
github.com/Ulbora/Six910-ui/templatesrv/templateService.go:131.2,131.12 1 1
github.com/Ulbora/Six910-ui/templatesrv/templateService.go:111.22,115.17 4 1
github.com/Ulbora/Six910-ui/templatesrv/templateService.go:115.17,118.4 2 1
github.com/Ulbora/Six910-ui/templatesrv/templateService.go:121.18,125.17 4 1
github.com/Ulbora/Six910-ui/templatesrv/templateService.go:125.17,129.4 3 1
github.com/Ulbora/Six910-ui/templatesrv/templateService.go:135.66,138.19 3 1
github.com/Ulbora/Six910-ui/templatesrv/templateService.go:149.2,149.12 1 1
github.com/Ulbora/Six910-ui/templatesrv/templateService.go:138.19,142.17 4 1
github.com/Ulbora/Six910-ui/templatesrv/templateService.go:142.17,143.17 1 1
github.com/Ulbora/Six910-ui/templatesrv/templateService.go:143.17,146.5 2 1
github.com/Ulbora/Six910-ui/templatesrv/service.go:58.58,60.2 1 1
github.com/Ulbora/Six910-ui/templatesrv/service.go:62.100,66.20 4 1
github.com/Ulbora/Six910-ui/templatesrv/service.go:91.2,91.12 1 1
github.com/Ulbora/Six910-ui/templatesrv/service.go:67.19,71.12 4 1
github.com/Ulbora/Six910-ui/templatesrv/service.go:72.19,77.18 5 1
github.com/Ulbora/Six910-ui/templatesrv/service.go:77.18,82.19 5 1
github.com/Ulbora/Six910-ui/templatesrv/service.go:82.19,88.5 5 1
