mode: set
github.com/Ulbora/Six910-ui/findfflsrv/findFflService.go:81.45,85.2 3 1
github.com/Ulbora/Six910-ui/findfflsrv/findFflService.go:88.52,90.2 1 1
github.com/Ulbora/Six910-ui/findfflsrv/findFflService.go:93.69,102.16 8 1
github.com/Ulbora/Six910-ui/findfflsrv/findFflService.go:119.2,119.19 1 1
github.com/Ulbora/Six910-ui/findfflsrv/findFflService.go:102.16,108.18 4 1
github.com/Ulbora/Six910-ui/findfflsrv/findFflService.go:108.18,116.4 4 1
github.com/Ulbora/Six910-ui/findfflsrv/findFflService.go:123.59,132.16 8 1
github.com/Ulbora/Six910-ui/findfflsrv/findFflService.go:148.2,148.19 1 1
github.com/Ulbora/Six910-ui/findfflsrv/findFflService.go:132.16,138.18 4 1
github.com/Ulbora/Six910-ui/findfflsrv/findFflService.go:138.18,146.4 4 1
