mode: set
github.com/Ulbora/Six910-ui/findfflsrv/findFflService.go:81.45,85.2 3 1
github.com/Ulbora/Six910-ui/findfflsrv/findFflService.go:88.52,90.2 1 1
github.com/Ulbora/Six910-ui/findfflsrv/findFflService.go:93.69,102.16 8 1
github.com/Ulbora/Six910-ui/findfflsrv/findFflService.go:118.2,118.19 1 1
github.com/Ulbora/Six910-ui/findfflsrv/findFflService.go:102.16,108.18 4 1
github.com/Ulbora/Six910-ui/findfflsrv/findFflService.go:108.18,116.4 4 1
github.com/Ulbora/Six910-ui/findfflsrv/findFflService.go:122.59,131.17 8 1
github.com/Ulbora/Six910-ui/findfflsrv/findFflService.go:147.2,147.19 1 1
github.com/Ulbora/Six910-ui/findfflsrv/findFflService.go:131.17,137.19 4 1
github.com/Ulbora/Six910-ui/findfflsrv/findFflService.go:137.19,145.4 4 1
